#
# There is insufficient memory for the Java Runtime Environment to continue.
# Native memory allocation (mmap) failed to map 419430400 bytes for Failed to commit area from 0x0000000095400000 to 0x00000000ae400000 of length 419430400.
# Possible reasons:
#   The system is out of physical RAM or swap space
#   The process is running with CompressedOops enabled, and the Java Heap may be blocking the growth of the native heap
# Possible solutions:
#   Reduce memory load on the system
#   Increase physical memory or swap space
#   Check if swap backing store is full
#   Decrease Java heap size (-Xmx/-Xms)
#   Decrease number of Java threads
#   Decrease Java thread stack sizes (-Xss)
#   Set larger code cache with -XX:ReservedCodeCacheSize=
#   JVM is running with Unscaled Compressed Oops mode in which the Java heap is
#     placed in the first 4GB address space. The Java Heap base address is the
#     maximum limit for the native heap growth. Please use -XX:HeapBaseMinAddress
#     to set the Java Heap base and to place the Java Heap above 4GB virtual address.
# This output file may be truncated or incomplete.
#
#  Out of Memory Error (./src/hotspot/os/windows/os_windows.cpp:3301), pid=2504, tid=3964
#
# JRE version: OpenJDK Runtime Environment (11.0.10) (build 11.0.10+0-b96-7249189)
# Java VM: OpenJDK 64-Bit Server VM (11.0.10+0-b96-7249189, mixed mode, tiered, compressed oops, g1 gc, windows-amd64)
# No core dump will be written. Minidumps are not enabled by default on client versions of Windows
#

---------------  S U M M A R Y ------------

Command Line: --add-opens=java.base/java.util=ALL-UNNAMED --add-opens=java.base/java.lang=ALL-UNNAMED --add-opens=java.base/java.lang.invoke=ALL-UNNAMED --add-opens=java.base/java.util=ALL-UNNAMED --add-opens=java.prefs/java.util.prefs=ALL-UNNAMED --add-opens=java.prefs/java.util.prefs=ALL-UNNAMED --add-opens=java.base/java.nio.charset=ALL-UNNAMED --add-opens=java.base/java.net=ALL-UNNAMED --add-opens=java.base/java.util.concurrent.atomic=ALL-UNNAMED -Xmx2048m -Dfile.encoding=UTF-8 -Duser.country=US -Duser.language=en -Duser.variant org.gradle.launcher.daemon.bootstrap.GradleDaemon 7.0.2

Host: Intel(R) Core(TM)2 Duo CPU     T6500  @ 2.10GHz, 2 cores, 2G,  Windows 7 , 64 bit Build 7601 (6.1.7601.17514)
Time: Fri Sep 24 03:49:53 2021 Malay Peninsula Standard Time elapsed time: 382.867617 seconds (0d 0h 6m 22s)

---------------  T H R E A D  ---------------

Current thread (0x000000005d215800):  VMThread "VM Thread" [stack: 0x000000005d350000,0x000000005d450000] [id=3964]

Stack: [0x000000005d350000,0x000000005d450000]
[error occurred during error reporting (printing stack bounds), id 0xc0000005, EXCEPTION_ACCESS_VIOLATION (0xc0000005) at pc=0x0000000006110f3d]

Native frames: (J=compiled Java code, j=interpreted, Vv=VM code, C=native code)
V  [jvm.dll+0x5ecfaa]
V  [jvm.dll+0x722bd5]
V  [jvm.dll+0x72412d]
V  [jvm.dll+0x724745]
V  [jvm.dll+0x7246fb]
V  [jvm.dll+0x5ec348]
V  [jvm.dll+0x5ecad8]
C  [ntdll.dll+0x29d0d]
C  [ntdll.dll+0x191af]
C  [ntdll.dll+0x51278]
C  0x0000000006110f3d

VM_Operation (0x0000000062592cc0): G1CollectForAllocation, mode: safepoint, requested by thread 0x000000006044d000


---------------  P R O C E S S  ---------------

Threads class SMR info:
_java_thread_list=0x00000000676a3c20, length=47, elements={
0x0000000000262800, 0x000000005d219000, 0x000000005d21b000, 0x000000005d232000,
0x000000005d235000, 0x000000005d237800, 0x000000005d23e800, 0x000000005d25e000,
0x000000005d260800, 0x000000005e12b000, 0x000000005f650800, 0x00000000600ec000,
0x000000005f60e800, 0x000000005ef2f800, 0x000000005d2b6800, 0x000000005f26a000,
0x000000006044d000, 0x000000006044f000, 0x0000000060720800, 0x0000000060721000,
0x0000000060722000, 0x0000000060722800, 0x000000005e407000, 0x000000005e407800,
0x000000005e408800, 0x000000005e409800, 0x000000005e40a000, 0x000000005e40b000,
0x000000005e40b800, 0x000000005e40d800, 0x0000000061516000, 0x0000000061517000,
0x0000000061518800, 0x0000000061519800, 0x000000006151a000, 0x000000006151b000,
0x000000006151c000, 0x00000000615f0800, 0x00000000615f1800, 0x00000000615f2000,
0x00000000615f3000, 0x00000000615f4800, 0x00000000615f5800, 0x00000000615f6800,
0x00000000615f7000, 0x0000000069288000, 0x00000000615f4000
}

Java Threads: ( => current thread )
  0x0000000000262800 JavaThread "main" [_thread_blocked, id=2248, stack(0x0000000002160000,0x0000000002260000)]
  0x000000005d219000 JavaThread "Reference Handler" daemon [_thread_blocked, id=708, stack(0x000000005d4d0000,0x000000005d5d0000)]
  0x000000005d21b000 JavaThread "Finalizer" daemon [_thread_blocked, id=4004, stack(0x000000005d600000,0x000000005d700000)]
  0x000000005d232000 JavaThread "Signal Dispatcher" daemon [_thread_blocked, id=3492, stack(0x000000005d830000,0x000000005d930000)]
  0x000000005d235000 JavaThread "Attach Listener" daemon [_thread_blocked, id=2940, stack(0x000000005da50000,0x000000005db50000)]
  0x000000005d237800 JavaThread "Service Thread" daemon [_thread_blocked, id=2820, stack(0x000000005dcf0000,0x000000005ddf0000)]
  0x000000005d23e800 JavaThread "C2 CompilerThread0" daemon [_thread_blocked, id=3508, stack(0x000000005db90000,0x000000005dc90000)]
  0x000000005d25e000 JavaThread "C1 CompilerThread0" daemon [_thread_blocked, id=2736, stack(0x000000005df80000,0x000000005e080000)]
  0x000000005d260800 JavaThread "Sweeper thread" daemon [_thread_blocked, id=1492, stack(0x000000005de80000,0x000000005df80000)]
  0x000000005e12b000 JavaThread "Common-Cleaner" daemon [_thread_blocked, id=3372, stack(0x000000005e600000,0x000000005e700000)]
  0x000000005f650800 JavaThread "Daemon health stats" [_thread_blocked, id=1036, stack(0x000000005e950000,0x000000005ea50000)]
  0x00000000600ec000 JavaThread "Incoming local TCP Connector on port 49446" [_thread_in_native, id=2312, stack(0x0000000061b90000,0x0000000061c90000)]
  0x000000005f60e800 JavaThread "Daemon periodic checks" [_thread_blocked, id=168, stack(0x0000000061ee0000,0x0000000061fe0000)]
  0x000000005ef2f800 JavaThread "Daemon" [_thread_blocked, id=3324, stack(0x0000000062130000,0x0000000062230000)]
  0x000000005d2b6800 JavaThread "Handler for socket connection from /127.0.0.1:49446 to /127.0.0.1:49447" [_thread_in_native, id=2616, stack(0x00000000622d0000,0x00000000623d0000)]
  0x000000005f26a000 JavaThread "Cancel handler" [_thread_blocked, id=1628, stack(0x0000000061910000,0x0000000061a10000)]
  0x000000006044d000 JavaThread "Daemon worker" [_thread_blocked, id=1288, stack(0x00000000624a0000,0x00000000625a0000)]
  0x000000006044f000 JavaThread "Asynchronous log dispatcher for DefaultDaemonConnection: socket connection from /127.0.0.1:49446 to /127.0.0.1:49447" [_thread_blocked, id=3536, stack(0x0000000062600000,0x0000000062700000)]
  0x0000000060720800 JavaThread "Daemon client event forwarder" [_thread_blocked, id=3200, stack(0x0000000062890000,0x0000000062990000)]
  0x0000000060721000 JavaThread "Cache worker for file hash cache (C:\Users\Anu\.gradle\caches\7.0.2\fileHashes)" [_thread_blocked, id=436, stack(0x0000000062770000,0x0000000062870000)]
  0x0000000060722000 JavaThread "File lock request listener" [_thread_in_native, id=1368, stack(0x0000000061ff0000,0x00000000620f0000)]
  0x0000000060722800 JavaThread "Cache worker for journal cache (C:\Users\Anu\.gradle\caches\journal-1)" [_thread_blocked, id=220, stack(0x0000000062e60000,0x0000000062f60000)]
  0x000000005e407000 JavaThread "Cache worker for file hash cache (F:\SgMobileData\.gradle\7.0.2\fileHashes)" [_thread_blocked, id=3468, stack(0x0000000064540000,0x0000000064640000)]
  0x000000005e407800 JavaThread "File watcher server" daemon [_thread_blocked, id=2268, stack(0x0000000064830000,0x0000000064930000)]
  0x000000005e408800 JavaThread "File watcher consumer" daemon [_thread_blocked, id=2896, stack(0x0000000064980000,0x0000000064a80000)]
  0x000000005e409800 JavaThread "Cache worker for checksums cache (F:\SgMobileData\.gradle\checksums)" [_thread_blocked, id=1388, stack(0x0000000064d30000,0x0000000064e30000)]
  0x000000005e40a000 JavaThread "Cache worker for cache directory md-supplier (C:\Users\Anu\.gradle\caches\7.0.2\md-supplier)" [_thread_blocked, id=3752, stack(0x0000000064680000,0x0000000064780000)]
  0x000000005e40b000 JavaThread "Cache worker for cache directory md-rule (C:\Users\Anu\.gradle\caches\7.0.2\md-rule)" [_thread_blocked, id=2108, stack(0x0000000065130000,0x0000000065230000)]
  0x000000005e40b800 JavaThread "Cache worker for execution history cache (C:\Users\Anu\.gradle\caches\7.0.2\executionHistory)" [_thread_blocked, id=752, stack(0x00000000653f0000,0x00000000654f0000)]
  0x000000005e40d800 JavaThread "jar transforms" [_thread_blocked, id=2596, stack(0x0000000065cd0000,0x0000000065dd0000)]
  0x0000000061516000 JavaThread "jar transforms Thread 2" [_thread_blocked, id=3780, stack(0x0000000065fd0000,0x00000000660d0000)]
  0x0000000061517000 JavaThread "Cache worker for file content cache (C:\Users\Anu\.gradle\caches\7.0.2\fileContent)" [_thread_blocked, id=3368, stack(0x00000000652c0000,0x00000000653c0000)]
  0x0000000061518800 JavaThread "Cache worker for dependencies-accessors (F:\SgMobileData\.gradle\7.0.2\dependencies-accessors)" [_thread_blocked, id=3936, stack(0x0000000065bd0000,0x0000000065cd0000)]
  0x0000000061519800 JavaThread "Cache worker for Build Output Cleanup Cache (F:\SgMobileData\.gradle\buildOutputCleanup)" [_thread_blocked, id=3360, stack(0x00000000667e0000,0x00000000668e0000)]
  0x000000006151a000 JavaThread "Build operations" [_thread_blocked, id=1652, stack(0x0000000066af0000,0x0000000066bf0000)]
  0x000000006151b000 JavaThread "Build operations Thread 2" [_thread_blocked, id=2264, stack(0x0000000066d10000,0x0000000066e10000)]
  0x000000006151c000 JavaThread "Memory manager" [_thread_blocked, id=3948, stack(0x00000000688c0000,0x00000000689c0000)]
  0x00000000615f0800 JavaThread "build event listener" [_thread_blocked, id=2300, stack(0x00000000631b0000,0x00000000632b0000)]
  0x00000000615f1800 JavaThread "Execution worker for ':'" [_thread_blocked, id=3312, stack(0x000000006aba0000,0x000000006aca0000)]
  0x00000000615f2000 JavaThread "Cache worker for execution history cache (F:\SgMobileData\.gradle\7.0.2\executionHistory)" [_thread_blocked, id=2092, stack(0x0000000066c00000,0x0000000066d00000)]
  0x00000000615f3000 JavaThread "WorkerExecutor Queue" [_thread_blocked, id=1384, stack(0x00000000666d0000,0x00000000667d0000)]
  0x00000000615f4800 JavaThread "pool-3-thread-1" [_thread_blocked, id=3152, stack(0x000000006b4c0000,0x000000006b5c0000)]
  0x00000000615f5800 JavaThread "stderr" [_thread_in_native, id=2116, stack(0x000000005e720000,0x000000005e820000)]
  0x00000000615f6800 JavaThread "stdout" [_thread_in_native, id=2160, stack(0x000000006c590000,0x000000006c690000)]
  0x00000000615f7000 JavaThread "stderr" [_thread_in_native, id=2276, stack(0x000000006c720000,0x000000006c820000)]
  0x0000000069288000 JavaThread "stdout" [_thread_in_native, id=3760, stack(0x000000006c8b0000,0x000000006c9b0000)]
  0x00000000615f4000 JavaThread "WorkerExecutor Queue Thread 3" [_thread_blocked, id=3660, stack(0x000000006c480000,0x000000006c580000)]

Other Threads:
=>0x000000005d215800 VMThread "VM Thread" [stack: 0x000000005d350000,0x000000005d450000] [id=3964]
  0x000000005e15a800 WatcherThread [stack: 0x000000005e830000,0x000000005e930000] [id=1512]
  0x000000000027a800 GCTaskThread "GC Thread#0" [stack: 0x0000000015320000,0x0000000015420000] [id=2640]
  0x000000005e1e8800 GCTaskThread "GC Thread#1" [stack: 0x000000005e4a0000,0x000000005e5a0000] [id=1596]
  0x00000000002ab000 ConcurrentGCThread "G1 Main Marker" [stack: 0x000000001a260000,0x000000001a360000] [id=1984]
  0x00000000002ac000 ConcurrentGCThread "G1 Conc#0" [stack: 0x000000001a160000,0x000000001a260000] [id=2456]
  0x00000000002f3000 ConcurrentGCThread "G1 Refine#0" [stack: 0x000000001c610000,0x000000001c710000] [id=1996]
  0x00000000002f4800 ConcurrentGCThread "G1 Young RemSet Sampling" [stack: 0x000000001c750000,0x000000001c850000] [id=3512]

Threads with active compile tasks:
C2 CompilerThread0 383361 18189       4       com.android.tools.r8.graph.H::a (1035 bytes)

VM state:at safepoint (normal execution)

VM Mutex/Monitor currently owned by a thread:  ([mutex/lock_event])
[0x000000000025eae0] Threads_lock - owner thread: 0x000000005d215800
[0x000000000025f2c0] Heap_lock - owner thread: 0x000000006044d000

Heap address: 0x0000000080000000, size: 2048 MB, Compressed Oops mode: 32-bit
Narrow klass base: 0x0000000000000000, Narrow klass shift: 0
Compressed class space size: 1073741824 Address: 0x000000001c850000

Heap:
 garbage-first heap   total 757760K, used 128241K [0x0000000080000000, 0x0000000100000000)
  region size 1024K, 10 young (10240K), 10 survivors (10240K)
 Metaspace       used 114282K, capacity 117057K, committed 117376K, reserved 1150976K
  class space    used 14376K, capacity 15417K, committed 15488K, reserved 1048576K
Heap Regions: E=young(eden), S=young(survivor), O=old, HS=humongous(starts), HC=humongous(continues), CS=collection set, F=free, A=archive, TAMS=top-at-mark-start (previous, next)
|   0|0x0000000080000000, 0x0000000080100000, 0x0000000080100000|100%| O|  |TAMS 0x0000000080100000, 0x0000000080000000| Untracked 
|   1|0x0000000080100000, 0x0000000080200000, 0x0000000080200000|100%| O|  |TAMS 0x0000000080200000, 0x0000000080100000| Untracked 
|   2|0x0000000080200000, 0x0000000080300000, 0x0000000080300000|100%| O|  |TAMS 0x0000000080300000, 0x0000000080200000| Untracked 
|   3|0x0000000080300000, 0x0000000080400000, 0x0000000080400000|100%| O|  |TAMS 0x0000000080400000, 0x0000000080300000| Untracked 
|   4|0x0000000080400000, 0x0000000080500000, 0x0000000080500000|100%|HS|  |TAMS 0x0000000080500000, 0x0000000080400000| Complete 
|   5|0x0000000080500000, 0x0000000080600000, 0x0000000080600000|100%|HC|  |TAMS 0x0000000080600000, 0x0000000080500000| Complete 
|   6|0x0000000080600000, 0x0000000080700000, 0x0000000080700000|100%|HC|  |TAMS 0x0000000080700000, 0x0000000080600000| Complete 
|   7|0x0000000080700000, 0x0000000080800000, 0x0000000080800000|100%| O|  |TAMS 0x0000000080800000, 0x0000000080700000| Untracked 
|   8|0x0000000080800000, 0x0000000080900000, 0x0000000080900000|100%| O|  |TAMS 0x0000000080900000, 0x0000000080800000| Untracked 
|   9|0x0000000080900000, 0x0000000080a00000, 0x0000000080a00000|100%| O|  |TAMS 0x0000000080a00000, 0x0000000080900000| Untracked 
|  10|0x0000000080a00000, 0x0000000080b00000, 0x0000000080b00000|100%| O|  |TAMS 0x0000000080b00000, 0x0000000080a00000| Untracked 
|  11|0x0000000080b00000, 0x0000000080c00000, 0x0000000080c00000|100%| O|  |TAMS 0x0000000080c00000, 0x0000000080b00000| Untracked 
|  12|0x0000000080c00000, 0x0000000080d00000, 0x0000000080d00000|100%| O|  |TAMS 0x0000000080d00000, 0x0000000080c00000| Untracked 
|  13|0x0000000080d00000, 0x0000000080e00000, 0x0000000080e00000|100%| O|  |TAMS 0x0000000080e00000, 0x0000000080d00000| Untracked 
|  14|0x0000000080e00000, 0x0000000080f00000, 0x0000000080f00000|100%| O|  |TAMS 0x0000000080f00000, 0x0000000080e00000| Untracked 
|  15|0x0000000080f00000, 0x0000000081000000, 0x0000000081000000|100%| O|  |TAMS 0x0000000081000000, 0x0000000080f00000| Untracked 
|  16|0x0000000081000000, 0x0000000081100000, 0x0000000081100000|100%| O|  |TAMS 0x0000000081100000, 0x0000000081000000| Untracked 
|  17|0x0000000081100000, 0x0000000081200000, 0x0000000081200000|100%| O|  |TAMS 0x0000000081200000, 0x0000000081100000| Untracked 
|  18|0x0000000081200000, 0x0000000081300000, 0x0000000081300000|100%| O|  |TAMS 0x0000000081300000, 0x0000000081200000| Untracked 
|  19|0x0000000081300000, 0x0000000081400000, 0x0000000081400000|100%| O|  |TAMS 0x0000000081400000, 0x0000000081300000| Untracked 
|  20|0x0000000081400000, 0x0000000081500000, 0x0000000081500000|100%| O|  |TAMS 0x0000000081500000, 0x0000000081400000| Untracked 
|  21|0x0000000081500000, 0x0000000081600000, 0x0000000081600000|100%| O|  |TAMS 0x0000000081600000, 0x0000000081500000| Untracked 
|  22|0x0000000081600000, 0x0000000081700000, 0x0000000081700000|100%| O|  |TAMS 0x0000000081700000, 0x0000000081600000| Untracked 
|  23|0x0000000081700000, 0x0000000081800000, 0x0000000081800000|100%| O|  |TAMS 0x0000000081800000, 0x0000000081700000| Untracked 
|  24|0x0000000081800000, 0x0000000081900000, 0x0000000081900000|100%| O|  |TAMS 0x0000000081900000, 0x0000000081800000| Untracked 
|  25|0x0000000081900000, 0x0000000081a00000, 0x0000000081a00000|100%| O|  |TAMS 0x0000000081a00000, 0x0000000081900000| Untracked 
|  26|0x0000000081a00000, 0x0000000081b00000, 0x0000000081b00000|100%| O|  |TAMS 0x0000000081b00000, 0x0000000081a00000| Untracked 
|  27|0x0000000081b00000, 0x0000000081c00000, 0x0000000081c00000|100%| O|  |TAMS 0x0000000081c00000, 0x0000000081b00000| Untracked 
|  28|0x0000000081c00000, 0x0000000081d00000, 0x0000000081d00000|100%| O|  |TAMS 0x0000000081d00000, 0x0000000081c00000| Untracked 
|  29|0x0000000081d00000, 0x0000000081e00000, 0x0000000081e00000|100%| O|  |TAMS 0x0000000081e00000, 0x0000000081d00000| Untracked 
|  30|0x0000000081e00000, 0x0000000081f00000, 0x0000000081f00000|100%|HS|  |TAMS 0x0000000081f00000, 0x0000000081e00000| Complete 
|  31|0x0000000081f00000, 0x0000000082000000, 0x0000000082000000|100%|HS|  |TAMS 0x0000000082000000, 0x0000000081f00000| Complete 
|  32|0x0000000082000000, 0x0000000082100000, 0x0000000082100000|100%| O|  |TAMS 0x0000000082100000, 0x0000000082000000| Untracked 
|  33|0x0000000082100000, 0x0000000082200000, 0x0000000082200000|100%| O|  |TAMS 0x0000000082200000, 0x0000000082100000| Untracked 
|  34|0x0000000082200000, 0x0000000082300000, 0x0000000082300000|100%|HS|  |TAMS 0x0000000082300000, 0x0000000082200000| Complete 
|  35|0x0000000082300000, 0x0000000082400000, 0x0000000082400000|100%| O|  |TAMS 0x0000000082400000, 0x0000000082300000| Untracked 
|  36|0x0000000082400000, 0x0000000082500000, 0x0000000082500000|100%|HS|  |TAMS 0x0000000082500000, 0x0000000082400000| Complete 
|  37|0x0000000082500000, 0x0000000082600000, 0x0000000082600000|100%|HC|  |TAMS 0x0000000082600000, 0x0000000082500000| Complete 
|  38|0x0000000082600000, 0x0000000082700000, 0x0000000082700000|100%|HC|  |TAMS 0x0000000082700000, 0x0000000082600000| Complete 
|  39|0x0000000082700000, 0x0000000082800000, 0x0000000082800000|100%| O|  |TAMS 0x0000000082800000, 0x0000000082700000| Untracked 
|  40|0x0000000082800000, 0x0000000082900000, 0x0000000082900000|100%| O|  |TAMS 0x0000000082900000, 0x0000000082800000| Untracked 
|  41|0x0000000082900000, 0x0000000082a00000, 0x0000000082a00000|100%| O|  |TAMS 0x0000000082a00000, 0x0000000082900000| Untracked 
|  42|0x0000000082a00000, 0x0000000082b00000, 0x0000000082b00000|100%|HS|  |TAMS 0x0000000082b00000, 0x0000000082a00000| Complete 
|  43|0x0000000082b00000, 0x0000000082c00000, 0x0000000082c00000|100%|HC|  |TAMS 0x0000000082c00000, 0x0000000082b00000| Complete 
|  44|0x0000000082c00000, 0x0000000082d00000, 0x0000000082d00000|100%| O|  |TAMS 0x0000000082d00000, 0x0000000082c00000| Untracked 
|  45|0x0000000082d00000, 0x0000000082e00000, 0x0000000082e00000|100%| O|  |TAMS 0x0000000082e00000, 0x0000000082d00000| Untracked 
|  46|0x0000000082e00000, 0x0000000082f00000, 0x0000000082f00000|100%| O|  |TAMS 0x0000000082f00000, 0x0000000082e00000| Untracked 
|  47|0x0000000082f00000, 0x0000000083000000, 0x0000000083000000|100%| O|  |TAMS 0x0000000083000000, 0x0000000082f00000| Untracked 
|  48|0x0000000083000000, 0x0000000083100000, 0x0000000083100000|100%| O|  |TAMS 0x000000008309bc00, 0x0000000083000000| Untracked 
|  49|0x0000000083100000, 0x0000000083100000, 0x0000000083200000|  0%| F|  |TAMS 0x0000000083100000, 0x0000000083100000| Untracked 
|  50|0x0000000083200000, 0x0000000083300000, 0x0000000083300000|100%| O|  |TAMS 0x0000000083300000, 0x0000000083200000| Untracked 
|  51|0x0000000083300000, 0x0000000083400000, 0x0000000083400000|100%| O|  |TAMS 0x0000000083400000, 0x0000000083300000| Untracked 
|  52|0x0000000083400000, 0x0000000083500000, 0x0000000083500000|100%| O|  |TAMS 0x0000000083500000, 0x0000000083400000| Untracked 
|  53|0x0000000083500000, 0x0000000083600000, 0x0000000083600000|100%| O|  |TAMS 0x0000000083600000, 0x0000000083500000| Untracked 
|  54|0x0000000083600000, 0x0000000083700000, 0x0000000083700000|100%| O|  |TAMS 0x0000000083700000, 0x0000000083600000| Untracked 
|  55|0x0000000083700000, 0x0000000083800000, 0x0000000083800000|100%| O|  |TAMS 0x0000000083800000, 0x0000000083700000| Untracked 
|  56|0x0000000083800000, 0x0000000083900000, 0x0000000083900000|100%| O|  |TAMS 0x0000000083900000, 0x0000000083800000| Untracked 
|  57|0x0000000083900000, 0x0000000083a00000, 0x0000000083a00000|100%| O|  |TAMS 0x0000000083a00000, 0x0000000083900000| Untracked 
|  58|0x0000000083a00000, 0x0000000083b00000, 0x0000000083b00000|100%| O|  |TAMS 0x0000000083b00000, 0x0000000083a00000| Untracked 
|  59|0x0000000083b00000, 0x0000000083c00000, 0x0000000083c00000|100%| O|  |TAMS 0x0000000083c00000, 0x0000000083b00000| Untracked 
|  60|0x0000000083c00000, 0x0000000083d00000, 0x0000000083d00000|100%| O|  |TAMS 0x0000000083d00000, 0x0000000083c00000| Untracked 
|  61|0x0000000083d00000, 0x0000000083e00000, 0x0000000083e00000|100%| O|  |TAMS 0x0000000083e00000, 0x0000000083d00000| Untracked 
|  62|0x0000000083e00000, 0x0000000083f00000, 0x0000000083f00000|100%| O|  |TAMS 0x0000000083f00000, 0x0000000083e00000| Untracked 
|  63|0x0000000083f00000, 0x0000000084000000, 0x0000000084000000|100%| O|  |TAMS 0x0000000084000000, 0x0000000083f00000| Untracked 
|  64|0x0000000084000000, 0x0000000084100000, 0x0000000084100000|100%| O|  |TAMS 0x0000000084100000, 0x0000000084000000| Untracked 
|  65|0x0000000084100000, 0x0000000084200000, 0x0000000084200000|100%| O|  |TAMS 0x0000000084200000, 0x0000000084100000| Untracked 
|  66|0x0000000084200000, 0x0000000084300000, 0x0000000084300000|100%| O|  |TAMS 0x0000000084300000, 0x0000000084200000| Untracked 
|  67|0x0000000084300000, 0x0000000084400000, 0x0000000084400000|100%| O|  |TAMS 0x0000000084400000, 0x0000000084300000| Untracked 
|  68|0x0000000084400000, 0x0000000084500000, 0x0000000084500000|100%| O|  |TAMS 0x0000000084500000, 0x0000000084400000| Untracked 
|  69|0x0000000084500000, 0x0000000084600000, 0x0000000084600000|100%| O|  |TAMS 0x0000000084600000, 0x0000000084500000| Untracked 
|  70|0x0000000084600000, 0x0000000084700000, 0x0000000084700000|100%| O|  |TAMS 0x0000000084700000, 0x0000000084600000| Untracked 
|  71|0x0000000084700000, 0x0000000084800000, 0x0000000084800000|100%| O|  |TAMS 0x0000000084800000, 0x0000000084700000| Untracked 
|  72|0x0000000084800000, 0x0000000084900000, 0x0000000084900000|100%| O|  |TAMS 0x0000000084900000, 0x0000000084800000| Untracked 
|  73|0x0000000084900000, 0x0000000084a00000, 0x0000000084a00000|100%| O|  |TAMS 0x0000000084a00000, 0x0000000084900000| Untracked 
|  74|0x0000000084a00000, 0x0000000084b00000, 0x0000000084b00000|100%| O|  |TAMS 0x0000000084b00000, 0x0000000084a00000| Untracked 
|  75|0x0000000084b00000, 0x0000000084c00000, 0x0000000084c00000|100%| O|  |TAMS 0x0000000084c00000, 0x0000000084b00000| Untracked 
|  76|0x0000000084c00000, 0x0000000084d00000, 0x0000000084d00000|100%| O|  |TAMS 0x0000000084d00000, 0x0000000084c00000| Untracked 
|  77|0x0000000084d00000, 0x0000000084e00000, 0x0000000084e00000|100%| O|  |TAMS 0x0000000084e00000, 0x0000000084d00000| Untracked 
|  78|0x0000000084e00000, 0x0000000084f00000, 0x0000000084f00000|100%| O|  |TAMS 0x0000000084f00000, 0x0000000084e00000| Untracked 
|  79|0x0000000084f00000, 0x0000000085000000, 0x0000000085000000|100%| O|  |TAMS 0x0000000085000000, 0x0000000084f00000| Untracked 
|  80|0x0000000085000000, 0x0000000085100000, 0x0000000085100000|100%| O|  |TAMS 0x0000000085100000, 0x0000000085000000| Untracked 
|  81|0x0000000085100000, 0x0000000085200000, 0x0000000085200000|100%| O|  |TAMS 0x0000000085200000, 0x0000000085100000| Untracked 
|  82|0x0000000085200000, 0x0000000085300000, 0x0000000085300000|100%| O|  |TAMS 0x0000000085300000, 0x0000000085200000| Untracked 
|  83|0x0000000085300000, 0x0000000085400000, 0x0000000085400000|100%| O|  |TAMS 0x0000000085400000, 0x0000000085300000| Untracked 
|  84|0x0000000085400000, 0x00000000854bc600, 0x0000000085500000| 73%| O|  |TAMS 0x0000000085400000, 0x0000000085400000| Untracked 
|  85|0x0000000085500000, 0x0000000085500000, 0x0000000085600000|  0%| F|  |TAMS 0x0000000085500000, 0x0000000085500000| Untracked 
|  86|0x0000000085600000, 0x0000000085700000, 0x0000000085700000|100%| O|  |TAMS 0x0000000085700000, 0x0000000085600000| Untracked 
|  87|0x0000000085700000, 0x0000000085800000, 0x0000000085800000|100%| O|  |TAMS 0x0000000085800000, 0x0000000085700000| Untracked 
|  88|0x0000000085800000, 0x0000000085900000, 0x0000000085900000|100%| O|  |TAMS 0x0000000085900000, 0x0000000085800000| Untracked 
|  89|0x0000000085900000, 0x0000000085a00000, 0x0000000085a00000|100%| O|  |TAMS 0x0000000085a00000, 0x0000000085900000| Untracked 
|  90|0x0000000085a00000, 0x0000000085b00000, 0x0000000085b00000|100%| O|  |TAMS 0x0000000085b00000, 0x0000000085a00000| Untracked 
|  91|0x0000000085b00000, 0x0000000085c00000, 0x0000000085c00000|100%| O|  |TAMS 0x0000000085c00000, 0x0000000085b00000| Untracked 
|  92|0x0000000085c00000, 0x0000000085c00000, 0x0000000085d00000|  0%| F|  |TAMS 0x0000000085c00000, 0x0000000085c00000| Untracked 
|  93|0x0000000085d00000, 0x0000000085e00000, 0x0000000085e00000|100%| O|  |TAMS 0x0000000085e00000, 0x0000000085d00000| Untracked 
|  94|0x0000000085e00000, 0x0000000085f00000, 0x0000000085f00000|100%| O|  |TAMS 0x0000000085f00000, 0x0000000085e00000| Untracked 
|  95|0x0000000085f00000, 0x0000000086000000, 0x0000000086000000|100%| O|  |TAMS 0x0000000086000000, 0x0000000085f00000| Untracked 
|  96|0x0000000086000000, 0x0000000086100000, 0x0000000086100000|100%| O|  |TAMS 0x0000000086100000, 0x0000000086000000| Untracked 
|  97|0x0000000086100000, 0x0000000086200000, 0x0000000086200000|100%| O|  |TAMS 0x0000000086200000, 0x0000000086100000| Untracked 
|  98|0x0000000086200000, 0x0000000086300000, 0x0000000086300000|100%| O|  |TAMS 0x0000000086300000, 0x0000000086200000| Untracked 
|  99|0x0000000086300000, 0x0000000086400000, 0x0000000086400000|100%| O|  |TAMS 0x0000000086400000, 0x0000000086300000| Untracked 
| 100|0x0000000086400000, 0x0000000086500000, 0x0000000086500000|100%| O|  |TAMS 0x0000000086500000, 0x0000000086400000| Untracked 
| 101|0x0000000086500000, 0x0000000086600000, 0x0000000086600000|100%| O|  |TAMS 0x0000000086600000, 0x0000000086500000| Untracked 
| 102|0x0000000086600000, 0x0000000086700000, 0x0000000086700000|100%| O|  |TAMS 0x0000000086700000, 0x0000000086600000| Untracked 
| 103|0x0000000086700000, 0x0000000086800000, 0x0000000086800000|100%| O|  |TAMS 0x0000000086800000, 0x0000000086700000| Untracked 
| 104|0x0000000086800000, 0x0000000086900000, 0x0000000086900000|100%| O|  |TAMS 0x0000000086900000, 0x0000000086800000| Untracked 
| 105|0x0000000086900000, 0x0000000086a00000, 0x0000000086a00000|100%| O|  |TAMS 0x0000000086a00000, 0x0000000086900000| Untracked 
| 106|0x0000000086a00000, 0x0000000086b00000, 0x0000000086b00000|100%| O|  |TAMS 0x0000000086b00000, 0x0000000086a00000| Untracked 
| 107|0x0000000086b00000, 0x0000000086c00000, 0x0000000086c00000|100%| O|  |TAMS 0x0000000086c00000, 0x0000000086b00000| Untracked 
| 108|0x0000000086c00000, 0x0000000086d00000, 0x0000000086d00000|100%| O|  |TAMS 0x0000000086d00000, 0x0000000086c00000| Untracked 
| 109|0x0000000086d00000, 0x0000000086e00000, 0x0000000086e00000|100%| O|  |TAMS 0x0000000086e00000, 0x0000000086d00000| Untracked 
| 110|0x0000000086e00000, 0x0000000086f00000, 0x0000000086f00000|100%| O|  |TAMS 0x0000000086f00000, 0x0000000086e00000| Untracked 
| 111|0x0000000086f00000, 0x0000000087000000, 0x0000000087000000|100%| O|  |TAMS 0x0000000087000000, 0x0000000086f00000| Untracked 
| 112|0x0000000087000000, 0x0000000087100000, 0x0000000087100000|100%| O|  |TAMS 0x0000000087100000, 0x0000000087000000| Untracked 
| 113|0x0000000087100000, 0x0000000087200000, 0x0000000087200000|100%| O|  |TAMS 0x0000000087200000, 0x0000000087100000| Untracked 
| 114|0x0000000087200000, 0x0000000087300000, 0x0000000087300000|100%| O|  |TAMS 0x0000000087300000, 0x0000000087200000| Untracked 
| 115|0x0000000087300000, 0x0000000087400000, 0x0000000087400000|100%| O|  |TAMS 0x0000000087400000, 0x0000000087300000| Untracked 
| 116|0x0000000087400000, 0x0000000087500000, 0x0000000087500000|100%| O|  |TAMS 0x0000000087500000, 0x0000000087400000| Untracked 
| 117|0x0000000087500000, 0x0000000087600000, 0x0000000087600000|100%| O|  |TAMS 0x0000000087600000, 0x0000000087500000| Untracked 
| 118|0x0000000087600000, 0x0000000087700000, 0x0000000087700000|100%| O|  |TAMS 0x0000000087700000, 0x0000000087600000| Untracked 
| 119|0x0000000087700000, 0x0000000087700000, 0x0000000087800000|  0%| F|  |TAMS 0x0000000087700000, 0x0000000087700000| Untracked 
| 120|0x0000000087800000, 0x0000000087800000, 0x0000000087900000|  0%| F|  |TAMS 0x0000000087800000, 0x0000000087800000| Untracked 
| 121|0x0000000087900000, 0x0000000087900000, 0x0000000087a00000|  0%| F|  |TAMS 0x0000000087900000, 0x0000000087900000| Untracked 
| 122|0x0000000087a00000, 0x0000000087a00000, 0x0000000087b00000|  0%| F|  |TAMS 0x0000000087a00000, 0x0000000087a00000| Untracked 
| 123|0x0000000087b00000, 0x0000000087b00000, 0x0000000087c00000|  0%| F|  |TAMS 0x0000000087b00000, 0x0000000087b00000| Untracked 
| 124|0x0000000087c00000, 0x0000000087c00000, 0x0000000087d00000|  0%| F|  |TAMS 0x0000000087c00000, 0x0000000087c00000| Untracked 
| 125|0x0000000087d00000, 0x0000000087d00000, 0x0000000087e00000|  0%| F|  |TAMS 0x0000000087d00000, 0x0000000087d00000| Untracked 
| 126|0x0000000087e00000, 0x0000000087e00000, 0x0000000087f00000|  0%| F|  |TAMS 0x0000000087e00000, 0x0000000087e00000| Untracked 
| 127|0x0000000087f00000, 0x0000000087f00000, 0x0000000088000000|  0%| F|  |TAMS 0x0000000087f00000, 0x0000000087f00000| Untracked 
| 128|0x0000000088000000, 0x0000000088000000, 0x0000000088100000|  0%| F|  |TAMS 0x0000000088000000, 0x0000000088000000| Untracked 
| 129|0x0000000088100000, 0x0000000088100000, 0x0000000088200000|  0%| F|  |TAMS 0x0000000088100000, 0x0000000088100000| Untracked 
| 130|0x0000000088200000, 0x0000000088200000, 0x0000000088300000|  0%| F|  |TAMS 0x0000000088200000, 0x0000000088200000| Untracked 
| 131|0x0000000088300000, 0x0000000088300000, 0x0000000088400000|  0%| F|  |TAMS 0x0000000088300000, 0x0000000088300000| Untracked 
| 132|0x0000000088400000, 0x0000000088400000, 0x0000000088500000|  0%| F|  |TAMS 0x0000000088400000, 0x0000000088400000| Untracked 
| 133|0x0000000088500000, 0x0000000088500000, 0x0000000088600000|  0%| F|  |TAMS 0x0000000088500000, 0x0000000088500000| Untracked 
| 134|0x0000000088600000, 0x0000000088600000, 0x0000000088700000|  0%| F|  |TAMS 0x0000000088600000, 0x0000000088600000| Untracked 
| 135|0x0000000088700000, 0x0000000088700000, 0x0000000088800000|  0%| F|  |TAMS 0x0000000088700000, 0x0000000088700000| Untracked 
| 136|0x0000000088800000, 0x0000000088800000, 0x0000000088900000|  0%| F|  |TAMS 0x0000000088800000, 0x0000000088800000| Untracked 
| 137|0x0000000088900000, 0x0000000088900000, 0x0000000088a00000|  0%| F|  |TAMS 0x0000000088900000, 0x0000000088900000| Untracked 
| 138|0x0000000088a00000, 0x0000000088a00000, 0x0000000088b00000|  0%| F|  |TAMS 0x0000000088a00000, 0x0000000088a00000| Untracked 
| 139|0x0000000088b00000, 0x0000000088b00000, 0x0000000088c00000|  0%| F|  |TAMS 0x0000000088b00000, 0x0000000088b00000| Untracked 
| 140|0x0000000088c00000, 0x0000000088c00000, 0x0000000088d00000|  0%| F|  |TAMS 0x0000000088c00000, 0x0000000088c00000| Untracked 
| 141|0x0000000088d00000, 0x0000000088d00000, 0x0000000088e00000|  0%| F|  |TAMS 0x0000000088d00000, 0x0000000088d00000| Untracked 
| 142|0x0000000088e00000, 0x0000000088e00000, 0x0000000088f00000|  0%| F|  |TAMS 0x0000000088e00000, 0x0000000088e00000| Untracked 
| 143|0x0000000088f00000, 0x0000000088f00000, 0x0000000089000000|  0%| F|  |TAMS 0x0000000088f00000, 0x0000000088f00000| Untracked 
| 144|0x0000000089000000, 0x0000000089000000, 0x0000000089100000|  0%| F|  |TAMS 0x0000000089000000, 0x0000000089000000| Untracked 
| 145|0x0000000089100000, 0x0000000089100000, 0x0000000089200000|  0%| F|  |TAMS 0x0000000089100000, 0x0000000089100000| Untracked 
| 146|0x0000000089200000, 0x0000000089200000, 0x0000000089300000|  0%| F|  |TAMS 0x0000000089200000, 0x0000000089200000| Untracked 
| 147|0x0000000089300000, 0x0000000089300000, 0x0000000089400000|  0%| F|  |TAMS 0x0000000089300000, 0x0000000089300000| Untracked 
| 148|0x0000000089400000, 0x0000000089400000, 0x0000000089500000|  0%| F|  |TAMS 0x0000000089400000, 0x0000000089400000| Untracked 
| 149|0x0000000089500000, 0x0000000089500000, 0x0000000089600000|  0%| F|  |TAMS 0x0000000089500000, 0x0000000089500000| Untracked 
| 150|0x0000000089600000, 0x0000000089600000, 0x0000000089700000|  0%| F|  |TAMS 0x0000000089600000, 0x0000000089600000| Untracked 
| 151|0x0000000089700000, 0x0000000089700000, 0x0000000089800000|  0%| F|  |TAMS 0x0000000089700000, 0x0000000089700000| Untracked 
| 152|0x0000000089800000, 0x0000000089800000, 0x0000000089900000|  0%| F|  |TAMS 0x0000000089800000, 0x0000000089800000| Untracked 
| 153|0x0000000089900000, 0x0000000089900000, 0x0000000089a00000|  0%| F|  |TAMS 0x0000000089900000, 0x0000000089900000| Untracked 
| 154|0x0000000089a00000, 0x0000000089a00000, 0x0000000089b00000|  0%| F|  |TAMS 0x0000000089a00000, 0x0000000089a00000| Untracked 
| 155|0x0000000089b00000, 0x0000000089b00000, 0x0000000089c00000|  0%| F|  |TAMS 0x0000000089b00000, 0x0000000089b00000| Untracked 
| 156|0x0000000089c00000, 0x0000000089c00000, 0x0000000089d00000|  0%| F|  |TAMS 0x0000000089c00000, 0x0000000089c00000| Untracked 
| 157|0x0000000089d00000, 0x0000000089d00000, 0x0000000089e00000|  0%| F|  |TAMS 0x0000000089d00000, 0x0000000089d00000| Untracked 
| 158|0x0000000089e00000, 0x0000000089e00000, 0x0000000089f00000|  0%| F|  |TAMS 0x0000000089e00000, 0x0000000089e00000| Untracked 
| 159|0x0000000089f00000, 0x0000000089f00000, 0x000000008a000000|  0%| F|  |TAMS 0x0000000089f00000, 0x0000000089f00000| Untracked 
| 160|0x000000008a000000, 0x000000008a000000, 0x000000008a100000|  0%| F|  |TAMS 0x000000008a000000, 0x000000008a000000| Untracked 
| 161|0x000000008a100000, 0x000000008a100000, 0x000000008a200000|  0%| F|  |TAMS 0x000000008a100000, 0x000000008a100000| Untracked 
| 162|0x000000008a200000, 0x000000008a200000, 0x000000008a300000|  0%| F|  |TAMS 0x000000008a200000, 0x000000008a200000| Untracked 
| 163|0x000000008a300000, 0x000000008a300000, 0x000000008a400000|  0%| F|  |TAMS 0x000000008a300000, 0x000000008a300000| Untracked 
| 164|0x000000008a400000, 0x000000008a400000, 0x000000008a500000|  0%| F|  |TAMS 0x000000008a400000, 0x000000008a400000| Untracked 
| 165|0x000000008a500000, 0x000000008a500000, 0x000000008a600000|  0%| F|  |TAMS 0x000000008a500000, 0x000000008a500000| Untracked 
| 166|0x000000008a600000, 0x000000008a600000, 0x000000008a700000|  0%| F|  |TAMS 0x000000008a600000, 0x000000008a600000| Untracked 
| 167|0x000000008a700000, 0x000000008a700000, 0x000000008a800000|  0%| F|  |TAMS 0x000000008a700000, 0x000000008a700000| Untracked 
| 168|0x000000008a800000, 0x000000008a800000, 0x000000008a900000|  0%| F|  |TAMS 0x000000008a800000, 0x000000008a800000| Untracked 
| 169|0x000000008a900000, 0x000000008a900000, 0x000000008aa00000|  0%| F|  |TAMS 0x000000008a900000, 0x000000008a900000| Untracked 
| 170|0x000000008aa00000, 0x000000008aa00000, 0x000000008ab00000|  0%| F|  |TAMS 0x000000008aa00000, 0x000000008aa00000| Untracked 
| 171|0x000000008ab00000, 0x000000008ab00000, 0x000000008ac00000|  0%| F|  |TAMS 0x000000008ab00000, 0x000000008ab00000| Untracked 
| 172|0x000000008ac00000, 0x000000008ac80000, 0x000000008ad00000| 50%| S|CS|TAMS 0x000000008ac00000, 0x000000008ac00000| Complete 
| 173|0x000000008ad00000, 0x000000008ae00000, 0x000000008ae00000|100%| S|CS|TAMS 0x000000008ad00000, 0x000000008ad00000| Complete 
| 174|0x000000008ae00000, 0x000000008af00000, 0x000000008af00000|100%| S|CS|TAMS 0x000000008ae00000, 0x000000008ae00000| Complete 
| 175|0x000000008af00000, 0x000000008b000000, 0x000000008b000000|100%| S|CS|TAMS 0x000000008af00000, 0x000000008af00000| Complete 
| 176|0x000000008b000000, 0x000000008b100000, 0x000000008b100000|100%| S|CS|TAMS 0x000000008b000000, 0x000000008b000000| Complete 
| 177|0x000000008b100000, 0x000000008b200000, 0x000000008b200000|100%| S|CS|TAMS 0x000000008b100000, 0x000000008b100000| Complete 
| 178|0x000000008b200000, 0x000000008b300000, 0x000000008b300000|100%| S|CS|TAMS 0x000000008b200000, 0x000000008b200000| Complete 
| 179|0x000000008b300000, 0x000000008b400000, 0x000000008b400000|100%| S|CS|TAMS 0x000000008b300000, 0x000000008b300000| Complete 
| 180|0x000000008b400000, 0x000000008b500000, 0x000000008b500000|100%| S|CS|TAMS 0x000000008b400000, 0x000000008b400000| Complete 
| 181|0x000000008b500000, 0x000000008b600000, 0x000000008b600000|100%| S|CS|TAMS 0x000000008b500000, 0x000000008b500000| Complete 
| 182|0x000000008b600000, 0x000000008b600000, 0x000000008b700000|  0%| F|  |TAMS 0x000000008b600000, 0x000000008b600000| Untracked 
| 183|0x000000008b700000, 0x000000008b700000, 0x000000008b800000|  0%| F|  |TAMS 0x000000008b700000, 0x000000008b700000| Untracked 
| 184|0x000000008b800000, 0x000000008b800000, 0x000000008b900000|  0%| F|  |TAMS 0x000000008b800000, 0x000000008b800000| Untracked 
| 185|0x000000008b900000, 0x000000008b900000, 0x000000008ba00000|  0%| F|  |TAMS 0x000000008b900000, 0x000000008b900000| Untracked 
| 186|0x000000008ba00000, 0x000000008ba00000, 0x000000008bb00000|  0%| F|  |TAMS 0x000000008ba00000, 0x000000008ba00000| Untracked 
| 187|0x000000008bb00000, 0x000000008bb00000, 0x000000008bc00000|  0%| F|  |TAMS 0x000000008bb00000, 0x000000008bb00000| Untracked 
| 188|0x000000008bc00000, 0x000000008bc00000, 0x000000008bd00000|  0%| F|  |TAMS 0x000000008bc00000, 0x000000008bc00000| Untracked 
| 189|0x000000008bd00000, 0x000000008bd00000, 0x000000008be00000|  0%| F|  |TAMS 0x000000008bd00000, 0x000000008bd00000| Untracked 
| 190|0x000000008be00000, 0x000000008be00000, 0x000000008bf00000|  0%| F|  |TAMS 0x000000008be00000, 0x000000008be00000| Untracked 
| 191|0x000000008bf00000, 0x000000008bf00000, 0x000000008c000000|  0%| F|  |TAMS 0x000000008bf00000, 0x000000008bf00000| Untracked 
| 192|0x000000008c000000, 0x000000008c000000, 0x000000008c100000|  0%| F|  |TAMS 0x000000008c000000, 0x000000008c000000| Untracked 
| 193|0x000000008c100000, 0x000000008c100000, 0x000000008c200000|  0%| F|  |TAMS 0x000000008c100000, 0x000000008c100000| Untracked 
| 194|0x000000008c200000, 0x000000008c200000, 0x000000008c300000|  0%| F|  |TAMS 0x000000008c200000, 0x000000008c200000| Untracked 
| 195|0x000000008c300000, 0x000000008c300000, 0x000000008c400000|  0%| F|  |TAMS 0x000000008c300000, 0x000000008c300000| Untracked 
| 196|0x000000008c400000, 0x000000008c400000, 0x000000008c500000|  0%| F|  |TAMS 0x000000008c400000, 0x000000008c400000| Untracked 
| 197|0x000000008c500000, 0x000000008c500000, 0x000000008c600000|  0%| F|  |TAMS 0x000000008c500000, 0x000000008c500000| Untracked 
| 198|0x000000008c600000, 0x000000008c600000, 0x000000008c700000|  0%| F|  |TAMS 0x000000008c600000, 0x000000008c600000| Untracked 
| 199|0x000000008c700000, 0x000000008c700000, 0x000000008c800000|  0%| F|  |TAMS 0x000000008c700000, 0x000000008c700000| Untracked 
| 200|0x000000008c800000, 0x000000008c800000, 0x000000008c900000|  0%| F|  |TAMS 0x000000008c800000, 0x000000008c800000| Untracked 
| 201|0x000000008c900000, 0x000000008c900000, 0x000000008ca00000|  0%| F|  |TAMS 0x000000008c900000, 0x000000008c900000| Untracked 
| 202|0x000000008ca00000, 0x000000008ca00000, 0x000000008cb00000|  0%| F|  |TAMS 0x000000008ca00000, 0x000000008ca00000| Untracked 
| 203|0x000000008cb00000, 0x000000008cb00000, 0x000000008cc00000|  0%| F|  |TAMS 0x000000008cb00000, 0x000000008cb00000| Untracked 
| 204|0x000000008cc00000, 0x000000008cc00000, 0x000000008cd00000|  0%| F|  |TAMS 0x000000008cc00000, 0x000000008cc00000| Untracked 
| 205|0x000000008cd00000, 0x000000008cd00000, 0x000000008ce00000|  0%| F|  |TAMS 0x000000008cd00000, 0x000000008cd00000| Untracked 
| 206|0x000000008ce00000, 0x000000008ce00000, 0x000000008cf00000|  0%| F|  |TAMS 0x000000008ce00000, 0x000000008ce00000| Untracked 
| 207|0x000000008cf00000, 0x000000008cf00000, 0x000000008d000000|  0%| F|  |TAMS 0x000000008cf00000, 0x000000008cf00000| Untracked 
| 208|0x000000008d000000, 0x000000008d000000, 0x000000008d100000|  0%| F|  |TAMS 0x000000008d000000, 0x000000008d000000| Untracked 
| 209|0x000000008d100000, 0x000000008d100000, 0x000000008d200000|  0%| F|  |TAMS 0x000000008d100000, 0x000000008d100000| Untracked 
| 210|0x000000008d200000, 0x000000008d200000, 0x000000008d300000|  0%| F|  |TAMS 0x000000008d200000, 0x000000008d200000| Untracked 
| 211|0x000000008d300000, 0x000000008d300000, 0x000000008d400000|  0%| F|  |TAMS 0x000000008d300000, 0x000000008d300000| Untracked 
| 212|0x000000008d400000, 0x000000008d400000, 0x000000008d500000|  0%| F|  |TAMS 0x000000008d400000, 0x000000008d400000| Untracked 
| 213|0x000000008d500000, 0x000000008d500000, 0x000000008d600000|  0%| F|  |TAMS 0x000000008d500000, 0x000000008d500000| Untracked 
| 214|0x000000008d600000, 0x000000008d600000, 0x000000008d700000|  0%| F|  |TAMS 0x000000008d600000, 0x000000008d600000| Untracked 
| 215|0x000000008d700000, 0x000000008d700000, 0x000000008d800000|  0%| F|  |TAMS 0x000000008d700000, 0x000000008d700000| Untracked 
| 216|0x000000008d800000, 0x000000008d800000, 0x000000008d900000|  0%| F|  |TAMS 0x000000008d800000, 0x000000008d800000| Untracked 
| 217|0x000000008d900000, 0x000000008d900000, 0x000000008da00000|  0%| F|  |TAMS 0x000000008d900000, 0x000000008d900000| Untracked 
| 218|0x000000008da00000, 0x000000008da00000, 0x000000008db00000|  0%| F|  |TAMS 0x000000008da00000, 0x000000008da00000| Untracked 
| 219|0x000000008db00000, 0x000000008db00000, 0x000000008dc00000|  0%| F|  |TAMS 0x000000008db00000, 0x000000008db00000| Untracked 
| 220|0x000000008dc00000, 0x000000008dc00000, 0x000000008dd00000|  0%| F|  |TAMS 0x000000008dc00000, 0x000000008dc00000| Untracked 
| 221|0x000000008dd00000, 0x000000008dd00000, 0x000000008de00000|  0%| F|  |TAMS 0x000000008dd00000, 0x000000008dd00000| Untracked 
| 222|0x000000008de00000, 0x000000008de00000, 0x000000008df00000|  0%| F|  |TAMS 0x000000008de00000, 0x000000008de00000| Untracked 
| 223|0x000000008df00000, 0x000000008df00000, 0x000000008e000000|  0%| F|  |TAMS 0x000000008df00000, 0x000000008df00000| Untracked 
| 224|0x000000008e000000, 0x000000008e000000, 0x000000008e100000|  0%| F|  |TAMS 0x000000008e000000, 0x000000008e000000| Untracked 
| 225|0x000000008e100000, 0x000000008e100000, 0x000000008e200000|  0%| F|  |TAMS 0x000000008e100000, 0x000000008e100000| Untracked 
| 226|0x000000008e200000, 0x000000008e200000, 0x000000008e300000|  0%| F|  |TAMS 0x000000008e200000, 0x000000008e200000| Untracked 
| 227|0x000000008e300000, 0x000000008e300000, 0x000000008e400000|  0%| F|  |TAMS 0x000000008e300000, 0x000000008e300000| Untracked 
| 228|0x000000008e400000, 0x000000008e400000, 0x000000008e500000|  0%| F|  |TAMS 0x000000008e400000, 0x000000008e400000| Untracked 
| 229|0x000000008e500000, 0x000000008e500000, 0x000000008e600000|  0%| F|  |TAMS 0x000000008e500000, 0x000000008e500000| Untracked 
| 230|0x000000008e600000, 0x000000008e600000, 0x000000008e700000|  0%| F|  |TAMS 0x000000008e600000, 0x000000008e600000| Untracked 
| 231|0x000000008e700000, 0x000000008e700000, 0x000000008e800000|  0%| F|  |TAMS 0x000000008e700000, 0x000000008e700000| Untracked 
| 232|0x000000008e800000, 0x000000008e800000, 0x000000008e900000|  0%| F|  |TAMS 0x000000008e800000, 0x000000008e800000| Untracked 
| 233|0x000000008e900000, 0x000000008e900000, 0x000000008ea00000|  0%| F|  |TAMS 0x000000008e900000, 0x000000008e900000| Untracked 
| 234|0x000000008ea00000, 0x000000008ea00000, 0x000000008eb00000|  0%| F|  |TAMS 0x000000008ea00000, 0x000000008ea00000| Untracked 
| 235|0x000000008eb00000, 0x000000008eb00000, 0x000000008ec00000|  0%| F|  |TAMS 0x000000008eb00000, 0x000000008eb00000| Untracked 
| 236|0x000000008ec00000, 0x000000008ec00000, 0x000000008ed00000|  0%| F|  |TAMS 0x000000008ec00000, 0x000000008ec00000| Untracked 
| 237|0x000000008ed00000, 0x000000008ed00000, 0x000000008ee00000|  0%| F|  |TAMS 0x000000008ed00000, 0x000000008ed00000| Untracked 
| 238|0x000000008ee00000, 0x000000008ee00000, 0x000000008ef00000|  0%| F|  |TAMS 0x000000008ee00000, 0x000000008ee00000| Untracked 
| 239|0x000000008ef00000, 0x000000008ef00000, 0x000000008f000000|  0%| F|  |TAMS 0x000000008ef00000, 0x000000008ef00000| Untracked 
| 240|0x000000008f000000, 0x000000008f000000, 0x000000008f100000|  0%| F|  |TAMS 0x000000008f000000, 0x000000008f000000| Untracked 
| 241|0x000000008f100000, 0x000000008f100000, 0x000000008f200000|  0%| F|  |TAMS 0x000000008f100000, 0x000000008f100000| Untracked 
| 242|0x000000008f200000, 0x000000008f200000, 0x000000008f300000|  0%| F|  |TAMS 0x000000008f200000, 0x000000008f200000| Untracked 
| 243|0x000000008f300000, 0x000000008f300000, 0x000000008f400000|  0%| F|  |TAMS 0x000000008f300000, 0x000000008f300000| Untracked 
| 244|0x000000008f400000, 0x000000008f400000, 0x000000008f500000|  0%| F|  |TAMS 0x000000008f400000, 0x000000008f400000| Untracked 
| 245|0x000000008f500000, 0x000000008f500000, 0x000000008f600000|  0%| F|  |TAMS 0x000000008f500000, 0x000000008f500000| Untracked 
| 246|0x000000008f600000, 0x000000008f600000, 0x000000008f700000|  0%| F|  |TAMS 0x000000008f600000, 0x000000008f600000| Untracked 
| 247|0x000000008f700000, 0x000000008f700000, 0x000000008f800000|  0%| F|  |TAMS 0x000000008f700000, 0x000000008f700000| Untracked 
| 248|0x000000008f800000, 0x000000008f800000, 0x000000008f900000|  0%| F|  |TAMS 0x000000008f800000, 0x000000008f800000| Untracked 
| 249|0x000000008f900000, 0x000000008f900000, 0x000000008fa00000|  0%| F|  |TAMS 0x000000008f900000, 0x000000008f900000| Untracked 
| 250|0x000000008fa00000, 0x000000008fa00000, 0x000000008fb00000|  0%| F|  |TAMS 0x000000008fa00000, 0x000000008fa00000| Untracked 
| 251|0x000000008fb00000, 0x000000008fb00000, 0x000000008fc00000|  0%| F|  |TAMS 0x000000008fb00000, 0x000000008fb00000| Untracked 
| 252|0x000000008fc00000, 0x000000008fc00000, 0x000000008fd00000|  0%| F|  |TAMS 0x000000008fc00000, 0x000000008fc00000| Untracked 
| 253|0x000000008fd00000, 0x000000008fd00000, 0x000000008fe00000|  0%| F|  |TAMS 0x000000008fd00000, 0x000000008fd00000| Untracked 
| 254|0x000000008fe00000, 0x000000008fe00000, 0x000000008ff00000|  0%| F|  |TAMS 0x000000008fe00000, 0x000000008fe00000| Untracked 
| 255|0x000000008ff00000, 0x000000008ff00000, 0x0000000090000000|  0%| F|  |TAMS 0x000000008ff00000, 0x000000008ff00000| Untracked 
| 256|0x0000000090000000, 0x0000000090000000, 0x0000000090100000|  0%| F|  |TAMS 0x0000000090000000, 0x0000000090000000| Untracked 
| 257|0x0000000090100000, 0x0000000090100000, 0x0000000090200000|  0%| F|  |TAMS 0x0000000090100000, 0x0000000090100000| Untracked 
| 258|0x0000000090200000, 0x0000000090200000, 0x0000000090300000|  0%| F|  |TAMS 0x0000000090200000, 0x0000000090200000| Untracked 
| 259|0x0000000090300000, 0x0000000090300000, 0x0000000090400000|  0%| F|  |TAMS 0x0000000090300000, 0x0000000090300000| Untracked 
| 260|0x0000000090400000, 0x0000000090400000, 0x0000000090500000|  0%| F|  |TAMS 0x0000000090400000, 0x0000000090400000| Untracked 
| 261|0x0000000090500000, 0x0000000090500000, 0x0000000090600000|  0%| F|  |TAMS 0x0000000090500000, 0x0000000090500000| Untracked 
| 262|0x0000000090600000, 0x0000000090600000, 0x0000000090700000|  0%| F|  |TAMS 0x0000000090600000, 0x0000000090600000| Untracked 
| 263|0x0000000090700000, 0x0000000090700000, 0x0000000090800000|  0%| F|  |TAMS 0x0000000090700000, 0x0000000090700000| Untracked 
| 264|0x0000000090800000, 0x0000000090800000, 0x0000000090900000|  0%| F|  |TAMS 0x0000000090800000, 0x0000000090800000| Untracked 
| 265|0x0000000090900000, 0x0000000090900000, 0x0000000090a00000|  0%| F|  |TAMS 0x0000000090900000, 0x0000000090900000| Untracked 
| 266|0x0000000090a00000, 0x0000000090a00000, 0x0000000090b00000|  0%| F|  |TAMS 0x0000000090a00000, 0x0000000090a00000| Untracked 
| 267|0x0000000090b00000, 0x0000000090b00000, 0x0000000090c00000|  0%| F|  |TAMS 0x0000000090b00000, 0x0000000090b00000| Untracked 
| 268|0x0000000090c00000, 0x0000000090c00000, 0x0000000090d00000|  0%| F|  |TAMS 0x0000000090c00000, 0x0000000090c00000| Untracked 
| 269|0x0000000090d00000, 0x0000000090d00000, 0x0000000090e00000|  0%| F|  |TAMS 0x0000000090d00000, 0x0000000090d00000| Untracked 
| 270|0x0000000090e00000, 0x0000000090e00000, 0x0000000090f00000|  0%| F|  |TAMS 0x0000000090e00000, 0x0000000090e00000| Untracked 
| 271|0x0000000090f00000, 0x0000000090f00000, 0x0000000091000000|  0%| F|  |TAMS 0x0000000090f00000, 0x0000000090f00000| Untracked 
| 272|0x0000000091000000, 0x0000000091000000, 0x0000000091100000|  0%| F|  |TAMS 0x0000000091000000, 0x0000000091000000| Untracked 
| 273|0x0000000091100000, 0x0000000091100000, 0x0000000091200000|  0%| F|  |TAMS 0x0000000091100000, 0x0000000091100000| Untracked 
| 274|0x0000000091200000, 0x0000000091200000, 0x0000000091300000|  0%| F|  |TAMS 0x0000000091200000, 0x0000000091200000| Untracked 
| 275|0x0000000091300000, 0x0000000091300000, 0x0000000091400000|  0%| F|  |TAMS 0x0000000091300000, 0x0000000091300000| Untracked 
| 276|0x0000000091400000, 0x0000000091400000, 0x0000000091500000|  0%| F|  |TAMS 0x0000000091400000, 0x0000000091400000| Untracked 
| 277|0x0000000091500000, 0x0000000091500000, 0x0000000091600000|  0%| F|  |TAMS 0x0000000091500000, 0x0000000091500000| Untracked 
| 278|0x0000000091600000, 0x0000000091600000, 0x0000000091700000|  0%| F|  |TAMS 0x0000000091600000, 0x0000000091600000| Untracked 
| 279|0x0000000091700000, 0x0000000091700000, 0x0000000091800000|  0%| F|  |TAMS 0x0000000091700000, 0x0000000091700000| Untracked 
| 280|0x0000000091800000, 0x0000000091800000, 0x0000000091900000|  0%| F|  |TAMS 0x0000000091800000, 0x0000000091800000| Untracked 
| 281|0x0000000091900000, 0x0000000091900000, 0x0000000091a00000|  0%| F|  |TAMS 0x0000000091900000, 0x0000000091900000| Untracked 
| 282|0x0000000091a00000, 0x0000000091a00000, 0x0000000091b00000|  0%| F|  |TAMS 0x0000000091a00000, 0x0000000091a00000| Untracked 
| 283|0x0000000091b00000, 0x0000000091b00000, 0x0000000091c00000|  0%| F|  |TAMS 0x0000000091b00000, 0x0000000091b00000| Untracked 
| 284|0x0000000091c00000, 0x0000000091c00000, 0x0000000091d00000|  0%| F|  |TAMS 0x0000000091c00000, 0x0000000091c00000| Untracked 
| 285|0x0000000091d00000, 0x0000000091d00000, 0x0000000091e00000|  0%| F|  |TAMS 0x0000000091d00000, 0x0000000091d00000| Untracked 
| 286|0x0000000091e00000, 0x0000000091e00000, 0x0000000091f00000|  0%| F|  |TAMS 0x0000000091e00000, 0x0000000091e00000| Untracked 
| 287|0x0000000091f00000, 0x0000000091f00000, 0x0000000092000000|  0%| F|  |TAMS 0x0000000091f00000, 0x0000000091f00000| Untracked 
| 288|0x0000000092000000, 0x0000000092000000, 0x0000000092100000|  0%| F|  |TAMS 0x0000000092000000, 0x0000000092000000| Untracked 
| 289|0x0000000092100000, 0x0000000092100000, 0x0000000092200000|  0%| F|  |TAMS 0x0000000092100000, 0x0000000092100000| Untracked 
| 290|0x0000000092200000, 0x0000000092200000, 0x0000000092300000|  0%| F|  |TAMS 0x0000000092200000, 0x0000000092200000| Untracked 
| 291|0x0000000092300000, 0x0000000092300000, 0x0000000092400000|  0%| F|  |TAMS 0x0000000092300000, 0x0000000092300000| Untracked 
| 292|0x0000000092400000, 0x0000000092400000, 0x0000000092500000|  0%| F|  |TAMS 0x0000000092400000, 0x0000000092400000| Untracked 
| 293|0x0000000092500000, 0x0000000092500000, 0x0000000092600000|  0%| F|  |TAMS 0x0000000092500000, 0x0000000092500000| Untracked 
| 294|0x0000000092600000, 0x0000000092600000, 0x0000000092700000|  0%| F|  |TAMS 0x0000000092600000, 0x0000000092600000| Untracked 
| 295|0x0000000092700000, 0x0000000092700000, 0x0000000092800000|  0%| F|  |TAMS 0x0000000092700000, 0x0000000092700000| Untracked 
| 296|0x0000000092800000, 0x0000000092800000, 0x0000000092900000|  0%| F|  |TAMS 0x0000000092800000, 0x0000000092800000| Untracked 
| 297|0x0000000092900000, 0x0000000092900000, 0x0000000092a00000|  0%| F|  |TAMS 0x0000000092900000, 0x0000000092900000| Untracked 
| 298|0x0000000092a00000, 0x0000000092a00000, 0x0000000092b00000|  0%| F|  |TAMS 0x0000000092a00000, 0x0000000092a00000| Untracked 
| 299|0x0000000092b00000, 0x0000000092b00000, 0x0000000092c00000|  0%| F|  |TAMS 0x0000000092b00000, 0x0000000092b00000| Untracked 
| 300|0x0000000092c00000, 0x0000000092c00000, 0x0000000092d00000|  0%| F|  |TAMS 0x0000000092c00000, 0x0000000092c00000| Untracked 
| 301|0x0000000092d00000, 0x0000000092d00000, 0x0000000092e00000|  0%| F|  |TAMS 0x0000000092d00000, 0x0000000092d00000| Untracked 
| 302|0x0000000092e00000, 0x0000000092e00000, 0x0000000092f00000|  0%| F|  |TAMS 0x0000000092e00000, 0x0000000092e00000| Untracked 
| 303|0x0000000092f00000, 0x0000000092f00000, 0x0000000093000000|  0%| F|  |TAMS 0x0000000092f00000, 0x0000000092f00000| Untracked 
| 304|0x0000000093000000, 0x0000000093000000, 0x0000000093100000|  0%| F|  |TAMS 0x0000000093000000, 0x0000000093000000| Untracked 
| 305|0x0000000093100000, 0x0000000093100000, 0x0000000093200000|  0%| F|  |TAMS 0x0000000093100000, 0x0000000093100000| Untracked 
| 306|0x0000000093200000, 0x0000000093200000, 0x0000000093300000|  0%| F|  |TAMS 0x0000000093200000, 0x0000000093200000| Untracked 
| 307|0x0000000093300000, 0x0000000093300000, 0x0000000093400000|  0%| F|  |TAMS 0x0000000093300000, 0x0000000093300000| Untracked 
| 308|0x0000000093400000, 0x0000000093400000, 0x0000000093500000|  0%| F|  |TAMS 0x0000000093400000, 0x0000000093400000| Untracked 
| 309|0x0000000093500000, 0x0000000093500000, 0x0000000093600000|  0%| F|  |TAMS 0x0000000093500000, 0x0000000093500000| Untracked 
| 310|0x0000000093600000, 0x0000000093600000, 0x0000000093700000|  0%| F|  |TAMS 0x0000000093600000, 0x0000000093600000| Untracked 
| 311|0x0000000093700000, 0x0000000093700000, 0x0000000093800000|  0%| F|  |TAMS 0x0000000093700000, 0x0000000093700000| Untracked 
| 312|0x0000000093800000, 0x0000000093800000, 0x0000000093900000|  0%| F|  |TAMS 0x0000000093800000, 0x0000000093800000| Untracked 
| 313|0x0000000093900000, 0x0000000093900000, 0x0000000093a00000|  0%| F|  |TAMS 0x0000000093900000, 0x0000000093900000| Untracked 
| 314|0x0000000093a00000, 0x0000000093a00000, 0x0000000093b00000|  0%| F|  |TAMS 0x0000000093a00000, 0x0000000093a00000| Untracked 
| 315|0x0000000093b00000, 0x0000000093b00000, 0x0000000093c00000|  0%| F|  |TAMS 0x0000000093b00000, 0x0000000093b00000| Untracked 
| 316|0x0000000093c00000, 0x0000000093c00000, 0x0000000093d00000|  0%| F|  |TAMS 0x0000000093c00000, 0x0000000093c00000| Untracked 
| 317|0x0000000093d00000, 0x0000000093d00000, 0x0000000093e00000|  0%| F|  |TAMS 0x0000000093d00000, 0x0000000093d00000| Untracked 
| 318|0x0000000093e00000, 0x0000000093e00000, 0x0000000093f00000|  0%| F|  |TAMS 0x0000000093e00000, 0x0000000093e00000| Untracked 
| 319|0x0000000093f00000, 0x0000000093f00000, 0x0000000094000000|  0%| F|  |TAMS 0x0000000093f00000, 0x0000000093f00000| Untracked 
| 320|0x0000000094000000, 0x0000000094000000, 0x0000000094100000|  0%| F|  |TAMS 0x0000000094000000, 0x0000000094000000| Untracked 
| 321|0x0000000094100000, 0x0000000094100000, 0x0000000094200000|  0%| F|  |TAMS 0x0000000094100000, 0x0000000094100000| Untracked 
| 322|0x0000000094200000, 0x0000000094200000, 0x0000000094300000|  0%| F|  |TAMS 0x0000000094200000, 0x0000000094200000| Untracked 
| 323|0x0000000094300000, 0x0000000094300000, 0x0000000094400000|  0%| F|  |TAMS 0x0000000094300000, 0x0000000094300000| Untracked 
| 324|0x0000000094400000, 0x0000000094400000, 0x0000000094500000|  0%| F|  |TAMS 0x0000000094400000, 0x0000000094400000| Untracked 
| 325|0x0000000094500000, 0x0000000094500000, 0x0000000094600000|  0%| F|  |TAMS 0x0000000094500000, 0x0000000094500000| Untracked 
| 326|0x0000000094600000, 0x0000000094600000, 0x0000000094700000|  0%| F|  |TAMS 0x0000000094600000, 0x0000000094600000| Untracked 
| 327|0x0000000094700000, 0x0000000094700000, 0x0000000094800000|  0%| F|  |TAMS 0x0000000094700000, 0x0000000094700000| Untracked 
| 328|0x0000000094800000, 0x0000000094800000, 0x0000000094900000|  0%| F|  |TAMS 0x0000000094800000, 0x0000000094800000| Untracked 
| 329|0x0000000094900000, 0x0000000094900000, 0x0000000094a00000|  0%| F|  |TAMS 0x0000000094900000, 0x0000000094900000| Untracked 
| 330|0x0000000094a00000, 0x0000000094a00000, 0x0000000094b00000|  0%| F|  |TAMS 0x0000000094a00000, 0x0000000094a00000| Untracked 
| 331|0x0000000094b00000, 0x0000000094b00000, 0x0000000094c00000|  0%| F|  |TAMS 0x0000000094b00000, 0x0000000094b00000| Untracked 
| 332|0x0000000094c00000, 0x0000000094c00000, 0x0000000094d00000|  0%| F|  |TAMS 0x0000000094c00000, 0x0000000094c00000| Untracked 
| 333|0x0000000094d00000, 0x0000000094d00000, 0x0000000094e00000|  0%| F|  |TAMS 0x0000000094d00000, 0x0000000094d00000| Untracked 
| 334|0x0000000094e00000, 0x0000000094e00000, 0x0000000094f00000|  0%| F|  |TAMS 0x0000000094e00000, 0x0000000094e00000| Untracked 
| 335|0x0000000094f00000, 0x0000000094f00000, 0x0000000095000000|  0%| F|  |TAMS 0x0000000094f00000, 0x0000000094f00000| Untracked 
| 336|0x0000000095000000, 0x0000000095000000, 0x0000000095100000|  0%| F|  |TAMS 0x0000000095000000, 0x0000000095000000| Untracked 
| 337|0x0000000095100000, 0x0000000095100000, 0x0000000095200000|  0%| F|  |TAMS 0x0000000095100000, 0x0000000095100000| Untracked 
| 338|0x0000000095200000, 0x0000000095200000, 0x0000000095300000|  0%| F|  |TAMS 0x0000000095200000, 0x0000000095200000| Untracked 
| 339|0x0000000095300000, 0x0000000095300000, 0x0000000095400000|  0%| F|  |TAMS 0x0000000095300000, 0x0000000095300000| Untracked 

Card table byte_map: [0x0000000015930000,0x0000000015d30000] _byte_map_base: 0x0000000015530000

Marking Bits (Prev, Next): (CMBitMap*) 0x00000000002a2010, (CMBitMap*) 0x00000000002a1fd8
 Prev Bits: [0x0000000018130000, 0x000000001a130000)
 Next Bits: [0x0000000016130000, 0x0000000018130000)

Polling page: 0x0000000000330000

Metaspace:

Usage:
  Non-class:     99.26 MB capacity,    97.56 MB ( 98%) used,     1.36 MB (  1%) free+waste,   340.19 KB ( <1%) overhead. 
      Class:     15.06 MB capacity,    14.04 MB ( 93%) used,   892.84 KB (  6%) free+waste,   148.13 KB ( <1%) overhead. 
       Both:    114.31 MB capacity,   111.60 MB ( 98%) used,     2.23 MB (  2%) free+waste,   488.31 KB ( <1%) overhead. 

Virtual space:
  Non-class space:      100.00 MB reserved,      99.50 MB (>99%) committed 
      Class space:        1.00 GB reserved,      15.13 MB (  1%) committed 
             Both:        1.10 GB reserved,     114.63 MB ( 10%) committed 

Chunk freelists:
   Non-Class:  56.00 KB
       Class:  7.00 KB
        Both:  63.00 KB

MaxMetaspaceSize: 17179869184.00 GB
CompressedClassSpaceSize: 1.00 GB

CodeHeap 'non-profiled nmethods': size=120064Kb used=10946Kb max_used=10946Kb free=109117Kb
 bounds [0x000000000dbd0000, 0x000000000e6a0000, 0x0000000015110000]
CodeHeap 'profiled nmethods': size=120000Kb used=41931Kb max_used=41931Kb free=78068Kb
 bounds [0x00000000066a0000, 0x0000000008fc0000, 0x000000000dbd0000]
CodeHeap 'non-nmethods': size=5696Kb used=2361Kb max_used=2387Kb free=3334Kb
 bounds [0x0000000006110000, 0x0000000006380000, 0x00000000066a0000]
 total_blobs=18144 nmethods=17171 adapters=881
 compilation: enabled
              stopped_count=0, restarted_count=0
 full_count=0

Compilation events (20 events):
Event: 381.358 Thread 0x000000005d25e000 18327       2       com.android.tools.r8.internal.yg::b (47 bytes)
Event: 381.358 Thread 0x000000005d25e000 nmethod 18327 0x0000000006f0db10 code [0x0000000006f0dce0, 0x0000000006f0dee8]
Event: 381.377 Thread 0x000000005d25e000 18328       2       com.android.tools.r8.internal.KD::g2 (44 bytes)
Event: 381.377 Thread 0x000000005d25e000 nmethod 18328 0x0000000006f0ee10 code [0x0000000006f0efc0, 0x0000000006f0f108]
Event: 381.525 Thread 0x000000005d25e000 18330 %     3       java.util.TreeMap::getLastEntry @ 9 (26 bytes)
Event: 381.525 Thread 0x000000005d25e000 nmethod 18330% 0x0000000006f10010 code [0x0000000006f101c0, 0x0000000006f103d8]
Event: 381.807 Thread 0x000000005d25e000 18331       1       com.android.tools.r8.internal.Pr::V0 (2 bytes)
Event: 381.807 Thread 0x000000005d25e000 nmethod 18331 0x000000000dd33810 code [0x000000000dd339c0, 0x000000000dd33a78]
Event: 381.890 Thread 0x000000005d25e000 18333       2       com.android.tools.r8.internal.W0::c (10 bytes)
Event: 381.890 Thread 0x000000005d25e000 nmethod 18333 0x0000000006f0fc10 code [0x0000000006f0fdc0, 0x0000000006f0ff28]
Event: 381.936 Thread 0x000000005d25e000 18334       3       com.android.tools.r8.internal.E7::b (158 bytes)
Event: 381.999 Thread 0x000000005d25e000 nmethod 18334 0x0000000008fb1110 code [0x0000000008fb1600, 0x0000000008fb4288]
Event: 382.000 Thread 0x000000005d25e000 18335       2       java.util.stream.ReferencePipeline$7$1::begin (13 bytes)
Event: 382.000 Thread 0x000000005d25e000 nmethod 18335 0x0000000006f11910 code [0x0000000006f11ac0, 0x0000000006f11be8]
Event: 382.160 Thread 0x000000005d25e000 18338       2       com.android.tools.r8.internal.Wi::<init> (7 bytes)
Event: 382.161 Thread 0x000000005d25e000 nmethod 18338 0x0000000006f18090 code [0x0000000006f18240, 0x0000000006f18348]
Event: 382.162 Thread 0x000000005d25e000 18339       2       com.android.tools.r8.graph.d0::k0 (14 bytes)
Event: 382.162 Thread 0x000000005d25e000 nmethod 18339 0x0000000006f22810 code [0x0000000006f229c0, 0x0000000006f22b08]
Event: 382.220 Thread 0x000000005d25e000 18340       2       com.android.tools.r8.internal.u8::a (7 bytes)
Event: 382.221 Thread 0x000000005d25e000 nmethod 18340 0x0000000006f20690 code [0x0000000006f20840, 0x0000000006f20948]

GC Heap History (20 events):
Event: 367.180 GC heap after
{Heap after GC invocations=143 (full 0):
 garbage-first heap   total 181248K, used 118732K [0x0000000080000000, 0x0000000100000000)
  region size 1024K, 1 young (1024K), 1 survivors (1024K)
 Metaspace       used 113970K, capacity 116675K, committed 116736K, reserved 1150976K
  class space    used 14347K, capacity 15359K, committed 15360K, reserved 1048576K
}
Event: 367.596 GC heap before
{Heap before GC invocations=143 (full 0):
 garbage-first heap   total 181248K, used 155596K [0x0000000080000000, 0x0000000100000000)
  region size 1024K, 37 young (37888K), 1 survivors (1024K)
 Metaspace       used 113993K, capacity 116697K, committed 116864K, reserved 1150976K
  class space    used 14351K, capacity 15367K, committed 15488K, reserved 1048576K
}
Event: 367.656 GC heap after
{Heap after GC invocations=144 (full 0):
 garbage-first heap   total 242688K, used 119019K [0x0000000080000000, 0x0000000100000000)
  region size 1024K, 1 young (1024K), 1 survivors (1024K)
 Metaspace       used 113993K, capacity 116697K, committed 116864K, reserved 1150976K
  class space    used 14351K, capacity 15367K, committed 15488K, reserved 1048576K
}
Event: 368.494 GC heap before
{Heap before GC invocations=144 (full 0):
 garbage-first heap   total 242688K, used 192747K [0x0000000080000000, 0x0000000100000000)
  region size 1024K, 73 young (74752K), 1 survivors (1024K)
 Metaspace       used 114034K, capacity 116769K, committed 117120K, reserved 1150976K
  class space    used 14351K, capacity 15367K, committed 15488K, reserved 1048576K
}
Event: 368.504 GC heap after
{Heap after GC invocations=145 (full 0):
 garbage-first heap   total 242688K, used 120064K [0x0000000080000000, 0x0000000100000000)
  region size 1024K, 2 young (2048K), 2 survivors (2048K)
 Metaspace       used 114034K, capacity 116769K, committed 117120K, reserved 1150976K
  class space    used 14351K, capacity 15367K, committed 15488K, reserved 1048576K
}
Event: 369.613 GC heap before
{Heap before GC invocations=145 (full 0):
 garbage-first heap   total 242688K, used 195840K [0x0000000080000000, 0x0000000100000000)
  region size 1024K, 76 young (77824K), 2 survivors (2048K)
 Metaspace       used 114073K, capacity 116841K, committed 117120K, reserved 1150976K
  class space    used 14352K, capacity 15368K, committed 15488K, reserved 1048576K
}
Event: 369.636 GC heap after
{Heap after GC invocations=146 (full 0):
 garbage-first heap   total 242688K, used 121168K [0x0000000080000000, 0x0000000100000000)
  region size 1024K, 3 young (3072K), 3 survivors (3072K)
 Metaspace       used 114073K, capacity 116841K, committed 117120K, reserved 1150976K
  class space    used 14352K, capacity 15368K, committed 15488K, reserved 1048576K
}
Event: 370.453 GC heap before
{Heap before GC invocations=146 (full 0):
 garbage-first heap   total 242688K, used 200016K [0x0000000080000000, 0x0000000100000000)
  region size 1024K, 80 young (81920K), 3 survivors (3072K)
 Metaspace       used 114093K, capacity 116843K, committed 117120K, reserved 1150976K
  class space    used 14352K, capacity 15368K, committed 15488K, reserved 1048576K
}
Event: 370.467 GC heap after
{Heap after GC invocations=147 (full 0):
 garbage-first heap   total 242688K, used 121227K [0x0000000080000000, 0x0000000100000000)
  region size 1024K, 3 young (3072K), 3 survivors (3072K)
 Metaspace       used 114093K, capacity 116843K, committed 117120K, reserved 1150976K
  class space    used 14352K, capacity 15368K, committed 15488K, reserved 1048576K
}
Event: 371.771 GC heap before
{Heap before GC invocations=147 (full 0):
 garbage-first heap   total 242688K, used 201099K [0x0000000080000000, 0x0000000100000000)
  region size 1024K, 81 young (82944K), 3 survivors (3072K)
 Metaspace       used 114147K, capacity 116929K, committed 117120K, reserved 1150976K
  class space    used 14359K, capacity 15375K, committed 15488K, reserved 1048576K
}
Event: 371.812 GC heap after
{Heap after GC invocations=148 (full 0):
 garbage-first heap   total 242688K, used 122074K [0x0000000080000000, 0x0000000100000000)
  region size 1024K, 4 young (4096K), 4 survivors (4096K)
 Metaspace       used 114147K, capacity 116929K, committed 117120K, reserved 1150976K
  class space    used 14359K, capacity 15375K, committed 15488K, reserved 1048576K
}
Event: 373.129 GC heap before
{Heap before GC invocations=148 (full 0):
 garbage-first heap   total 242688K, used 201946K [0x0000000080000000, 0x0000000100000000)
  region size 1024K, 82 young (83968K), 4 survivors (4096K)
 Metaspace       used 114170K, capacity 116936K, committed 117120K, reserved 1150976K
  class space    used 14360K, capacity 15377K, committed 15488K, reserved 1048576K
}
Event: 373.157 GC heap after
{Heap after GC invocations=149 (full 0):
 garbage-first heap   total 348160K, used 123261K [0x0000000080000000, 0x0000000100000000)
  region size 1024K, 5 young (5120K), 5 survivors (5120K)
 Metaspace       used 114170K, capacity 116936K, committed 117120K, reserved 1150976K
  class space    used 14360K, capacity 15377K, committed 15488K, reserved 1048576K
}
Event: 374.906 GC heap before
{Heap before GC invocations=149 (full 0):
 garbage-first heap   total 348160K, used 233853K [0x0000000080000000, 0x0000000100000000)
  region size 1024K, 113 young (115712K), 5 survivors (5120K)
 Metaspace       used 114202K, capacity 116956K, committed 117120K, reserved 1150976K
  class space    used 14364K, capacity 15384K, committed 15488K, reserved 1048576K
}
Event: 375.502 GC heap after
{Heap after GC invocations=150 (full 0):
 garbage-first heap   total 348160K, used 124453K [0x0000000080000000, 0x0000000100000000)
  region size 1024K, 6 young (6144K), 6 survivors (6144K)
 Metaspace       used 114202K, capacity 116956K, committed 117120K, reserved 1150976K
  class space    used 14364K, capacity 15384K, committed 15488K, reserved 1048576K
}
Event: 378.527 GC heap before
{Heap before GC invocations=150 (full 0):
 garbage-first heap   total 348160K, used 235045K [0x0000000080000000, 0x0000000100000000)
  region size 1024K, 114 young (116736K), 6 survivors (6144K)
 Metaspace       used 114245K, capacity 117056K, committed 117376K, reserved 1150976K
  class space    used 14374K, capacity 15417K, committed 15488K, reserved 1048576K
}
Event: 378.560 GC heap after
{Heap after GC invocations=151 (full 0):
 garbage-first heap   total 348160K, used 125169K [0x0000000080000000, 0x0000000100000000)
  region size 1024K, 7 young (7168K), 7 survivors (7168K)
 Metaspace       used 114245K, capacity 117056K, committed 117376K, reserved 1150976K
  class space    used 14374K, capacity 15417K, committed 15488K, reserved 1048576K
}
Event: 380.220 GC heap before
{Heap before GC invocations=151 (full 0):
 garbage-first heap   total 348160K, used 249073K [0x0000000080000000, 0x0000000100000000)
  region size 1024K, 128 young (131072K), 7 survivors (7168K)
 Metaspace       used 114257K, capacity 117056K, committed 117376K, reserved 1150976K
  class space    used 14374K, capacity 15417K, committed 15488K, reserved 1048576K
}
Event: 380.259 GC heap after
{Heap after GC invocations=152 (full 0):
 garbage-first heap   total 348160K, used 126705K [0x0000000080000000, 0x0000000100000000)
  region size 1024K, 8 young (8192K), 8 survivors (8192K)
 Metaspace       used 114257K, capacity 117056K, committed 117376K, reserved 1150976K
  class space    used 14374K, capacity 15417K, committed 15488K, reserved 1048576K
}
Event: 382.296 GC heap before
{Heap before GC invocations=152 (full 0):
 garbage-first heap   total 348160K, used 280305K [0x0000000080000000, 0x0000000100000000)
  region size 1024K, 158 young (161792K), 8 survivors (8192K)
 Metaspace       used 114282K, capacity 117057K, committed 117376K, reserved 1150976K
  class space    used 14376K, capacity 15417K, committed 15488K, reserved 1048576K
}

Deoptimization events (20 events):
Event: 380.050 Thread 0x000000006151a000 DEOPT PACKING pc=0x0000000008f3f5e2 sp=0x0000000066be8f60
Event: 380.050 Thread 0x000000006151a000 DEOPT UNPACKING pc=0x000000000613673f sp=0x0000000066be8728 mode 0
Event: 380.461 Thread 0x000000006151a000 DEOPT PACKING pc=0x0000000008f3f5e2 sp=0x0000000066be9330
Event: 380.461 Thread 0x000000006151a000 DEOPT UNPACKING pc=0x000000000613673f sp=0x0000000066be8af8 mode 0
Event: 380.738 Thread 0x000000006151a000 Uncommon trap: trap_request=0xffffff4d fr.pc=0x000000000dcfe174 relative=0x0000000000000054
Event: 380.738 Thread 0x000000006151a000 Uncommon trap: reason=unstable_if action=reinterpret pc=0x000000000dcfe174 method=com.android.tools.r8.internal.zo.a(Lcom/android/tools/r8/internal/s4;Lcom/android/tools/r8/graph/V0;)Z @ 9 c2
Event: 380.738 Thread 0x000000006151a000 DEOPT PACKING pc=0x000000000dcfe174 sp=0x0000000066be9d70
Event: 380.738 Thread 0x000000006151a000 DEOPT UNPACKING pc=0x0000000006136929 sp=0x0000000066be9cf8 mode 2
Event: 380.885 Thread 0x000000006044d000 DEOPT PACKING pc=0x0000000008f407ba sp=0x00000000625930c0
Event: 380.885 Thread 0x000000006044d000 DEOPT UNPACKING pc=0x000000000613673f sp=0x0000000062592888 mode 0
Event: 380.988 Thread 0x000000006044d000 DEOPT PACKING pc=0x0000000008f3f5e2 sp=0x00000000625930c0
Event: 380.988 Thread 0x000000006044d000 DEOPT UNPACKING pc=0x000000000613673f sp=0x0000000062592888 mode 0
Event: 381.525 Thread 0x000000006044d000 DEOPT PACKING pc=0x0000000008e06fcb sp=0x0000000062592b00
Event: 381.526 Thread 0x000000006044d000 DEOPT UNPACKING pc=0x000000000613673f sp=0x0000000062591f48 mode 0
Event: 381.526 Thread 0x000000006044d000 DEOPT PACKING pc=0x0000000008f3f5e2 sp=0x0000000062592cf0
Event: 381.526 Thread 0x000000006044d000 DEOPT UNPACKING pc=0x000000000613673f sp=0x00000000625924b8 mode 0
Event: 381.611 Thread 0x000000006044d000 DEOPT PACKING pc=0x0000000008f3f5e2 sp=0x0000000062592cf0
Event: 381.611 Thread 0x000000006044d000 DEOPT UNPACKING pc=0x000000000613673f sp=0x00000000625924b8 mode 0
Event: 382.025 Thread 0x000000006044d000 DEOPT PACKING pc=0x0000000008f3f5e2 sp=0x00000000625930c0
Event: 382.025 Thread 0x000000006044d000 DEOPT UNPACKING pc=0x000000000613673f sp=0x0000000062592888 mode 0

Classes redefined (0 events):
No events

Internal exceptions (20 events):
Event: 349.876 Thread 0x000000006044d000 Exception <a 'java/lang/NoSuchMethodError'{0x000000008a48c820}: 'void java.lang.invoke.DirectMethodHandle$Holder.invokeSpecial(java.lang.Object, java.lang.Object, java.lang.Object, java.lang.Object, java.lang.Object, java.lang.Object, java.lang.Object, java.lang.Object, java.lang.Object)'> (0x000000008a48c820) thrown at [./src/hotspot/share/interpreter/linkResolver.cpp, line 773]
Event: 349.909 Thread 0x000000006044d000 Exception <a 'java/lang/NoSuchMethodError'{0x000000008a4dd040}: 'void java.lang.invoke.DirectMethodHandle$Holder.invokeStatic(java.lang.Object, java.lang.Object, java.lang.Object, java.lang.Object, java.lang.Object, java.lang.Object, java.lang.Object, java.lang.Object)'> (0x000000008a4dd040) thrown at [./src/hotspot/share/interpreter/linkResolver.cpp, line 773]
Event: 350.797 Thread 0x000000006044d000 Exception <a 'java/lang/IncompatibleClassChangeError'{0x000000008a081df0}: Found class java.lang.Object, but interface was expected> (0x000000008a081df0) thrown at [./src/hotspot/share/interpreter/linkResolver.cpp, line 839]
Event: 351.172 Thread 0x000000006044d000 Exception <a 'java/lang/NoSuchMethodError'{0x0000000089bf4f28}: 'void java.lang.invoke.DirectMethodHandle$Holder.invokeVirtual(java.lang.Object, java.lang.Object, int)'> (0x0000000089bf4f28) thrown at [./src/hotspot/share/interpreter/linkResolver.cpp, line 773]
Event: 351.375 Thread 0x000000006044d000 Exception <a 'sun/nio/fs/WindowsException'{0x00000000898b90e0}> (0x00000000898b90e0) thrown at [./src/hotspot/share/prims/jni.cpp, line 615]
Event: 352.446 Thread 0x000000006044d000 Exception <a 'sun/nio/fs/WindowsException'{0x0000000087884ef8}> (0x0000000087884ef8) thrown at [./src/hotspot/share/prims/jni.cpp, line 615]
Event: 354.058 Thread 0x00000000615f3000 Exception <a 'sun/nio/fs/WindowsException'{0x0000000089490360}> (0x0000000089490360) thrown at [./src/hotspot/share/prims/jni.cpp, line 615]
Event: 354.159 Thread 0x00000000615f3000 Exception <a 'sun/nio/fs/WindowsException'{0x00000000894a99d8}> (0x00000000894a99d8) thrown at [./src/hotspot/share/prims/jni.cpp, line 615]
Event: 354.159 Thread 0x00000000615f3000 Exception <a 'sun/nio/fs/WindowsException'{0x00000000894a9ac0}> (0x00000000894a9ac0) thrown at [./src/hotspot/share/prims/jni.cpp, line 615]
Event: 354.407 Thread 0x00000000615f3000 Implicit null exception at 0x000000000e4e74e6 to 0x000000000e4e7668
Event: 354.408 Thread 0x00000000615f3000 Implicit null exception at 0x000000000e4e7cdf to 0x000000000e4e7e30
Event: 357.279 Thread 0x000000006151a000 Exception <a 'sun/nio/fs/WindowsException'{0x000000008a216810}> (0x000000008a216810) thrown at [./src/hotspot/share/prims/jni.cpp, line 615]
Event: 357.355 Thread 0x000000006151a000 Exception <a 'sun/nio/fs/WindowsException'{0x000000008a2eac38}> (0x000000008a2eac38) thrown at [./src/hotspot/share/prims/jni.cpp, line 615]
Event: 357.682 Thread 0x000000006151a000 Implicit null exception at 0x000000000e4a3907 to 0x000000000e4a40ac
Event: 360.000 Thread 0x000000006151a000 Exception <a 'sun/nio/fs/WindowsException'{0x00000000895afa70}> (0x00000000895afa70) thrown at [./src/hotspot/share/prims/jni.cpp, line 615]
Event: 361.383 Thread 0x000000006151a000 Exception <a 'java/lang/NoSuchMethodError'{0x0000000089055f78}: 'java.lang.Object java.lang.invoke.DirectMethodHandle$Holder.invokeInterface(java.lang.Object, java.lang.Object, int)'> (0x0000000089055f78) thrown at [./src/hotspot/share/interpreter/linkResolver.cpp, line 773]
Event: 361.383 Thread 0x000000006151a000 Implicit null exception at 0x000000000e0878b9 to 0x000000000e08c2e0
Event: 362.705 Thread 0x000000006151a000 Exception <a 'java/lang/NoSuchMethodError'{0x0000000089f6c5c8}: 'int java.lang.invoke.DirectMethodHandle$Holder.invokeInterface(java.lang.Object, java.lang.Object, int)'> (0x0000000089f6c5c8) thrown at [./src/hotspot/share/interpreter/linkResolver.cpp, line 773]
Event: 370.170 Thread 0x000000006151a000 Implicit null exception at 0x000000000dcb01f0 to 0x000000000dcb132c
Event: 378.498 Thread 0x000000006151a000 Implicit null exception at 0x000000000dd16e88 to 0x000000000dd17068

Events (20 events):
Event: 377.388 loading class com/android/tools/r8/code/A3 done
Event: 377.636 loading class com/android/tools/r8/code/x3
Event: 377.636 loading class com/android/tools/r8/code/x3 done
Event: 377.700 loading class com/android/tools/r8/code/K2
Event: 377.700 loading class com/android/tools/r8/code/K2 done
Event: 378.013 loading class com/android/tools/r8/code/J2
Event: 378.013 loading class com/android/tools/r8/code/J2 done
Event: 378.018 loading class com/android/tools/r8/internal/st
Event: 378.018 loading class com/android/tools/r8/internal/st done
Event: 378.527 Executing VM operation: G1CollectForAllocation
Event: 378.560 Executing VM operation: G1CollectForAllocation done
Event: 379.117 loading class com/android/tools/r8/internal/Z4
Event: 379.117 loading class com/android/tools/r8/internal/Z4 done
Event: 380.220 Executing VM operation: G1CollectForAllocation
Event: 380.259 Executing VM operation: G1CollectForAllocation done
Event: 380.738 loading class com/android/tools/r8/shaking/F0
Event: 380.738 loading class com/android/tools/r8/shaking/F0 done
Event: 381.999 loading class com/android/tools/r8/internal/wo
Event: 381.999 loading class com/android/tools/r8/internal/wo done
Event: 382.296 Executing VM operation: G1CollectForAllocation


Dynamic libraries:
0x000000013f9e0000 - 0x000000013f9ea000 	C:\Program Files\Android\Android Studio\jre\bin\java.exe
0x0000000077590000 - 0x0000000077739000 	C:\Windows\SYSTEM32\ntdll.dll
0x0000000077470000 - 0x000000007758f000 	C:\Windows\system32\kernel32.dll
0x000007fefd700000 - 0x000007fefd76b000 	C:\Windows\system32\KERNELBASE.dll
0x000007fef4860000 - 0x000007fef4879000 	C:\Program Files\Android\Android Studio\jre\bin\jli.dll
0x000007fefa3f0000 - 0x000007fefa5e4000 	C:\Windows\WinSxS\amd64_microsoft.windows.common-controls_6595b64144ccf1df_6.0.7601.17514_none_fa396087175ac9ac\COMCTL32.dll
0x000007fefd8b0000 - 0x000007fefd94f000 	C:\Windows\system32\msvcrt.dll
0x000007fefd9f0000 - 0x000007fefda57000 	C:\Windows\system32\GDI32.dll
0x0000000077370000 - 0x000000007746a000 	C:\Windows\system32\USER32.dll
0x000007fefdea0000 - 0x000007fefdeae000 	C:\Windows\system32\LPK.dll
0x000007fefe0c0000 - 0x000007fefe189000 	C:\Windows\system32\USP10.dll
0x000007fefe230000 - 0x000007fefe2a1000 	C:\Windows\system32\SHLWAPI.dll
0x000007feecd80000 - 0x000007feecd97000 	C:\Program Files\Android\Android Studio\jre\bin\VCRUNTIME140.dll
0x000007fef9dc0000 - 0x000007fef9dc4000 	C:\Windows\system32\api-ms-win-crt-runtime-l1-1-0.dll
0x000007fef9cc0000 - 0x000007fef9db2000 	C:\Windows\system32\ucrtbase.DLL
0x000007fef9cb0000 - 0x000007fef9cb3000 	C:\Windows\system32\api-ms-win-core-timezone-l1-1-0.dll
0x000007fef9ca0000 - 0x000007fef9ca3000 	C:\Windows\system32\api-ms-win-core-file-l2-1-0.dll
0x000007fefa360000 - 0x000007fefa363000 	C:\Windows\system32\api-ms-win-core-localization-l1-2-0.dll
0x000007fefa350000 - 0x000007fefa353000 	C:\Windows\system32\api-ms-win-core-synch-l1-2-0.dll
0x000007fefa340000 - 0x000007fefa343000 	C:\Windows\system32\api-ms-win-core-processthreads-l1-1-1.dll
0x000007fef9c10000 - 0x000007fef9c13000 	C:\Windows\system32\api-ms-win-core-file-l1-2-0.dll
0x000007fef9c90000 - 0x000007fef9c94000 	C:\Windows\system32\api-ms-win-crt-string-l1-1-0.dll
0x000007fef9c80000 - 0x000007fef9c83000 	C:\Windows\system32\api-ms-win-crt-heap-l1-1-0.dll
0x000007fef9c70000 - 0x000007fef9c74000 	C:\Windows\system32\api-ms-win-crt-stdio-l1-1-0.dll
0x000007fef9c00000 - 0x000007fef9c04000 	C:\Windows\system32\api-ms-win-crt-convert-l1-1-0.dll
0x000007fef9ba0000 - 0x000007fef9ba3000 	C:\Windows\system32\api-ms-win-crt-environment-l1-1-0.dll
0x000007fef9bb0000 - 0x000007fef9bb3000 	C:\Windows\system32\api-ms-win-crt-filesystem-l1-1-0.dll
0x000007fef9be0000 - 0x000007fef9be5000 	C:\Windows\system32\api-ms-win-crt-math-l1-1-0.dll
0x000007fef9bf0000 - 0x000007fef9bf3000 	C:\Windows\system32\api-ms-win-crt-locale-l1-1-0.dll
0x000007fefe2b0000 - 0x000007fefe2de000 	C:\Windows\system32\IMM32.DLL
0x000007fefda60000 - 0x000007fefdb69000 	C:\Windows\system32\MSCTF.dll
0x000007feec950000 - 0x000007feec9ed000 	C:\Program Files\Android\Android Studio\jre\bin\msvcp140.dll
0x000007fef9bd0000 - 0x000007fef9bd5000 	C:\Windows\system32\api-ms-win-crt-multibyte-l1-1-0.dll
0x000007fef9bc0000 - 0x000007fef9bc3000 	C:\Windows\system32\api-ms-win-crt-time-l1-1-0.dll
0x000007fef9b90000 - 0x000007fef9b93000 	C:\Windows\system32\api-ms-win-crt-utility-l1-1-0.dll
0x000007feecda0000 - 0x000007feed86f000 	C:\Program Files\Android\Android Studio\jre\bin\server\jvm.dll
0x000007fefe510000 - 0x000007fefe5eb000 	C:\Windows\system32\ADVAPI32.dll
0x000007fefe300000 - 0x000007fefe31f000 	C:\Windows\SYSTEM32\sechost.dll
0x000007fefdd70000 - 0x000007fefde9d000 	C:\Windows\system32\RPCRT4.dll
0x000007feedb00000 - 0x000007feedb09000 	C:\Windows\system32\WSOCK32.dll
0x000007feff590000 - 0x000007feff5dd000 	C:\Windows\system32\WS2_32.dll
0x000007fefe500000 - 0x000007fefe508000 	C:\Windows\system32\NSI.dll
0x000007fefc430000 - 0x000007fefc46b000 	C:\Windows\system32\WINMM.dll
0x000007fefc390000 - 0x000007fefc39c000 	C:\Windows\system32\VERSION.dll
0x0000000077760000 - 0x0000000077767000 	C:\Windows\system32\PSAPI.DLL
0x000007feecd60000 - 0x000007feecd71000 	C:\Program Files\Android\Android Studio\jre\bin\verify.dll
0x000007fef4400000 - 0x000007fef4525000 	C:\Windows\system32\DBGHELP.DLL
0x000007feecd30000 - 0x000007feecd59000 	C:\Program Files\Android\Android Studio\jre\bin\java.dll
0x000007feecd20000 - 0x000007feecd2b000 	C:\Program Files\Android\Android Studio\jre\bin\jimage.dll
0x000007feedb80000 - 0x000007feedb98000 	C:\Program Files\Android\Android Studio\jre\bin\zip.dll
0x000007fefe800000 - 0x000007feff588000 	C:\Windows\system32\SHELL32.dll
0x000007fefdeb0000 - 0x000007fefe0b3000 	C:\Windows\system32\ole32.dll
0x000007fefd4e0000 - 0x000007fefd4ef000 	C:\Windows\system32\profapi.dll
0x000007feedb60000 - 0x000007feedb7a000 	C:\Program Files\Android\Android Studio\jre\bin\net.dll
0x000007fef6f40000 - 0x000007fef6fb1000 	C:\Windows\system32\WINHTTP.dll
0x000007fef6eb0000 - 0x000007fef6f14000 	C:\Windows\system32\webio.dll
0x000007fefcd10000 - 0x000007fefcd65000 	C:\Windows\system32\mswsock.dll
0x000007fefcd00000 - 0x000007fefcd07000 	C:\Windows\System32\wship6.dll
0x000007feedb40000 - 0x000007feedb54000 	C:\Program Files\Android\Android Studio\jre\bin\nio.dll
0x000007fef0840000 - 0x000007fef0867000 	C:\Users\Anu\.gradle\native\8bec1ad78214c89d9ad589b4d07fe93259594b29d510b10fafb7a158f7737e5d\windows-amd64\native-platform.dll
0x000007fef0550000 - 0x000007fef068d000 	C:\Users\Anu\.gradle\native\53dbd7edfb1c66fb8903c78663c9afc45aea4f116125fa6feffd364cf09443e8\windows-amd64\native-platform-file-events.dll
0x000007feedb30000 - 0x000007feedb3a000 	C:\Program Files\Android\Android Studio\jre\bin\management.dll
0x000007feedb20000 - 0x000007feedb2c000 	C:\Program Files\Android\Android Studio\jre\bin\management_ext.dll
0x000007fefcd70000 - 0x000007fefcd87000 	C:\Windows\system32\CRYPTSP.dll
0x000007fefca70000 - 0x000007fefcab7000 	C:\Windows\system32\rsaenh.dll
0x000007fefc830000 - 0x000007fefc84e000 	C:\Windows\system32\USERENV.dll
0x000007fefd410000 - 0x000007fefd41f000 	C:\Windows\system32\CRYPTBASE.dll
0x000007fefb7b0000 - 0x000007fefb7d7000 	C:\Windows\system32\IPHLPAPI.DLL
0x000007fefb7a0000 - 0x000007fefb7ab000 	C:\Windows\system32\WINNSI.DLL
0x000007fefb780000 - 0x000007fefb798000 	C:\Windows\system32\dhcpcsvc.DLL
0x000007fefb760000 - 0x000007fefb771000 	C:\Windows\system32\dhcpcsvc6.DLL
0x000007feea9b0000 - 0x000007feea9d7000 	C:\Program Files\Android\Android Studio\jre\bin\sunec.dll
0x000007fefb930000 - 0x000007fefb937000 	C:\Windows\System32\wshtcpip.dll
0x000007fefcb90000 - 0x000007fefcbeb000 	C:\Windows\system32\DNSAPI.dll
0x000007fef72c0000 - 0x000007fef72c8000 	C:\Windows\system32\rasadhlp.dll
0x000007fef8010000 - 0x000007fef8063000 	C:\Windows\System32\fwpuclnt.dll
0x000007fefd3b0000 - 0x000007fefd407000 	C:\Windows\system32\apphelp.dll

dbghelp: loaded successfully - version: 4.0.5 - missing functions: none
symbol engine: initialized successfully - sym options: 0x614 - pdb path: .;C:\Program Files\Android\Android Studio\jre\bin;C:\Windows\SYSTEM32;C:\Windows\WinSxS\amd64_microsoft.windows.common-controls_6595b64144ccf1df_6.0.7601.17514_none_fa396087175ac9ac;C:\Program Files\Android\Android Studio\jre\bin\server;C:\Users\Anu\.gradle\native\8bec1ad78214c89d9ad589b4d07fe93259594b29d510b10fafb7a158f7737e5d\windows-amd64;C:\Users\Anu\.gradle\native\53dbd7edfb1c66fb8903c78663c9afc45aea4f116125fa6feffd364cf09443e8\windows-amd64

VM Arguments:
jvm_args: --add-opens=java.base/java.util=ALL-UNNAMED --add-opens=java.base/java.lang=ALL-UNNAMED --add-opens=java.base/java.lang.invoke=ALL-UNNAMED --add-opens=java.base/java.util=ALL-UNNAMED --add-opens=java.prefs/java.util.prefs=ALL-UNNAMED --add-opens=java.prefs/java.util.prefs=ALL-UNNAMED --add-opens=java.base/java.nio.charset=ALL-UNNAMED --add-opens=java.base/java.net=ALL-UNNAMED --add-opens=java.base/java.util.concurrent.atomic=ALL-UNNAMED -Xmx2048m -Dfile.encoding=UTF-8 -Duser.country=US -Duser.language=en -Duser.variant 
java_command: org.gradle.launcher.daemon.bootstrap.GradleDaemon 7.0.2
java_class_path (initial): C:\Users\Anu\.gradle\wrapper\dists\gradle-7.0.2-bin\857tjihv64xamwrf0h14cai3r\gradle-7.0.2\lib\gradle-launcher-7.0.2.jar
Launcher Type: SUN_STANDARD

[Global flags]
     intx CICompilerCount                          = 2                                         {product} {ergonomic}
     uint ConcGCThreads                            = 1                                         {product} {ergonomic}
     uint G1ConcRefinementThreads                  = 2                                         {product} {ergonomic}
   size_t G1HeapRegionSize                         = 1048576                                   {product} {ergonomic}
    uintx GCDrainStackTargetSize                   = 64                                        {product} {ergonomic}
   size_t InitialHeapSize                          = 50331648                                  {product} {ergonomic}
   size_t MarkStackSize                            = 4194304                                   {product} {ergonomic}
   size_t MaxHeapSize                              = 2147483648                                {product} {command line}
   size_t MaxNewSize                               = 1287651328                                {product} {ergonomic}
   size_t MinHeapDeltaBytes                        = 1048576                                   {product} {ergonomic}
    uintx NonNMethodCodeHeapSize                   = 5825164                                {pd product} {ergonomic}
    uintx NonProfiledCodeHeapSize                  = 122916538                              {pd product} {ergonomic}
    uintx ProfiledCodeHeapSize                     = 122916538                              {pd product} {ergonomic}
    uintx ReservedCodeCacheSize                    = 251658240                              {pd product} {ergonomic}
     bool SegmentedCodeCache                       = true                                      {product} {ergonomic}
     bool UseCompressedClassPointers               = true                                 {lp64_product} {ergonomic}
     bool UseCompressedOops                        = true                                 {lp64_product} {ergonomic}
     bool UseG1GC                                  = true                                      {product} {ergonomic}
     bool UseLargePagesIndividualAllocation        = false                                  {pd product} {ergonomic}

Logging:
Log output configuration:
 #0: stdout all=warning uptime,level,tags
 #1: stderr all=off uptime,level,tags

Environment Variables:
JAVA_HOME=C:\Program Files\Android\Android Studio\jre
PATH=C:\Windows\system32;C:\Windows;C:\Windows\System32\Wbem;C:\Windows\System32\WindowsPowerShell\v1.0\
USERNAME=Anu
OS=Windows_NT
PROCESSOR_IDENTIFIER=Intel64 Family 6 Model 23 Stepping 10, GenuineIntel



---------------  S Y S T E M  ---------------

OS: Windows 7 , 64 bit Build 7601 (6.1.7601.17514)
OS uptime: 0 days 0:18 hours

CPU:total 2 (initial active 2) (2 cores per cpu, 1 threads per core) family 6 model 23 stepping 10 microcode 0x0, cmov, cx8, fxsr, mmx, sse, sse2, sse3, ssse3, sse4.1, tsc

Memory: 4k page, system-wide physical 3034M (303M free)
TotalPageFile size 4626M (AvailPageFile size 399M)
current process WorkingSet (physical memory assigned to process): 620M, peak: 633M
current process commit charge ("private bytes"): 727M, peak: 1126M

vm_info: OpenJDK 64-Bit Server VM (11.0.10+0-b96-7249189) for windows-amd64 JRE (11.0.10+0-b96-7249189), built on Mar 31 2021 21:44:00 by "builder" with MS VC++ 14.0 (VS2015)

END.
