#
# There is insufficient memory for the Java Runtime Environment to continue.
# Native memory allocation (mmap) failed to map 65536 bytes for Failed to commit area from 0x0000000016980000 to 0x0000000016990000 of length 65536.
# Possible reasons:
#   The system is out of physical RAM or swap space
#   The process is running with CompressedOops enabled, and the Java Heap may be blocking the growth of the native heap
# Possible solutions:
#   Reduce memory load on the system
#   Increase physical memory or swap space
#   Check if swap backing store is full
#   Decrease Java heap size (-Xmx/-Xms)
#   Decrease number of Java threads
#   Decrease Java thread stack sizes (-Xss)
#   Set larger code cache with -XX:ReservedCodeCacheSize=
#   JVM is running with Unscaled Compressed Oops mode in which the Java heap is
#     placed in the first 4GB address space. The Java Heap base address is the
#     maximum limit for the native heap growth. Please use -XX:HeapBaseMinAddress
#     to set the Java Heap base and to place the Java Heap above 4GB virtual address.
# This output file may be truncated or incomplete.
#
#  Out of Memory Error (./src/hotspot/os/windows/os_windows.cpp:3301), pid=4456, tid=3932
#
# JRE version: OpenJDK Runtime Environment (11.0.10) (build 11.0.10+0-b96-7249189)
# Java VM: OpenJDK 64-Bit Server VM (11.0.10+0-b96-7249189, mixed mode, tiered, compressed oops, g1 gc, windows-amd64)
# No core dump will be written. Minidumps are not enabled by default on client versions of Windows
#

---------------  S U M M A R Y ------------

Command Line: --add-opens=java.base/java.util=ALL-UNNAMED --add-opens=java.base/java.lang=ALL-UNNAMED --add-opens=java.base/java.lang.invoke=ALL-UNNAMED --add-opens=java.base/java.util=ALL-UNNAMED --add-opens=java.prefs/java.util.prefs=ALL-UNNAMED --add-opens=java.prefs/java.util.prefs=ALL-UNNAMED --add-opens=java.base/java.nio.charset=ALL-UNNAMED --add-opens=java.base/java.net=ALL-UNNAMED --add-opens=java.base/java.util.concurrent.atomic=ALL-UNNAMED -Xmx2048m -Dfile.encoding=UTF-8 -Duser.country=US -Duser.language=en -Duser.variant org.gradle.launcher.daemon.bootstrap.GradleDaemon 7.0.2

Host: Intel(R) Core(TM)2 Duo CPU     T6500  @ 2.10GHz, 2 cores, 2G,  Windows 7 , 64 bit Build 7601 (6.1.7601.17514)
Time: Fri Sep 24 23:27:30 2021 Malay Peninsula Standard Time elapsed time: 6849.189303 seconds (0d 1h 54m 9s)

---------------  T H R E A D  ---------------

Current thread (0x000000005d4b6000):  VMThread "VM Thread" [stack: 0x000000001c980000,0x000000001ca80000] [id=3932]

Stack: [0x000000001c980000,0x000000001ca80000]
[error occurred during error reporting (printing stack bounds), id 0xc0000005, EXCEPTION_ACCESS_VIOLATION (0xc0000005) at pc=0x0000000006250f3d]

Native frames: (J=compiled Java code, j=interpreted, Vv=VM code, C=native code)
V  [jvm.dll+0x5ecfaa]
V  [jvm.dll+0x722bd5]
V  [jvm.dll+0x72412d]
V  [jvm.dll+0x724745]
V  [jvm.dll+0x7246fb]
V  [jvm.dll+0x5ec348]
V  [jvm.dll+0x5ecad8]
C  [ntdll.dll+0x29d0d]
C  [ntdll.dll+0x191af]
C  [ntdll.dll+0x51278]
C  0x0000000006250f3d

VM_Operation (0x00000000631f7a30): G1CollectForAllocation, mode: safepoint, requested by thread 0x0000000061612800


---------------  P R O C E S S  ---------------

Threads class SMR info:
_java_thread_list=0x000000006cd5cc00, length=45, elements={
0x0000000000272800, 0x000000005d4b9000, 0x000000005d4ba800, 0x000000005d4ce800,
0x000000005d4d1800, 0x000000005d4d3000, 0x000000005d4db000, 0x000000005d4dd800,
0x000000005d51e800, 0x000000005e39b800, 0x000000005f500000, 0x0000000060090800,
0x000000006009d000, 0x0000000060799000, 0x000000006079a000, 0x000000006079a800,
0x000000006079c800, 0x000000006079d000, 0x0000000060e86000, 0x0000000060e88800,
0x0000000060e89800, 0x0000000060e8a800, 0x0000000060da1800, 0x00000000698a2000,
0x00000000698a4000, 0x000000006160f800, 0x0000000061610800, 0x0000000061612000,
0x0000000061613800, 0x0000000061614800, 0x0000000061612800, 0x0000000061615000,
0x0000000061616000, 0x0000000061611000, 0x0000000060da3000, 0x0000000060da0800,
0x0000000060d9d800, 0x0000000060da4000, 0x0000000060d9e000, 0x0000000060798000,
0x000000006079f000, 0x000000006079e000, 0x000000006079b800, 0x00000000698a1800,
0x00000000698a3000
}

Java Threads: ( => current thread )
  0x0000000000272800 JavaThread "main" [_thread_blocked, id=5000, stack(0x0000000002270000,0x0000000002370000)]
  0x000000005d4b9000 JavaThread "Reference Handler" daemon [_thread_blocked, id=4388, stack(0x000000005d730000,0x000000005d830000)]
  0x000000005d4ba800 JavaThread "Finalizer" daemon [_thread_blocked, id=2548, stack(0x000000005d8e0000,0x000000005d9e0000)]
  0x000000005d4ce800 JavaThread "Signal Dispatcher" daemon [_thread_blocked, id=4400, stack(0x000000005db40000,0x000000005dc40000)]
  0x000000005d4d1800 JavaThread "Attach Listener" daemon [_thread_blocked, id=4632, stack(0x000000005dd50000,0x000000005de50000)]
  0x000000005d4d3000 JavaThread "Service Thread" daemon [_thread_blocked, id=1872, stack(0x000000005df90000,0x000000005e090000)]
  0x000000005d4db000 JavaThread "C2 CompilerThread0" daemon [_thread_blocked, id=2556, stack(0x000000005dc40000,0x000000005dd40000)]
  0x000000005d4dd800 JavaThread "C1 CompilerThread0" daemon [_thread_blocked, id=3548, stack(0x000000005e0c0000,0x000000005e1c0000)]
  0x000000005d51e800 JavaThread "Sweeper thread" daemon [_thread_blocked, id=2020, stack(0x000000005e1d0000,0x000000005e2d0000)]
  0x000000005e39b800 JavaThread "Common-Cleaner" daemon [_thread_blocked, id=808, stack(0x000000005da30000,0x000000005db30000)]
  0x000000005f500000 JavaThread "Daemon health stats" [_thread_blocked, id=4252, stack(0x00000000616c0000,0x00000000617c0000)]
  0x0000000060090800 JavaThread "Incoming local TCP Connector on port 55731" [_thread_in_native, id=4100, stack(0x0000000061a60000,0x0000000061b60000)]
  0x000000006009d000 JavaThread "Daemon periodic checks" [_thread_blocked, id=660, stack(0x0000000061b80000,0x0000000061c80000)]
  0x0000000060799000 JavaThread "Cache worker for file hash cache (C:\Users\Anu\.gradle\caches\7.0.2\fileHashes)" [_thread_blocked, id=3896, stack(0x00000000629e0000,0x0000000062ae0000)]
  0x000000006079a000 JavaThread "File lock request listener" [_thread_in_native, id=4940, stack(0x0000000062b80000,0x0000000062c80000)]
  0x000000006079a800 JavaThread "Cache worker for journal cache (C:\Users\Anu\.gradle\caches\journal-1)" [_thread_blocked, id=2916, stack(0x0000000061ee0000,0x0000000061fe0000)]
  0x000000006079c800 JavaThread "File watcher server" daemon [_thread_blocked, id=2608, stack(0x0000000064430000,0x0000000064530000)]
  0x000000006079d000 JavaThread "File watcher consumer" daemon [_thread_blocked, id=3964, stack(0x0000000063240000,0x0000000063340000)]
  0x0000000060e86000 JavaThread "Cache worker for execution history cache (C:\Users\Anu\.gradle\caches\7.0.2\executionHistory)" [_thread_blocked, id=2992, stack(0x0000000064dd0000,0x0000000064ed0000)]
  0x0000000060e88800 JavaThread "jar transforms" [_thread_blocked, id=5068, stack(0x0000000065680000,0x0000000065780000)]
  0x0000000060e89800 JavaThread "jar transforms Thread 2" [_thread_blocked, id=5036, stack(0x0000000065530000,0x0000000065630000)]
  0x0000000060e8a800 JavaThread "Cache worker for file content cache (C:\Users\Anu\.gradle\caches\7.0.2\fileContent)" [_thread_blocked, id=1792, stack(0x0000000065990000,0x0000000065a90000)]
  0x0000000060da1800 JavaThread "Memory manager" [_thread_blocked, id=3956, stack(0x00000000684e0000,0x00000000685e0000)]
  0x00000000698a2000 JavaThread "RMI Scheduler(0)" daemon [_thread_blocked, id=4232, stack(0x000000006ac50000,0x000000006ad50000)]
  0x00000000698a4000 JavaThread "RMI GC Daemon" daemon [_thread_blocked, id=3316, stack(0x000000006bc00000,0x000000006bd00000)]
  0x000000006160f800 JavaThread "RMI TCP Accept-0" daemon [_thread_in_native, id=2828, stack(0x000000006bd40000,0x000000006be40000)]
  0x0000000061610800 JavaThread "RMI Reaper" [_thread_blocked, id=4680, stack(0x000000006bf70000,0x000000006c070000)]
  0x0000000061612000 JavaThread "Daemon Thread 4" [_thread_blocked, id=1364, stack(0x0000000062170000,0x0000000062270000)]
  0x0000000061613800 JavaThread "Handler for socket connection from /127.0.0.1:55731 to /127.0.0.1:56442" [_thread_in_native, id=1564, stack(0x0000000062440000,0x0000000062540000)]
  0x0000000061614800 JavaThread "Cancel handler" [_thread_blocked, id=1380, stack(0x00000000625b0000,0x00000000626b0000)]
  0x0000000061612800 JavaThread "Daemon worker Thread 4" [_thread_blocked, id=4780, stack(0x0000000063100000,0x0000000063200000)]
  0x0000000061615000 JavaThread "Asynchronous log dispatcher for DefaultDaemonConnection: socket connection from /127.0.0.1:55731 to /127.0.0.1:56442" [_thread_blocked, id=4636, stack(0x0000000064730000,0x0000000064830000)]
  0x0000000061616000 JavaThread "Stdin handler" [_thread_blocked, id=4116, stack(0x0000000064940000,0x0000000064a40000)]
  0x0000000061611000 JavaThread "Daemon client event forwarder" [_thread_blocked, id=4720, stack(0x0000000065dc0000,0x0000000065ec0000)]
  0x0000000060da3000 JavaThread "Cache worker for file hash cache (F:\SgMobileData\.gradle\7.0.2\fileHashes)" [_thread_blocked, id=3008, stack(0x0000000067630000,0x0000000067730000)]
  0x0000000060da0800 JavaThread "Cache worker for checksums cache (F:\SgMobileData\.gradle\checksums)" [_thread_blocked, id=2256, stack(0x0000000067870000,0x0000000067970000)]
  0x0000000060d9d800 JavaThread "Cache worker for cache directory md-supplier (C:\Users\Anu\.gradle\caches\7.0.2\md-supplier)" [_thread_blocked, id=2696, stack(0x000000006ad50000,0x000000006ae50000)]
  0x0000000060da4000 JavaThread "Cache worker for cache directory md-rule (C:\Users\Anu\.gradle\caches\7.0.2\md-rule)" [_thread_blocked, id=688, stack(0x000000006be60000,0x000000006bf60000)]
  0x0000000060d9e000 JavaThread "Cache worker for dependencies-accessors (F:\SgMobileData\.gradle\7.0.2\dependencies-accessors)" [_thread_blocked, id=4736, stack(0x000000006e790000,0x000000006e890000)]
  0x0000000060798000 JavaThread "Cache worker for Build Output Cleanup Cache (F:\SgMobileData\.gradle\buildOutputCleanup)" [_thread_blocked, id=4408, stack(0x0000000067970000,0x0000000067a70000)]
  0x000000006079f000 JavaThread "Build operations" [_thread_blocked, id=4176, stack(0x0000000065cc0000,0x0000000065dc0000)]
  0x000000006079e000 JavaThread "Build operations Thread 2" [_thread_blocked, id=4844, stack(0x0000000067730000,0x0000000067830000)]
  0x000000006079b800 JavaThread "build event listener" [_thread_blocked, id=3288, stack(0x000000006e980000,0x000000006ea80000)]
  0x00000000698a1800 JavaThread "Execution worker for ':'" [_thread_blocked, id=168, stack(0x0000000070430000,0x0000000070530000)]
  0x00000000698a3000 JavaThread "Cache worker for execution history cache (F:\SgMobileData\.gradle\7.0.2\executionHistory)" [_thread_blocked, id=2464, stack(0x000000006f700000,0x000000006f800000)]

Other Threads:
=>0x000000005d4b6000 VMThread "VM Thread" [stack: 0x000000001c980000,0x000000001ca80000] [id=3932]
  0x000000005e3c9000 WatcherThread [stack: 0x000000005e7f0000,0x000000005e8f0000] [id=3216]
  0x000000000028a800 GCTaskThread "GC Thread#0" [stack: 0x0000000015340000,0x0000000015440000] [id=4812]
  0x000000005e430800 GCTaskThread "GC Thread#1" [stack: 0x000000005e9f0000,0x000000005eaf0000] [id=736]
  0x00000000002bb000 ConcurrentGCThread "G1 Main Marker" [stack: 0x000000001a400000,0x000000001a500000] [id=3328]
  0x00000000002bc000 ConcurrentGCThread "G1 Conc#0" [stack: 0x000000001a290000,0x000000001a390000] [id=2508]
  0x000000000030e000 ConcurrentGCThread "G1 Refine#0" [stack: 0x000000001c720000,0x000000001c820000] [id=3584]
  0x000000005f11f800 ConcurrentGCThread "G1 Refine#1" [stack: 0x0000000062280000,0x0000000062380000] [id=4656]
  0x000000000030f000 ConcurrentGCThread "G1 Young RemSet Sampling" [stack: 0x000000001cae0000,0x000000001cbe0000] [id=4976]

Threads with active compile tasks:
C2 CompilerThread06849815 19113       4       org.gradle.api.internal.attributes.DefaultImmutableAttributes::getAttribute (21 bytes)

VM state:at safepoint (normal execution)

VM Mutex/Monitor currently owned by a thread:  ([mutex/lock_event])
[0x000000000026eae0] Threads_lock - owner thread: 0x000000005d4b6000
[0x000000000026f2c0] Heap_lock - owner thread: 0x0000000061612800

Heap address: 0x0000000080000000, size: 2048 MB, Compressed Oops mode: 32-bit
Narrow klass base: 0x0000000000000000, Narrow klass shift: 0
Compressed class space size: 1073741824 Address: 0x000000001cbe0000

Heap:
 garbage-first heap   total 613376K, used 136555K [0x0000000080000000, 0x0000000100000000)
  region size 1024K, 3 young (3072K), 3 survivors (3072K)
 Metaspace       used 148021K, capacity 151761K, committed 152968K, reserved 1181696K
  class space    used 18343K, capacity 19636K, committed 20044K, reserved 1048576K
Heap Regions: E=young(eden), S=young(survivor), O=old, HS=humongous(starts), HC=humongous(continues), CS=collection set, F=free, A=archive, TAMS=top-at-mark-start (previous, next)
|   0|0x0000000080000000, 0x0000000080100000, 0x0000000080100000|100%| O|  |TAMS 0x0000000080100000, 0x0000000080000000| Untracked 
|   1|0x0000000080100000, 0x0000000080200000, 0x0000000080200000|100%| O|  |TAMS 0x0000000080200000, 0x0000000080100000| Untracked 
|   2|0x0000000080200000, 0x0000000080300000, 0x0000000080300000|100%| O|  |TAMS 0x0000000080300000, 0x0000000080200000| Untracked 
|   3|0x0000000080300000, 0x0000000080400000, 0x0000000080400000|100%| O|  |TAMS 0x0000000080400000, 0x0000000080300000| Untracked 
|   4|0x0000000080400000, 0x0000000080500000, 0x0000000080500000|100%|HS|  |TAMS 0x0000000080500000, 0x0000000080400000| Complete 
|   5|0x0000000080500000, 0x0000000080600000, 0x0000000080600000|100%|HC|  |TAMS 0x0000000080600000, 0x0000000080500000| Complete 
|   6|0x0000000080600000, 0x0000000080700000, 0x0000000080700000|100%|HC|  |TAMS 0x0000000080700000, 0x0000000080600000| Complete 
|   7|0x0000000080700000, 0x0000000080800000, 0x0000000080800000|100%| O|  |TAMS 0x0000000080800000, 0x0000000080700000| Untracked 
|   8|0x0000000080800000, 0x0000000080900000, 0x0000000080900000|100%| O|  |TAMS 0x0000000080900000, 0x0000000080800000| Complete 
|   9|0x0000000080900000, 0x0000000080a00000, 0x0000000080a00000|100%| O|  |TAMS 0x0000000080a00000, 0x0000000080900000| Untracked 
|  10|0x0000000080a00000, 0x0000000080b00000, 0x0000000080b00000|100%| O|  |TAMS 0x0000000080b00000, 0x0000000080a00000| Untracked 
|  11|0x0000000080b00000, 0x0000000080c00000, 0x0000000080c00000|100%| O|  |TAMS 0x0000000080c00000, 0x0000000080b00000| Complete 
|  12|0x0000000080c00000, 0x0000000080d00000, 0x0000000080d00000|100%| O|  |TAMS 0x0000000080d00000, 0x0000000080c00000| Untracked 
|  13|0x0000000080d00000, 0x0000000080e00000, 0x0000000080e00000|100%| O|  |TAMS 0x0000000080e00000, 0x0000000080d00000| Complete 
|  14|0x0000000080e00000, 0x0000000080f00000, 0x0000000080f00000|100%| O|  |TAMS 0x0000000080f00000, 0x0000000080e00000| Untracked 
|  15|0x0000000080f00000, 0x0000000081000000, 0x0000000081000000|100%| O|  |TAMS 0x0000000081000000, 0x0000000080f00000| Complete 
|  16|0x0000000081000000, 0x0000000081100000, 0x0000000081100000|100%| O|  |TAMS 0x0000000081100000, 0x0000000081000000| Complete 
|  17|0x0000000081100000, 0x0000000081200000, 0x0000000081200000|100%| O|  |TAMS 0x0000000081200000, 0x0000000081100000| Complete 
|  18|0x0000000081200000, 0x0000000081300000, 0x0000000081300000|100%| O|  |TAMS 0x0000000081300000, 0x0000000081200000| Complete 
|  19|0x0000000081300000, 0x0000000081400000, 0x0000000081400000|100%| O|  |TAMS 0x0000000081400000, 0x0000000081300000| Untracked 
|  20|0x0000000081400000, 0x0000000081500000, 0x0000000081500000|100%| O|  |TAMS 0x0000000081500000, 0x0000000081400000| Complete 
|  21|0x0000000081500000, 0x0000000081600000, 0x0000000081600000|100%| O|  |TAMS 0x0000000081600000, 0x0000000081500000| Complete 
|  22|0x0000000081600000, 0x0000000081700000, 0x0000000081700000|100%| O|  |TAMS 0x0000000081700000, 0x0000000081600000| Untracked 
|  23|0x0000000081700000, 0x0000000081800000, 0x0000000081800000|100%| O|  |TAMS 0x0000000081800000, 0x0000000081700000| Complete 
|  24|0x0000000081800000, 0x0000000081900000, 0x0000000081900000|100%| O|  |TAMS 0x0000000081900000, 0x0000000081800000| Complete 
|  25|0x0000000081900000, 0x0000000081a00000, 0x0000000081a00000|100%| O|  |TAMS 0x0000000081a00000, 0x0000000081900000| Complete 
|  26|0x0000000081a00000, 0x0000000081b00000, 0x0000000081b00000|100%| O|  |TAMS 0x0000000081b00000, 0x0000000081a00000| Complete 
|  27|0x0000000081b00000, 0x0000000081c00000, 0x0000000081c00000|100%| O|  |TAMS 0x0000000081c00000, 0x0000000081b00000| Complete 
|  28|0x0000000081c00000, 0x0000000081d00000, 0x0000000081d00000|100%| O|  |TAMS 0x0000000081d00000, 0x0000000081c00000| Untracked 
|  29|0x0000000081d00000, 0x0000000081e00000, 0x0000000081e00000|100%|HS|  |TAMS 0x0000000081e00000, 0x0000000081d00000| Complete 
|  30|0x0000000081e00000, 0x0000000081f00000, 0x0000000081f00000|100%|HS|  |TAMS 0x0000000081f00000, 0x0000000081e00000| Complete 
|  31|0x0000000081f00000, 0x0000000082000000, 0x0000000082000000|100%|HS|  |TAMS 0x0000000082000000, 0x0000000081f00000| Complete 
|  32|0x0000000082000000, 0x0000000082100000, 0x0000000082100000|100%|HS|  |TAMS 0x0000000082100000, 0x0000000082000000| Complete 
|  33|0x0000000082100000, 0x0000000082200000, 0x0000000082200000|100%|HC|  |TAMS 0x0000000082200000, 0x0000000082100000| Complete 
|  34|0x0000000082200000, 0x0000000082300000, 0x0000000082300000|100%|HC|  |TAMS 0x0000000082300000, 0x0000000082200000| Complete 
|  35|0x0000000082300000, 0x0000000082400000, 0x0000000082400000|100%|HS|  |TAMS 0x0000000082400000, 0x0000000082300000| Complete 
|  36|0x0000000082400000, 0x0000000082500000, 0x0000000082500000|100%|HC|  |TAMS 0x0000000082500000, 0x0000000082400000| Complete 
|  37|0x0000000082500000, 0x0000000082600000, 0x0000000082600000|100%| O|  |TAMS 0x0000000082600000, 0x0000000082500000| Untracked 
|  38|0x0000000082600000, 0x0000000082700000, 0x0000000082700000|100%| O|  |TAMS 0x0000000082700000, 0x0000000082600000| Complete 
|  39|0x0000000082700000, 0x0000000082800000, 0x0000000082800000|100%| O|  |TAMS 0x0000000082800000, 0x0000000082700000| Complete 
|  40|0x0000000082800000, 0x0000000082800000, 0x0000000082900000|  0%| F|  |TAMS 0x0000000082800000, 0x0000000082800000| Untracked 
|  41|0x0000000082900000, 0x0000000082a00000, 0x0000000082a00000|100%| O|  |TAMS 0x0000000082a00000, 0x0000000082900000| Untracked 
|  42|0x0000000082a00000, 0x0000000082b00000, 0x0000000082b00000|100%| O|  |TAMS 0x0000000082b00000, 0x0000000082a00000| Untracked 
|  43|0x0000000082b00000, 0x0000000082c00000, 0x0000000082c00000|100%| O|  |TAMS 0x0000000082c00000, 0x0000000082b00000| Complete 
|  44|0x0000000082c00000, 0x0000000082d00000, 0x0000000082d00000|100%| O|  |TAMS 0x0000000082d00000, 0x0000000082c00000| Complete 
|  45|0x0000000082d00000, 0x0000000082e00000, 0x0000000082e00000|100%| O|  |TAMS 0x0000000082e00000, 0x0000000082d00000| Untracked 
|  46|0x0000000082e00000, 0x0000000082f00000, 0x0000000082f00000|100%| O|  |TAMS 0x0000000082f00000, 0x0000000082e00000| Complete 
|  47|0x0000000082f00000, 0x0000000083000000, 0x0000000083000000|100%| O|  |TAMS 0x0000000083000000, 0x0000000082f00000| Complete 
|  48|0x0000000083000000, 0x0000000083100000, 0x0000000083100000|100%| O|  |TAMS 0x0000000083100000, 0x0000000083000000| Complete 
|  49|0x0000000083100000, 0x0000000083200000, 0x0000000083200000|100%| O|  |TAMS 0x0000000083200000, 0x0000000083100000| Complete 
|  50|0x0000000083200000, 0x0000000083300000, 0x0000000083300000|100%| O|  |TAMS 0x0000000083300000, 0x0000000083200000| Complete 
|  51|0x0000000083300000, 0x0000000083400000, 0x0000000083400000|100%| O|  |TAMS 0x0000000083400000, 0x0000000083300000| Complete 
|  52|0x0000000083400000, 0x0000000083500000, 0x0000000083500000|100%| O|  |TAMS 0x0000000083500000, 0x0000000083400000| Complete 
|  53|0x0000000083500000, 0x0000000083600000, 0x0000000083600000|100%| O|  |TAMS 0x0000000083600000, 0x0000000083500000| Complete 
|  54|0x0000000083600000, 0x0000000083700000, 0x0000000083700000|100%| O|  |TAMS 0x0000000083700000, 0x0000000083600000| Complete 
|  55|0x0000000083700000, 0x0000000083800000, 0x0000000083800000|100%| O|  |TAMS 0x0000000083800000, 0x0000000083700000| Complete 
|  56|0x0000000083800000, 0x0000000083900000, 0x0000000083900000|100%| O|  |TAMS 0x0000000083900000, 0x0000000083800000| Complete 
|  57|0x0000000083900000, 0x0000000083a00000, 0x0000000083a00000|100%| O|  |TAMS 0x0000000083a00000, 0x0000000083900000| Complete 
|  58|0x0000000083a00000, 0x0000000083b00000, 0x0000000083b00000|100%| O|  |TAMS 0x0000000083b00000, 0x0000000083a00000| Complete 
|  59|0x0000000083b00000, 0x0000000083c00000, 0x0000000083c00000|100%| O|  |TAMS 0x0000000083c00000, 0x0000000083b00000| Complete 
|  60|0x0000000083c00000, 0x0000000083d00000, 0x0000000083d00000|100%| O|  |TAMS 0x0000000083d00000, 0x0000000083c00000| Complete 
|  61|0x0000000083d00000, 0x0000000083e00000, 0x0000000083e00000|100%| O|  |TAMS 0x0000000083e00000, 0x0000000083d00000| Complete 
|  62|0x0000000083e00000, 0x0000000083f00000, 0x0000000083f00000|100%| O|  |TAMS 0x0000000083f00000, 0x0000000083e00000| Complete 
|  63|0x0000000083f00000, 0x0000000084000000, 0x0000000084000000|100%| O|  |TAMS 0x0000000084000000, 0x0000000083f00000| Untracked 
|  64|0x0000000084000000, 0x0000000084100000, 0x0000000084100000|100%| O|  |TAMS 0x0000000084100000, 0x0000000084000000| Complete 
|  65|0x0000000084100000, 0x0000000084100000, 0x0000000084200000|  0%| F|  |TAMS 0x0000000084100000, 0x0000000084100000| Untracked 
|  66|0x0000000084200000, 0x0000000084200000, 0x0000000084300000|  0%| F|  |TAMS 0x0000000084200000, 0x0000000084200000| Untracked 
|  67|0x0000000084300000, 0x0000000084400000, 0x0000000084400000|100%| O|  |TAMS 0x0000000084400000, 0x0000000084300000| Complete 
|  68|0x0000000084400000, 0x0000000084400000, 0x0000000084500000|  0%| F|  |TAMS 0x0000000084400000, 0x0000000084400000| Untracked 
|  69|0x0000000084500000, 0x0000000084600000, 0x0000000084600000|100%| O|  |TAMS 0x0000000084600000, 0x0000000084500000| Complete 
|  70|0x0000000084600000, 0x0000000084700000, 0x0000000084700000|100%| O|  |TAMS 0x0000000084700000, 0x0000000084600000| Complete 
|  71|0x0000000084700000, 0x0000000084700000, 0x0000000084800000|  0%| F|  |TAMS 0x0000000084700000, 0x0000000084700000| Untracked 
|  72|0x0000000084800000, 0x0000000084900000, 0x0000000084900000|100%| O|  |TAMS 0x0000000084900000, 0x0000000084800000| Complete 
|  73|0x0000000084900000, 0x0000000084a00000, 0x0000000084a00000|100%| O|  |TAMS 0x0000000084a00000, 0x0000000084900000| Untracked 
|  74|0x0000000084a00000, 0x0000000084b00000, 0x0000000084b00000|100%| O|  |TAMS 0x0000000084b00000, 0x0000000084a00000| Complete 
|  75|0x0000000084b00000, 0x0000000084c00000, 0x0000000084c00000|100%| O|  |TAMS 0x0000000084c00000, 0x0000000084b00000| Untracked 
|  76|0x0000000084c00000, 0x0000000084d00000, 0x0000000084d00000|100%| O|  |TAMS 0x0000000084d00000, 0x0000000084c00000| Untracked 
|  77|0x0000000084d00000, 0x0000000084e00000, 0x0000000084e00000|100%| O|  |TAMS 0x0000000084e00000, 0x0000000084d00000| Complete 
|  78|0x0000000084e00000, 0x0000000084f00000, 0x0000000084f00000|100%| O|  |TAMS 0x0000000084f00000, 0x0000000084e00000| Complete 
|  79|0x0000000084f00000, 0x0000000085000000, 0x0000000085000000|100%| O|  |TAMS 0x0000000085000000, 0x0000000084f00000| Complete 
|  80|0x0000000085000000, 0x0000000085100000, 0x0000000085100000|100%| O|  |TAMS 0x0000000085100000, 0x0000000085000000| Complete 
|  81|0x0000000085100000, 0x0000000085200000, 0x0000000085200000|100%| O|  |TAMS 0x0000000085200000, 0x0000000085100000| Complete 
|  82|0x0000000085200000, 0x0000000085300000, 0x0000000085300000|100%| O|  |TAMS 0x0000000085300000, 0x0000000085200000| Complete 
|  83|0x0000000085300000, 0x0000000085400000, 0x0000000085400000|100%| O|  |TAMS 0x0000000085400000, 0x0000000085300000| Complete 
|  84|0x0000000085400000, 0x0000000085500000, 0x0000000085500000|100%| O|  |TAMS 0x0000000085500000, 0x0000000085400000| Complete 
|  85|0x0000000085500000, 0x0000000085600000, 0x0000000085600000|100%|HS|  |TAMS 0x0000000085600000, 0x0000000085500000| Complete 
|  86|0x0000000085600000, 0x0000000085700000, 0x0000000085700000|100%|HC|  |TAMS 0x0000000085700000, 0x0000000085600000| Complete 
|  87|0x0000000085700000, 0x0000000085800000, 0x0000000085800000|100%|HC|  |TAMS 0x0000000085800000, 0x0000000085700000| Complete 
|  88|0x0000000085800000, 0x0000000085800000, 0x0000000085900000|  0%| F|  |TAMS 0x0000000085800000, 0x0000000085800000| Untracked 
|  89|0x0000000085900000, 0x0000000085900000, 0x0000000085a00000|  0%| F|  |TAMS 0x0000000085900000, 0x0000000085900000| Untracked 
|  90|0x0000000085a00000, 0x0000000085a00000, 0x0000000085b00000|  0%| F|  |TAMS 0x0000000085a00000, 0x0000000085a00000| Untracked 
|  91|0x0000000085b00000, 0x0000000085b00000, 0x0000000085c00000|  0%| F|  |TAMS 0x0000000085b00000, 0x0000000085b00000| Untracked 
|  92|0x0000000085c00000, 0x0000000085c00000, 0x0000000085d00000|  0%| F|  |TAMS 0x0000000085c00000, 0x0000000085c00000| Untracked 
|  93|0x0000000085d00000, 0x0000000085e00000, 0x0000000085e00000|100%| O|  |TAMS 0x0000000085e00000, 0x0000000085d00000| Complete 
|  94|0x0000000085e00000, 0x0000000085f00000, 0x0000000085f00000|100%| O|  |TAMS 0x0000000085e00000, 0x0000000085e00000| Untracked 
|  95|0x0000000085f00000, 0x0000000086000000, 0x0000000086000000|100%| O|  |TAMS 0x0000000085f00000, 0x0000000085f00000| Untracked 
|  96|0x0000000086000000, 0x0000000086000000, 0x0000000086100000|  0%| F|  |TAMS 0x0000000086000000, 0x0000000086000000| Untracked 
|  97|0x0000000086100000, 0x0000000086200000, 0x0000000086200000|100%| O|  |TAMS 0x0000000086200000, 0x0000000086100000| Untracked 
|  98|0x0000000086200000, 0x0000000086200000, 0x0000000086300000|  0%| F|  |TAMS 0x0000000086200000, 0x0000000086200000| Untracked 
|  99|0x0000000086300000, 0x0000000086400000, 0x0000000086400000|100%| O|  |TAMS 0x0000000086300000, 0x0000000086300000| Untracked 
| 100|0x0000000086400000, 0x0000000086500000, 0x0000000086500000|100%|HS|  |TAMS 0x0000000086500000, 0x0000000086400000| Complete 
| 101|0x0000000086500000, 0x0000000086500000, 0x0000000086600000|  0%| F|  |TAMS 0x0000000086500000, 0x0000000086500000| Untracked 
| 102|0x0000000086600000, 0x0000000086700000, 0x0000000086700000|100%| O|  |TAMS 0x0000000086600000, 0x0000000086600000| Untracked 
| 103|0x0000000086700000, 0x0000000086700000, 0x0000000086800000|  0%| F|  |TAMS 0x0000000086700000, 0x0000000086700000| Untracked 
| 104|0x0000000086800000, 0x0000000086800000, 0x0000000086900000|  0%| F|  |TAMS 0x0000000086800000, 0x0000000086800000| Untracked 
| 105|0x0000000086900000, 0x0000000086a00000, 0x0000000086a00000|100%| O|  |TAMS 0x0000000086900000, 0x0000000086900000| Untracked 
| 106|0x0000000086a00000, 0x0000000086a00000, 0x0000000086b00000|  0%| F|  |TAMS 0x0000000086a00000, 0x0000000086a00000| Untracked 
| 107|0x0000000086b00000, 0x0000000086b00000, 0x0000000086c00000|  0%| F|  |TAMS 0x0000000086b00000, 0x0000000086b00000| Untracked 
| 108|0x0000000086c00000, 0x0000000086c00000, 0x0000000086d00000|  0%| F|  |TAMS 0x0000000086c00000, 0x0000000086c00000| Untracked 
| 109|0x0000000086d00000, 0x0000000086d00000, 0x0000000086e00000|  0%| F|  |TAMS 0x0000000086d00000, 0x0000000086d00000| Untracked 
| 110|0x0000000086e00000, 0x0000000086f00000, 0x0000000086f00000|100%| O|  |TAMS 0x0000000086e00000, 0x0000000086e00000| Untracked 
| 111|0x0000000086f00000, 0x0000000087000000, 0x0000000087000000|100%| O|  |TAMS 0x0000000087000000, 0x0000000086f00000| Complete 
| 112|0x0000000087000000, 0x0000000087100000, 0x0000000087100000|100%| O|  |TAMS 0x0000000087100000, 0x0000000087000000| Complete 
| 113|0x0000000087100000, 0x0000000087200000, 0x0000000087200000|100%| O|  |TAMS 0x0000000087200000, 0x0000000087100000| Complete 
| 114|0x0000000087200000, 0x0000000087200000, 0x0000000087300000|  0%| F|  |TAMS 0x0000000087200000, 0x0000000087200000| Untracked 
| 115|0x0000000087300000, 0x0000000087400000, 0x0000000087400000|100%| O|  |TAMS 0x0000000087300000, 0x0000000087300000| Untracked 
| 116|0x0000000087400000, 0x0000000087500000, 0x0000000087500000|100%| O|  |TAMS 0x0000000087400000, 0x0000000087400000| Untracked 
| 117|0x0000000087500000, 0x0000000087600000, 0x0000000087600000|100%| O|  |TAMS 0x0000000087500000, 0x0000000087500000| Untracked 
| 118|0x0000000087600000, 0x0000000087700000, 0x0000000087700000|100%| O|  |TAMS 0x0000000087600000, 0x0000000087600000| Untracked 
| 119|0x0000000087700000, 0x00000000877cfe00, 0x0000000087800000| 81%| O|  |TAMS 0x0000000087700000, 0x0000000087700000| Untracked 
| 120|0x0000000087800000, 0x0000000087900000, 0x0000000087900000|100%| O|  |TAMS 0x0000000087800000, 0x0000000087800000| Untracked 
| 121|0x0000000087900000, 0x0000000087900000, 0x0000000087a00000|  0%| F|  |TAMS 0x0000000087900000, 0x0000000087900000| Untracked 
| 122|0x0000000087a00000, 0x0000000087a00000, 0x0000000087b00000|  0%| F|  |TAMS 0x0000000087a00000, 0x0000000087a00000| Untracked 
| 123|0x0000000087b00000, 0x0000000087b00000, 0x0000000087c00000|  0%| F|  |TAMS 0x0000000087b00000, 0x0000000087b00000| Untracked 
| 124|0x0000000087c00000, 0x0000000087c00000, 0x0000000087d00000|  0%| F|  |TAMS 0x0000000087c00000, 0x0000000087c00000| Untracked 
| 125|0x0000000087d00000, 0x0000000087d00000, 0x0000000087e00000|  0%| F|  |TAMS 0x0000000087d00000, 0x0000000087d00000| Untracked 
| 126|0x0000000087e00000, 0x0000000087e00000, 0x0000000087f00000|  0%| F|  |TAMS 0x0000000087e00000, 0x0000000087e00000| Untracked 
| 127|0x0000000087f00000, 0x0000000087f00000, 0x0000000088000000|  0%| F|  |TAMS 0x0000000087f00000, 0x0000000087f00000| Untracked 
| 128|0x0000000088000000, 0x0000000088000000, 0x0000000088100000|  0%| F|  |TAMS 0x0000000088000000, 0x0000000088000000| Untracked 
| 129|0x0000000088100000, 0x0000000088100000, 0x0000000088200000|  0%| F|  |TAMS 0x0000000088100000, 0x0000000088100000| Untracked 
| 130|0x0000000088200000, 0x0000000088200000, 0x0000000088300000|  0%| F|  |TAMS 0x0000000088200000, 0x0000000088200000| Untracked 
| 131|0x0000000088300000, 0x0000000088300000, 0x0000000088400000|  0%| F|  |TAMS 0x0000000088300000, 0x0000000088300000| Untracked 
| 132|0x0000000088400000, 0x0000000088400000, 0x0000000088500000|  0%| F|  |TAMS 0x0000000088400000, 0x0000000088400000| Untracked 
| 133|0x0000000088500000, 0x0000000088500000, 0x0000000088600000|  0%| F|  |TAMS 0x0000000088500000, 0x0000000088500000| Untracked 
| 134|0x0000000088600000, 0x0000000088600000, 0x0000000088700000|  0%| F|  |TAMS 0x0000000088600000, 0x0000000088600000| Untracked 
| 135|0x0000000088700000, 0x0000000088800000, 0x0000000088800000|100%| O|  |TAMS 0x0000000088800000, 0x0000000088700000| Untracked 
| 136|0x0000000088800000, 0x0000000088900000, 0x0000000088900000|100%| O|  |TAMS 0x0000000088900000, 0x0000000088800000| Complete 
| 137|0x0000000088900000, 0x0000000088a00000, 0x0000000088a00000|100%| O|  |TAMS 0x0000000088a00000, 0x0000000088900000| Complete 
| 138|0x0000000088a00000, 0x0000000088a00000, 0x0000000088b00000|  0%| F|  |TAMS 0x0000000088a00000, 0x0000000088a00000| Untracked 
| 139|0x0000000088b00000, 0x0000000088b00000, 0x0000000088c00000|  0%| F|  |TAMS 0x0000000088b00000, 0x0000000088b00000| Untracked 
| 140|0x0000000088c00000, 0x0000000088c00000, 0x0000000088d00000|  0%| F|  |TAMS 0x0000000088c00000, 0x0000000088c00000| Untracked 
| 141|0x0000000088d00000, 0x0000000088e00000, 0x0000000088e00000|100%| O|  |TAMS 0x0000000088e00000, 0x0000000088d00000| Complete 
| 142|0x0000000088e00000, 0x0000000088f00000, 0x0000000088f00000|100%| O|  |TAMS 0x0000000088f00000, 0x0000000088e00000| Complete 
| 143|0x0000000088f00000, 0x0000000089000000, 0x0000000089000000|100%| O|  |TAMS 0x0000000089000000, 0x0000000088f00000| Complete 
| 144|0x0000000089000000, 0x0000000089100000, 0x0000000089100000|100%| O|  |TAMS 0x0000000089100000, 0x0000000089000000| Complete 
| 145|0x0000000089100000, 0x0000000089200000, 0x0000000089200000|100%| O|  |TAMS 0x0000000089200000, 0x0000000089100000| Complete 
| 146|0x0000000089200000, 0x0000000089300000, 0x0000000089300000|100%| O|  |TAMS 0x0000000089300000, 0x0000000089200000| Complete 
| 147|0x0000000089300000, 0x0000000089400000, 0x0000000089400000|100%| O|  |TAMS 0x0000000089400000, 0x0000000089300000| Complete 
| 148|0x0000000089400000, 0x0000000089400000, 0x0000000089500000|  0%| F|  |TAMS 0x0000000089400000, 0x0000000089400000| Untracked 
| 149|0x0000000089500000, 0x0000000089600000, 0x0000000089600000|100%| O|  |TAMS 0x0000000089600000, 0x0000000089500000| Complete 
| 150|0x0000000089600000, 0x0000000089600000, 0x0000000089700000|  0%| F|  |TAMS 0x0000000089600000, 0x0000000089600000| Untracked 
| 151|0x0000000089700000, 0x0000000089800000, 0x0000000089800000|100%| O|  |TAMS 0x0000000089800000, 0x0000000089700000| Complete 
| 152|0x0000000089800000, 0x0000000089900000, 0x0000000089900000|100%|HS|  |TAMS 0x0000000089900000, 0x0000000089800000| Complete 
| 153|0x0000000089900000, 0x0000000089a00000, 0x0000000089a00000|100%|HC|  |TAMS 0x0000000089a00000, 0x0000000089900000| Complete 
| 154|0x0000000089a00000, 0x0000000089b00000, 0x0000000089b00000|100%| O|  |TAMS 0x0000000089b00000, 0x0000000089a00000| Untracked 
| 155|0x0000000089b00000, 0x0000000089c00000, 0x0000000089c00000|100%| O|  |TAMS 0x0000000089c00000, 0x0000000089b00000| Untracked 
| 156|0x0000000089c00000, 0x0000000089c00000, 0x0000000089d00000|  0%| F|  |TAMS 0x0000000089c00000, 0x0000000089c00000| Untracked 
| 157|0x0000000089d00000, 0x0000000089e00000, 0x0000000089e00000|100%| O|  |TAMS 0x0000000089e00000, 0x0000000089d00000| Complete 
| 158|0x0000000089e00000, 0x0000000089f00000, 0x0000000089f00000|100%| O|  |TAMS 0x0000000089f00000, 0x0000000089e00000| Untracked 
| 159|0x0000000089f00000, 0x000000008a000000, 0x000000008a000000|100%| O|  |TAMS 0x000000008a000000, 0x0000000089f00000| Complete 
| 160|0x000000008a000000, 0x000000008a100000, 0x000000008a100000|100%| O|  |TAMS 0x000000008a100000, 0x000000008a000000| Untracked 
| 161|0x000000008a100000, 0x000000008a200000, 0x000000008a200000|100%| O|  |TAMS 0x000000008a200000, 0x000000008a100000| Untracked 
| 162|0x000000008a200000, 0x000000008a300000, 0x000000008a300000|100%| O|  |TAMS 0x000000008a300000, 0x000000008a200000| Complete 
| 163|0x000000008a300000, 0x000000008a400000, 0x000000008a400000|100%| O|  |TAMS 0x000000008a400000, 0x000000008a300000| Untracked 
| 164|0x000000008a400000, 0x000000008a500000, 0x000000008a500000|100%| O|  |TAMS 0x000000008a500000, 0x000000008a400000| Untracked 
| 165|0x000000008a500000, 0x000000008a600000, 0x000000008a600000|100%| O|  |TAMS 0x000000008a5b0200, 0x000000008a500000| Complete 
| 166|0x000000008a600000, 0x000000008a600000, 0x000000008a700000|  0%| F|  |TAMS 0x000000008a600000, 0x000000008a600000| Untracked 
| 167|0x000000008a700000, 0x000000008a700000, 0x000000008a800000|  0%| F|  |TAMS 0x000000008a700000, 0x000000008a700000| Untracked 
| 168|0x000000008a800000, 0x000000008a900000, 0x000000008a900000|100%| O|  |TAMS 0x000000008a800000, 0x000000008a800000| Untracked 
| 169|0x000000008a900000, 0x000000008aa00000, 0x000000008aa00000|100%| O|  |TAMS 0x000000008a900000, 0x000000008a900000| Untracked 
| 170|0x000000008aa00000, 0x000000008ab00000, 0x000000008ab00000|100%| O|  |TAMS 0x000000008aa00000, 0x000000008aa00000| Untracked 
| 171|0x000000008ab00000, 0x000000008ac00000, 0x000000008ac00000|100%| O|  |TAMS 0x000000008ab00000, 0x000000008ab00000| Untracked 
| 172|0x000000008ac00000, 0x000000008ad00000, 0x000000008ad00000|100%| O|  |TAMS 0x000000008ac00000, 0x000000008ac00000| Untracked 
| 173|0x000000008ad00000, 0x000000008ad00000, 0x000000008ae00000|  0%| F|  |TAMS 0x000000008ad00000, 0x000000008ad00000| Untracked 
| 174|0x000000008ae00000, 0x000000008ae00000, 0x000000008af00000|  0%| F|  |TAMS 0x000000008ae00000, 0x000000008ae00000| Untracked 
| 175|0x000000008af00000, 0x000000008af00000, 0x000000008b000000|  0%| F|  |TAMS 0x000000008af00000, 0x000000008af00000| Untracked 
| 176|0x000000008b000000, 0x000000008b000000, 0x000000008b100000|  0%| F|  |TAMS 0x000000008b000000, 0x000000008b000000| Untracked 
| 177|0x000000008b100000, 0x000000008b100000, 0x000000008b200000|  0%| F|  |TAMS 0x000000008b100000, 0x000000008b100000| Untracked 
| 178|0x000000008b200000, 0x000000008b200000, 0x000000008b300000|  0%| F|  |TAMS 0x000000008b200000, 0x000000008b200000| Untracked 
| 179|0x000000008b300000, 0x000000008b300000, 0x000000008b400000|  0%| F|  |TAMS 0x000000008b300000, 0x000000008b300000| Untracked 
| 180|0x000000008b400000, 0x000000008b400000, 0x000000008b500000|  0%| F|  |TAMS 0x000000008b400000, 0x000000008b400000| Untracked 
| 181|0x000000008b500000, 0x000000008b500000, 0x000000008b600000|  0%| F|  |TAMS 0x000000008b500000, 0x000000008b500000| Untracked 
| 182|0x000000008b600000, 0x000000008b600000, 0x000000008b700000|  0%| F|  |TAMS 0x000000008b600000, 0x000000008b600000| Untracked 
| 183|0x000000008b700000, 0x000000008b700000, 0x000000008b800000|  0%| F|  |TAMS 0x000000008b700000, 0x000000008b700000| Untracked 
| 184|0x000000008b800000, 0x000000008b800000, 0x000000008b900000|  0%| F|  |TAMS 0x000000008b800000, 0x000000008b800000| Untracked 
| 185|0x000000008b900000, 0x000000008b900000, 0x000000008ba00000|  0%| F|  |TAMS 0x000000008b900000, 0x000000008b900000| Untracked 
| 186|0x000000008ba00000, 0x000000008ba00000, 0x000000008bb00000|  0%| F|  |TAMS 0x000000008ba00000, 0x000000008ba00000| Untracked 
| 187|0x000000008bb00000, 0x000000008bb00000, 0x000000008bc00000|  0%| F|  |TAMS 0x000000008bb00000, 0x000000008bb00000| Untracked 
| 188|0x000000008bc00000, 0x000000008bc00000, 0x000000008bd00000|  0%| F|  |TAMS 0x000000008bc00000, 0x000000008bc00000| Untracked 
| 189|0x000000008bd00000, 0x000000008bd00000, 0x000000008be00000|  0%| F|  |TAMS 0x000000008bd00000, 0x000000008bd00000| Untracked 
| 190|0x000000008be00000, 0x000000008be00000, 0x000000008bf00000|  0%| F|  |TAMS 0x000000008be00000, 0x000000008be00000| Untracked 
| 191|0x000000008bf00000, 0x000000008bf00000, 0x000000008c000000|  0%| F|  |TAMS 0x000000008bf00000, 0x000000008bf00000| Untracked 
| 192|0x000000008c000000, 0x000000008c000000, 0x000000008c100000|  0%| F|  |TAMS 0x000000008c000000, 0x000000008c000000| Untracked 
| 193|0x000000008c100000, 0x000000008c100000, 0x000000008c200000|  0%| F|  |TAMS 0x000000008c100000, 0x000000008c100000| Untracked 
| 194|0x000000008c200000, 0x000000008c200000, 0x000000008c300000|  0%| F|  |TAMS 0x000000008c200000, 0x000000008c200000| Untracked 
| 195|0x000000008c300000, 0x000000008c300000, 0x000000008c400000|  0%| F|  |TAMS 0x000000008c300000, 0x000000008c300000| Untracked 
| 196|0x000000008c400000, 0x000000008c400000, 0x000000008c500000|  0%| F|  |TAMS 0x000000008c400000, 0x000000008c400000| Untracked 
| 197|0x000000008c500000, 0x000000008c500000, 0x000000008c600000|  0%| F|  |TAMS 0x000000008c500000, 0x000000008c500000| Untracked 
| 198|0x000000008c600000, 0x000000008c600000, 0x000000008c700000|  0%| F|  |TAMS 0x000000008c600000, 0x000000008c600000| Untracked 
| 199|0x000000008c700000, 0x000000008c700000, 0x000000008c800000|  0%| F|  |TAMS 0x000000008c700000, 0x000000008c700000| Untracked 
| 200|0x000000008c800000, 0x000000008c800000, 0x000000008c900000|  0%| F|  |TAMS 0x000000008c800000, 0x000000008c800000| Untracked 
| 201|0x000000008c900000, 0x000000008c900000, 0x000000008ca00000|  0%| F|  |TAMS 0x000000008c900000, 0x000000008c900000| Untracked 
| 202|0x000000008ca00000, 0x000000008ca00000, 0x000000008cb00000|  0%| F|  |TAMS 0x000000008ca00000, 0x000000008ca00000| Untracked 
| 203|0x000000008cb00000, 0x000000008cb00000, 0x000000008cc00000|  0%| F|  |TAMS 0x000000008cb00000, 0x000000008cb00000| Untracked 
| 204|0x000000008cc00000, 0x000000008cc00000, 0x000000008cd00000|  0%| F|  |TAMS 0x000000008cc00000, 0x000000008cc00000| Untracked 
| 205|0x000000008cd00000, 0x000000008cd00000, 0x000000008ce00000|  0%| F|  |TAMS 0x000000008cd00000, 0x000000008cd00000| Untracked 
| 206|0x000000008ce00000, 0x000000008ce00000, 0x000000008cf00000|  0%| F|  |TAMS 0x000000008ce00000, 0x000000008ce00000| Untracked 
| 207|0x000000008cf00000, 0x000000008cf00000, 0x000000008d000000|  0%| F|  |TAMS 0x000000008cf00000, 0x000000008cf00000| Untracked 
| 208|0x000000008d000000, 0x000000008d000000, 0x000000008d100000|  0%| F|  |TAMS 0x000000008d000000, 0x000000008d000000| Untracked 
| 209|0x000000008d100000, 0x000000008d100000, 0x000000008d200000|  0%| F|  |TAMS 0x000000008d100000, 0x000000008d100000| Untracked 
| 210|0x000000008d200000, 0x000000008d200000, 0x000000008d300000|  0%| F|  |TAMS 0x000000008d200000, 0x000000008d200000| Untracked 
| 211|0x000000008d300000, 0x000000008d300000, 0x000000008d400000|  0%| F|  |TAMS 0x000000008d300000, 0x000000008d300000| Untracked 
| 212|0x000000008d400000, 0x000000008d400000, 0x000000008d500000|  0%| F|  |TAMS 0x000000008d400000, 0x000000008d400000| Untracked 
| 213|0x000000008d500000, 0x000000008d500000, 0x000000008d600000|  0%| F|  |TAMS 0x000000008d500000, 0x000000008d500000| Untracked 
| 214|0x000000008d600000, 0x000000008d600000, 0x000000008d700000|  0%| F|  |TAMS 0x000000008d600000, 0x000000008d600000| Untracked 
| 215|0x000000008d700000, 0x000000008d700000, 0x000000008d800000|  0%| F|  |TAMS 0x000000008d700000, 0x000000008d700000| Untracked 
| 216|0x000000008d800000, 0x000000008d800000, 0x000000008d900000|  0%| F|  |TAMS 0x000000008d800000, 0x000000008d800000| Untracked 
| 217|0x000000008d900000, 0x000000008d900000, 0x000000008da00000|  0%| F|  |TAMS 0x000000008d900000, 0x000000008d900000| Untracked 
| 218|0x000000008da00000, 0x000000008da00000, 0x000000008db00000|  0%| F|  |TAMS 0x000000008da00000, 0x000000008da00000| Untracked 
| 219|0x000000008db00000, 0x000000008db00000, 0x000000008dc00000|  0%| F|  |TAMS 0x000000008db00000, 0x000000008db00000| Untracked 
| 220|0x000000008dc00000, 0x000000008dc00000, 0x000000008dd00000|  0%| F|  |TAMS 0x000000008dc00000, 0x000000008dc00000| Untracked 
| 221|0x000000008dd00000, 0x000000008dd00000, 0x000000008de00000|  0%| F|  |TAMS 0x000000008dd00000, 0x000000008dd00000| Untracked 
| 222|0x000000008de00000, 0x000000008de00000, 0x000000008df00000|  0%| F|  |TAMS 0x000000008de00000, 0x000000008de00000| Untracked 
| 223|0x000000008df00000, 0x000000008df00000, 0x000000008e000000|  0%| F|  |TAMS 0x000000008df00000, 0x000000008df00000| Untracked 
| 224|0x000000008e000000, 0x000000008e000000, 0x000000008e100000|  0%| F|  |TAMS 0x000000008e000000, 0x000000008e000000| Untracked 
| 225|0x000000008e100000, 0x000000008e100000, 0x000000008e200000|  0%| F|  |TAMS 0x000000008e100000, 0x000000008e100000| Untracked 
| 226|0x000000008e200000, 0x000000008e200000, 0x000000008e300000|  0%| F|  |TAMS 0x000000008e200000, 0x000000008e200000| Untracked 
| 227|0x000000008e300000, 0x000000008e300000, 0x000000008e400000|  0%| F|  |TAMS 0x000000008e300000, 0x000000008e300000| Untracked 
| 228|0x000000008e400000, 0x000000008e400000, 0x000000008e500000|  0%| F|  |TAMS 0x000000008e400000, 0x000000008e400000| Untracked 
| 229|0x000000008e500000, 0x000000008e500000, 0x000000008e600000|  0%| F|  |TAMS 0x000000008e500000, 0x000000008e500000| Untracked 
| 230|0x000000008e600000, 0x000000008e600000, 0x000000008e700000|  0%| F|  |TAMS 0x000000008e600000, 0x000000008e600000| Untracked 
| 231|0x000000008e700000, 0x000000008e700000, 0x000000008e800000|  0%| F|  |TAMS 0x000000008e700000, 0x000000008e700000| Untracked 
| 232|0x000000008e800000, 0x000000008e800000, 0x000000008e900000|  0%| F|  |TAMS 0x000000008e800000, 0x000000008e800000| Untracked 
| 233|0x000000008e900000, 0x000000008e900000, 0x000000008ea00000|  0%| F|  |TAMS 0x000000008e900000, 0x000000008e900000| Untracked 
| 234|0x000000008ea00000, 0x000000008ea00000, 0x000000008eb00000|  0%| F|  |TAMS 0x000000008ea00000, 0x000000008ea00000| Untracked 
| 235|0x000000008eb00000, 0x000000008eb00000, 0x000000008ec00000|  0%| F|  |TAMS 0x000000008eb00000, 0x000000008eb00000| Untracked 
| 236|0x000000008ec00000, 0x000000008ec00000, 0x000000008ed00000|  0%| F|  |TAMS 0x000000008ec00000, 0x000000008ec00000| Untracked 
| 237|0x000000008ed00000, 0x000000008ed00000, 0x000000008ee00000|  0%| F|  |TAMS 0x000000008ed00000, 0x000000008ed00000| Untracked 
| 238|0x000000008ee00000, 0x000000008ee00000, 0x000000008ef00000|  0%| F|  |TAMS 0x000000008ee00000, 0x000000008ee00000| Untracked 
| 239|0x000000008ef00000, 0x000000008ef00000, 0x000000008f000000|  0%| F|  |TAMS 0x000000008ef00000, 0x000000008ef00000| Untracked 
| 240|0x000000008f000000, 0x000000008f000000, 0x000000008f100000|  0%| F|  |TAMS 0x000000008f000000, 0x000000008f000000| Untracked 
| 241|0x000000008f100000, 0x000000008f100000, 0x000000008f200000|  0%| F|  |TAMS 0x000000008f100000, 0x000000008f100000| Untracked 
| 242|0x000000008f200000, 0x000000008f200000, 0x000000008f300000|  0%| F|  |TAMS 0x000000008f200000, 0x000000008f200000| Untracked 
| 243|0x000000008f300000, 0x000000008f300000, 0x000000008f400000|  0%| F|  |TAMS 0x000000008f300000, 0x000000008f300000| Untracked 
| 244|0x000000008f400000, 0x000000008f400000, 0x000000008f500000|  0%| F|  |TAMS 0x000000008f400000, 0x000000008f400000| Untracked 
| 245|0x000000008f500000, 0x000000008f500000, 0x000000008f600000|  0%| F|  |TAMS 0x000000008f500000, 0x000000008f500000| Untracked 
| 246|0x000000008f600000, 0x000000008f600000, 0x000000008f700000|  0%| F|  |TAMS 0x000000008f600000, 0x000000008f600000| Untracked 
| 247|0x000000008f700000, 0x000000008f700000, 0x000000008f800000|  0%| F|  |TAMS 0x000000008f700000, 0x000000008f700000| Untracked 
| 248|0x000000008f800000, 0x000000008f800000, 0x000000008f900000|  0%| F|  |TAMS 0x000000008f800000, 0x000000008f800000| Untracked 
| 249|0x000000008f900000, 0x000000008f900000, 0x000000008fa00000|  0%| F|  |TAMS 0x000000008f900000, 0x000000008f900000| Untracked 
| 250|0x000000008fa00000, 0x000000008fa00000, 0x000000008fb00000|  0%| F|  |TAMS 0x000000008fa00000, 0x000000008fa00000| Untracked 
| 251|0x000000008fb00000, 0x000000008fb00000, 0x000000008fc00000|  0%| F|  |TAMS 0x000000008fb00000, 0x000000008fb00000| Untracked 
| 252|0x000000008fc00000, 0x000000008fc00000, 0x000000008fd00000|  0%| F|  |TAMS 0x000000008fc00000, 0x000000008fc00000| Untracked 
| 253|0x000000008fd00000, 0x000000008fd00000, 0x000000008fe00000|  0%| F|  |TAMS 0x000000008fd00000, 0x000000008fd00000| Untracked 
| 254|0x000000008fe00000, 0x000000008fe00000, 0x000000008ff00000|  0%| F|  |TAMS 0x000000008fe00000, 0x000000008fe00000| Untracked 
| 255|0x000000008ff00000, 0x000000008ff00000, 0x0000000090000000|  0%| F|  |TAMS 0x000000008ff00000, 0x000000008ff00000| Untracked 
| 256|0x0000000090000000, 0x0000000090000000, 0x0000000090100000|  0%| F|  |TAMS 0x0000000090000000, 0x0000000090000000| Untracked 
| 257|0x0000000090100000, 0x0000000090100000, 0x0000000090200000|  0%| F|  |TAMS 0x0000000090100000, 0x0000000090100000| Untracked 
| 258|0x0000000090200000, 0x0000000090200000, 0x0000000090300000|  0%| F|  |TAMS 0x0000000090200000, 0x0000000090200000| Untracked 
| 259|0x0000000090300000, 0x0000000090300000, 0x0000000090400000|  0%| F|  |TAMS 0x0000000090300000, 0x0000000090300000| Untracked 
| 260|0x0000000090400000, 0x0000000090400000, 0x0000000090500000|  0%| F|  |TAMS 0x0000000090400000, 0x0000000090400000| Untracked 
| 261|0x0000000090500000, 0x0000000090500000, 0x0000000090600000|  0%| F|  |TAMS 0x0000000090500000, 0x0000000090500000| Untracked 
| 262|0x0000000090600000, 0x0000000090600000, 0x0000000090700000|  0%| F|  |TAMS 0x0000000090600000, 0x0000000090600000| Untracked 
| 263|0x0000000090700000, 0x0000000090700000, 0x0000000090800000|  0%| F|  |TAMS 0x0000000090700000, 0x0000000090700000| Untracked 
| 264|0x0000000090800000, 0x0000000090800000, 0x0000000090900000|  0%| F|  |TAMS 0x0000000090800000, 0x0000000090800000| Untracked 
| 265|0x0000000090900000, 0x0000000090900000, 0x0000000090a00000|  0%| F|  |TAMS 0x0000000090900000, 0x0000000090900000| Untracked 
| 266|0x0000000090a00000, 0x0000000090a00000, 0x0000000090b00000|  0%| F|  |TAMS 0x0000000090a00000, 0x0000000090a00000| Untracked 
| 267|0x0000000090b00000, 0x0000000090b00000, 0x0000000090c00000|  0%| F|  |TAMS 0x0000000090b00000, 0x0000000090b00000| Untracked 
| 268|0x0000000090c00000, 0x0000000090c00000, 0x0000000090d00000|  0%| F|  |TAMS 0x0000000090c00000, 0x0000000090c00000| Untracked 
| 269|0x0000000090d00000, 0x0000000090d00000, 0x0000000090e00000|  0%| F|  |TAMS 0x0000000090d00000, 0x0000000090d00000| Untracked 
| 270|0x0000000090e00000, 0x0000000090e00000, 0x0000000090f00000|  0%| F|  |TAMS 0x0000000090e00000, 0x0000000090e00000| Untracked 
| 271|0x0000000090f00000, 0x0000000090f00000, 0x0000000091000000|  0%| F|  |TAMS 0x0000000090f00000, 0x0000000090f00000| Untracked 
| 272|0x0000000091000000, 0x0000000091000000, 0x0000000091100000|  0%| F|  |TAMS 0x0000000091000000, 0x0000000091000000| Untracked 
| 273|0x0000000091100000, 0x0000000091100000, 0x0000000091200000|  0%| F|  |TAMS 0x0000000091100000, 0x0000000091100000| Untracked 
| 274|0x0000000091200000, 0x0000000091200000, 0x0000000091300000|  0%| F|  |TAMS 0x0000000091200000, 0x0000000091200000| Untracked 
| 275|0x0000000091300000, 0x0000000091300000, 0x0000000091400000|  0%| F|  |TAMS 0x0000000091300000, 0x0000000091300000| Untracked 
| 276|0x0000000091400000, 0x0000000091400000, 0x0000000091500000|  0%| F|  |TAMS 0x0000000091400000, 0x0000000091400000| Untracked 
| 277|0x0000000091500000, 0x0000000091500000, 0x0000000091600000|  0%| F|  |TAMS 0x0000000091500000, 0x0000000091500000| Untracked 
| 278|0x0000000091600000, 0x0000000091600000, 0x0000000091700000|  0%| F|  |TAMS 0x0000000091600000, 0x0000000091600000| Untracked 
| 279|0x0000000091700000, 0x0000000091700000, 0x0000000091800000|  0%| F|  |TAMS 0x0000000091700000, 0x0000000091700000| Untracked 
| 280|0x0000000091800000, 0x0000000091800000, 0x0000000091900000|  0%| F|  |TAMS 0x0000000091800000, 0x0000000091800000| Untracked 
| 281|0x0000000091900000, 0x0000000091900000, 0x0000000091a00000|  0%| F|  |TAMS 0x0000000091900000, 0x0000000091900000| Untracked 
| 282|0x0000000091a00000, 0x0000000091a00000, 0x0000000091b00000|  0%| F|  |TAMS 0x0000000091a00000, 0x0000000091a00000| Untracked 
| 283|0x0000000091b00000, 0x0000000091b00000, 0x0000000091c00000|  0%| F|  |TAMS 0x0000000091b00000, 0x0000000091b00000| Untracked 
| 284|0x0000000091c00000, 0x0000000091c00000, 0x0000000091d00000|  0%| F|  |TAMS 0x0000000091c00000, 0x0000000091c00000| Untracked 
| 285|0x0000000091d00000, 0x0000000091d00000, 0x0000000091e00000|  0%| F|  |TAMS 0x0000000091d00000, 0x0000000091d00000| Untracked 
| 286|0x0000000091e00000, 0x0000000091e00000, 0x0000000091f00000|  0%| F|  |TAMS 0x0000000091e00000, 0x0000000091e00000| Untracked 
| 287|0x0000000091f00000, 0x0000000091f00000, 0x0000000092000000|  0%| F|  |TAMS 0x0000000091f00000, 0x0000000091f00000| Untracked 
| 288|0x0000000092000000, 0x0000000092000000, 0x0000000092100000|  0%| F|  |TAMS 0x0000000092000000, 0x0000000092000000| Untracked 
| 289|0x0000000092100000, 0x0000000092100000, 0x0000000092200000|  0%| F|  |TAMS 0x0000000092100000, 0x0000000092100000| Untracked 
| 290|0x0000000092200000, 0x0000000092200000, 0x0000000092300000|  0%| F|  |TAMS 0x0000000092200000, 0x0000000092200000| Untracked 
| 291|0x0000000092300000, 0x0000000092300000, 0x0000000092400000|  0%| F|  |TAMS 0x0000000092300000, 0x0000000092300000| Untracked 
| 292|0x0000000092400000, 0x0000000092400000, 0x0000000092500000|  0%| F|  |TAMS 0x0000000092400000, 0x0000000092400000| Untracked 
| 293|0x0000000092500000, 0x0000000092500000, 0x0000000092600000|  0%| F|  |TAMS 0x0000000092500000, 0x0000000092500000| Untracked 
| 294|0x0000000092600000, 0x0000000092600000, 0x0000000092700000|  0%| F|  |TAMS 0x0000000092600000, 0x0000000092600000| Untracked 
| 295|0x0000000092700000, 0x0000000092700000, 0x0000000092800000|  0%| F|  |TAMS 0x0000000092700000, 0x0000000092700000| Untracked 
| 296|0x0000000092800000, 0x0000000092800000, 0x0000000092900000|  0%| F|  |TAMS 0x0000000092800000, 0x0000000092800000| Untracked 
| 297|0x0000000092900000, 0x0000000092900000, 0x0000000092a00000|  0%| F|  |TAMS 0x0000000092900000, 0x0000000092900000| Untracked 
| 298|0x0000000092a00000, 0x0000000092a00000, 0x0000000092b00000|  0%| F|  |TAMS 0x0000000092a00000, 0x0000000092a00000| Untracked 
| 299|0x0000000092b00000, 0x0000000092b00000, 0x0000000092c00000|  0%| F|  |TAMS 0x0000000092b00000, 0x0000000092b00000| Untracked 
| 300|0x0000000092c00000, 0x0000000092c00000, 0x0000000092d00000|  0%| F|  |TAMS 0x0000000092c00000, 0x0000000092c00000| Untracked 
| 301|0x0000000092d00000, 0x0000000092d00000, 0x0000000092e00000|  0%| F|  |TAMS 0x0000000092d00000, 0x0000000092d00000| Untracked 
| 302|0x0000000092e00000, 0x0000000092e00000, 0x0000000092f00000|  0%| F|  |TAMS 0x0000000092e00000, 0x0000000092e00000| Untracked 
| 303|0x0000000092f00000, 0x0000000092f00000, 0x0000000093000000|  0%| F|  |TAMS 0x0000000092f00000, 0x0000000092f00000| Untracked 
| 304|0x0000000093000000, 0x0000000093000000, 0x0000000093100000|  0%| F|  |TAMS 0x0000000093000000, 0x0000000093000000| Untracked 
| 305|0x0000000093100000, 0x0000000093100000, 0x0000000093200000|  0%| F|  |TAMS 0x0000000093100000, 0x0000000093100000| Untracked 
| 306|0x0000000093200000, 0x0000000093200000, 0x0000000093300000|  0%| F|  |TAMS 0x0000000093200000, 0x0000000093200000| Untracked 
| 307|0x0000000093300000, 0x0000000093300000, 0x0000000093400000|  0%| F|  |TAMS 0x0000000093300000, 0x0000000093300000| Untracked 
| 308|0x0000000093400000, 0x0000000093400000, 0x0000000093500000|  0%| F|  |TAMS 0x0000000093400000, 0x0000000093400000| Untracked 
| 309|0x0000000093500000, 0x0000000093500000, 0x0000000093600000|  0%| F|  |TAMS 0x0000000093500000, 0x0000000093500000| Untracked 
| 310|0x0000000093600000, 0x0000000093600000, 0x0000000093700000|  0%| F|  |TAMS 0x0000000093600000, 0x0000000093600000| Untracked 
| 311|0x0000000093700000, 0x0000000093700000, 0x0000000093800000|  0%| F|  |TAMS 0x0000000093700000, 0x0000000093700000| Untracked 
| 312|0x0000000093800000, 0x0000000093800000, 0x0000000093900000|  0%| F|  |TAMS 0x0000000093800000, 0x0000000093800000| Untracked 
| 313|0x0000000093900000, 0x0000000093900000, 0x0000000093a00000|  0%| F|  |TAMS 0x0000000093900000, 0x0000000093900000| Untracked 
| 314|0x0000000093a00000, 0x0000000093a00000, 0x0000000093b00000|  0%| F|  |TAMS 0x0000000093a00000, 0x0000000093a00000| Untracked 
| 315|0x0000000093b00000, 0x0000000093b00000, 0x0000000093c00000|  0%| F|  |TAMS 0x0000000093b00000, 0x0000000093b00000| Untracked 
| 316|0x0000000093c00000, 0x0000000093c00000, 0x0000000093d00000|  0%| F|  |TAMS 0x0000000093c00000, 0x0000000093c00000| Untracked 
| 317|0x0000000093d00000, 0x0000000093d00000, 0x0000000093e00000|  0%| F|  |TAMS 0x0000000093d00000, 0x0000000093d00000| Untracked 
| 318|0x0000000093e00000, 0x0000000093e00000, 0x0000000093f00000|  0%| F|  |TAMS 0x0000000093e00000, 0x0000000093e00000| Untracked 
| 319|0x0000000093f00000, 0x0000000093f00000, 0x0000000094000000|  0%| F|  |TAMS 0x0000000093f00000, 0x0000000093f00000| Untracked 
| 320|0x0000000094000000, 0x0000000094000000, 0x0000000094100000|  0%| F|  |TAMS 0x0000000094000000, 0x0000000094000000| Untracked 
| 321|0x0000000094100000, 0x0000000094100000, 0x0000000094200000|  0%| F|  |TAMS 0x0000000094100000, 0x0000000094100000| Untracked 
| 322|0x0000000094200000, 0x0000000094200000, 0x0000000094300000|  0%| F|  |TAMS 0x0000000094200000, 0x0000000094200000| Untracked 
| 323|0x0000000094300000, 0x0000000094300000, 0x0000000094400000|  0%| F|  |TAMS 0x0000000094300000, 0x0000000094300000| Untracked 
| 324|0x0000000094400000, 0x0000000094400000, 0x0000000094500000|  0%| F|  |TAMS 0x0000000094400000, 0x0000000094400000| Untracked 
| 325|0x0000000094500000, 0x0000000094500000, 0x0000000094600000|  0%| F|  |TAMS 0x0000000094500000, 0x0000000094500000| Untracked 
| 326|0x0000000094600000, 0x0000000094600000, 0x0000000094700000|  0%| F|  |TAMS 0x0000000094600000, 0x0000000094600000| Untracked 
| 327|0x0000000094700000, 0x0000000094700000, 0x0000000094800000|  0%| F|  |TAMS 0x0000000094700000, 0x0000000094700000| Untracked 
| 328|0x0000000094800000, 0x0000000094800000, 0x0000000094900000|  0%| F|  |TAMS 0x0000000094800000, 0x0000000094800000| Untracked 
| 329|0x0000000094900000, 0x0000000094900000, 0x0000000094a00000|  0%| F|  |TAMS 0x0000000094900000, 0x0000000094900000| Untracked 
| 330|0x0000000094a00000, 0x0000000094a00000, 0x0000000094b00000|  0%| F|  |TAMS 0x0000000094a00000, 0x0000000094a00000| Untracked 
| 331|0x0000000094b00000, 0x0000000094b00000, 0x0000000094c00000|  0%| F|  |TAMS 0x0000000094b00000, 0x0000000094b00000| Untracked 
| 332|0x0000000094c00000, 0x0000000094c00000, 0x0000000094d00000|  0%| F|  |TAMS 0x0000000094c00000, 0x0000000094c00000| Untracked 
| 333|0x0000000094d00000, 0x0000000094d00000, 0x0000000094e00000|  0%| F|  |TAMS 0x0000000094d00000, 0x0000000094d00000| Untracked 
| 334|0x0000000094e00000, 0x0000000094e00000, 0x0000000094f00000|  0%| F|  |TAMS 0x0000000094e00000, 0x0000000094e00000| Untracked 
| 335|0x0000000094f00000, 0x0000000094f00000, 0x0000000095000000|  0%| F|  |TAMS 0x0000000094f00000, 0x0000000094f00000| Untracked 
| 336|0x0000000095000000, 0x0000000095000000, 0x0000000095100000|  0%| F|  |TAMS 0x0000000095000000, 0x0000000095000000| Untracked 
| 337|0x0000000095100000, 0x0000000095100000, 0x0000000095200000|  0%| F|  |TAMS 0x0000000095100000, 0x0000000095100000| Untracked 
| 338|0x0000000095200000, 0x000000009528b0f0, 0x0000000095300000| 54%| S|CS|TAMS 0x0000000095200000, 0x0000000095200000| Complete 
| 339|0x0000000095300000, 0x0000000095300000, 0x0000000095400000|  0%| F|  |TAMS 0x0000000095300000, 0x0000000095300000| Untracked 
| 340|0x0000000095400000, 0x0000000095400000, 0x0000000095500000|  0%| F|  |TAMS 0x0000000095400000, 0x0000000095400000| Untracked 
| 341|0x0000000095500000, 0x0000000095600000, 0x0000000095600000|100%| S|CS|TAMS 0x0000000095500000, 0x0000000095500000| Complete 
| 342|0x0000000095600000, 0x0000000095700000, 0x0000000095700000|100%| S|CS|TAMS 0x0000000095600000, 0x0000000095600000| Complete 
| 343|0x0000000095700000, 0x0000000095700000, 0x0000000095800000|  0%| F|  |TAMS 0x0000000095700000, 0x0000000095700000| Untracked 
| 344|0x0000000095800000, 0x0000000095800000, 0x0000000095900000|  0%| F|  |TAMS 0x0000000095800000, 0x0000000095800000| Untracked 
| 345|0x0000000095900000, 0x0000000095900000, 0x0000000095a00000|  0%| F|  |TAMS 0x0000000095900000, 0x0000000095900000| Untracked 
| 346|0x0000000095a00000, 0x0000000095a00000, 0x0000000095b00000|  0%| F|  |TAMS 0x0000000095a00000, 0x0000000095a00000| Untracked 
| 347|0x0000000095b00000, 0x0000000095b00000, 0x0000000095c00000|  0%| F|  |TAMS 0x0000000095b00000, 0x0000000095b00000| Untracked 
| 348|0x0000000095c00000, 0x0000000095c00000, 0x0000000095d00000|  0%| F|  |TAMS 0x0000000095c00000, 0x0000000095c00000| Untracked 
| 349|0x0000000095d00000, 0x0000000095d00000, 0x0000000095e00000|  0%| F|  |TAMS 0x0000000095d00000, 0x0000000095d00000| Untracked 
| 350|0x0000000095e00000, 0x0000000095e00000, 0x0000000095f00000|  0%| F|  |TAMS 0x0000000095e00000, 0x0000000095e00000| Untracked 
| 351|0x0000000095f00000, 0x0000000095f00000, 0x0000000096000000|  0%| F|  |TAMS 0x0000000095f00000, 0x0000000095f00000| Untracked 
| 352|0x0000000096000000, 0x0000000096000000, 0x0000000096100000|  0%| F|  |TAMS 0x0000000096000000, 0x0000000096000000| Untracked 
| 353|0x0000000096100000, 0x0000000096100000, 0x0000000096200000|  0%| F|  |TAMS 0x0000000096100000, 0x0000000096100000| Untracked 
| 354|0x0000000096200000, 0x0000000096200000, 0x0000000096300000|  0%| F|  |TAMS 0x0000000096200000, 0x0000000096200000| Untracked 
| 355|0x0000000096300000, 0x0000000096300000, 0x0000000096400000|  0%| F|  |TAMS 0x0000000096300000, 0x0000000096300000| Untracked 
| 356|0x0000000096400000, 0x0000000096400000, 0x0000000096500000|  0%| F|  |TAMS 0x0000000096400000, 0x0000000096400000| Untracked 
| 357|0x0000000096500000, 0x0000000096500000, 0x0000000096600000|  0%| F|  |TAMS 0x0000000096500000, 0x0000000096500000| Untracked 

Card table byte_map: [0x0000000015a60000,0x0000000015e60000] _byte_map_base: 0x0000000015660000

Marking Bits (Prev, Next): (CMBitMap*) 0x00000000002b1fd8, (CMBitMap*) 0x00000000002b2010
 Prev Bits: [0x0000000016260000, 0x0000000018260000)
 Next Bits: [0x0000000018260000, 0x000000001a260000)

Polling page: 0x0000000000430000

Metaspace:

Usage:
  Non-class:    129.03 MB capacity,   126.64 MB ( 98%) used,     1.96 MB (  2%) free+waste,   444.50 KB ( <1%) overhead. 
      Class:     19.18 MB capacity,    17.91 MB ( 93%) used,     1.07 MB (  6%) free+waste,   193.81 KB ( <1%) overhead. 
       Both:    148.20 MB capacity,   144.55 MB ( 98%) used,     3.03 MB (  2%) free+waste,   638.31 KB ( <1%) overhead. 

Virtual space:
  Non-class space:      130.00 MB reserved,     129.81 MB (>99%) committed 
      Class space:        1.00 GB reserved,      19.57 MB (  2%) committed 
             Both:        1.13 GB reserved,     149.38 MB ( 13%) committed 

Chunk freelists:
   Non-Class:  607.00 KB
       Class:  291.00 KB
        Both:  898.00 KB

MaxMetaspaceSize: 17179869184.00 GB
CompressedClassSpaceSize: 1.00 GB

CodeHeap 'non-profiled nmethods': size=120064Kb used=12654Kb max_used=12654Kb free=107409Kb
 bounds [0x000000000dd10000, 0x000000000e970000, 0x0000000015250000]
CodeHeap 'profiled nmethods': size=120000Kb used=40617Kb max_used=40617Kb free=79382Kb
 bounds [0x00000000067e0000, 0x0000000008fa0000, 0x000000000dd10000]
CodeHeap 'non-nmethods': size=5696Kb used=2321Kb max_used=2369Kb free=3374Kb
 bounds [0x0000000006250000, 0x00000000064c0000, 0x00000000067e0000]
 total_blobs=19008 nmethods=18047 adapters=872
 compilation: enabled
              stopped_count=0, restarted_count=0
 full_count=0

Compilation events (20 events):
Event: 6845.841 Thread 0x000000005d4db000 nmethod 19052 0x000000000e965c90 code [0x000000000e965e20, 0x000000000e965e58]
Event: 6845.841 Thread 0x000000005d4db000 19099       4       org.gradle.api.internal.tasks.properties.annotations.InputFilesPropertyAnnotationHandler::getFilePropertyType (4 bytes)
Event: 6845.841 Thread 0x000000005d4db000 nmethod 19099 0x000000000e965f10 code [0x000000000e9660a0, 0x000000000e9660f8]
Event: 6845.978 Thread 0x000000005d4db000 19105       4       org.gradle.cache.internal.cacheops.CacheAccessOperationsStack::popCacheAction (44 bytes)
Event: 6845.986 Thread 0x000000005d4dd800 19106       3       org.jetbrains.kotlin.gradle.plugin.mpp.KotlinUsages$KotlinJavaRuntimeJarsCompatibility::<init> (5 bytes)
Event: 6845.999 Thread 0x000000005d4dd800 nmethod 19106 0x0000000008f9a510 code [0x0000000008f9a6c0, 0x0000000008f9a818]
Event: 6845.999 Thread 0x000000005d4dd800 19107       3       org.jetbrains.kotlin.gradle.plugin.mpp.KotlinUsages$KotlinJavaRuntimeJarsCompatibility::execute (9 bytes)
Event: 6846.000 Thread 0x000000005d4dd800 nmethod 19107 0x0000000008f9a910 code [0x0000000008f9aae0, 0x0000000008f9ad08]
Event: 6846.018 Thread 0x000000005d4db000 nmethod 19105 0x000000000e966190 code [0x000000000e966380, 0x000000000e966eb8]
Event: 6846.018 Thread 0x000000005d4db000 19108       4       org.gradle.api.internal.artifacts.repositories.resolver.AbstractDependenciesMetadataAdapter::size (10 bytes)
Event: 6846.019 Thread 0x000000005d4db000 nmethod 19108 0x000000000e967610 code [0x000000000e9677a0, 0x000000000e967818]
Event: 6846.026 Thread 0x000000005d4db000 19109       4       org.gradle.internal.component.external.model.DefaultModuleComponentArtifactIdentifier::<init> (34 bytes)
Event: 6846.031 Thread 0x000000005d4db000 nmethod 19109 0x000000000e967910 code [0x000000000e967ac0, 0x000000000e967d38]
Event: 6846.039 Thread 0x000000005d4db000 19110       4       com.google.common.primitives.Ints::saturatedCast (25 bytes)
Event: 6846.040 Thread 0x000000005d4db000 nmethod 19110 0x000000000e967e90 code [0x000000000e968020, 0x000000000e9680b8]
Event: 6846.041 Thread 0x000000005d4db000 19111       4       org.gradle.internal.component.external.model.AbstractVariantBackedConfigurationMetadata::getAttributes (5 bytes)
Event: 6846.047 Thread 0x000000005d4db000 nmethod 19111 0x000000000e968190 code [0x000000000e968360, 0x000000000e9686a8]
Event: 6846.060 Thread 0x000000005d4db000 19112       4       org.gradle.api.internal.artifacts.ivyservice.modulecache.ModuleMetadataSerializer$Reader::readNullableArtifact (51 bytes)
Event: 6846.193 Thread 0x000000005d4db000 nmethod 19112 0x000000000e968a10 code [0x000000000e968e60, 0x000000000e96b5a8]
Event: 6846.193 Thread 0x000000005d4db000 19113       4       org.gradle.api.internal.attributes.DefaultImmutableAttributes::getAttribute (21 bytes)

GC Heap History (20 events):
Event: 6358.240 GC heap after
{Heap after GC invocations=99 (full 0):
 garbage-first heap   total 366592K, used 171712K [0x0000000080000000, 0x0000000100000000)
  region size 1024K, 2 young (2048K), 2 survivors (2048K)
 Metaspace       used 135968K, capacity 139706K, committed 139912K, reserved 1171456K
  class space    used 16898K, capacity 18193K, committed 18252K, reserved 1048576K
}
Event: 6370.070 GC heap before
{Heap before GC invocations=99 (full 0):
 garbage-first heap   total 366592K, used 189120K [0x0000000080000000, 0x0000000100000000)
  region size 1024K, 17 young (17408K), 2 survivors (2048K)
 Metaspace       used 139694K, capacity 143418K, committed 143624K, reserved 1175552K
  class space    used 17276K, capacity 18577K, committed 18636K, reserved 1048576K
}
Event: 6370.501 GC heap after
{Heap after GC invocations=100 (full 0):
 garbage-first heap   total 366592K, used 175801K [0x0000000080000000, 0x0000000100000000)
  region size 1024K, 2 young (2048K), 2 survivors (2048K)
 Metaspace       used 139694K, capacity 143418K, committed 143624K, reserved 1175552K
  class space    used 17276K, capacity 18577K, committed 18636K, reserved 1048576K
}
Event: 6376.195 GC heap before
{Heap before GC invocations=100 (full 0):
 garbage-first heap   total 366592K, used 191161K [0x0000000080000000, 0x0000000100000000)
  region size 1024K, 17 young (17408K), 2 survivors (2048K)
 Metaspace       used 142479K, capacity 146234K, committed 146312K, reserved 1177600K
  class space    used 17664K, capacity 18961K, committed 19020K, reserved 1048576K
}
Event: 6376.240 GC heap after
{Heap after GC invocations=101 (full 0):
 garbage-first heap   total 366592K, used 176829K [0x0000000080000000, 0x0000000100000000)
  region size 1024K, 3 young (3072K), 3 survivors (3072K)
 Metaspace       used 142479K, capacity 146234K, committed 146312K, reserved 1177600K
  class space    used 17664K, capacity 18961K, committed 19020K, reserved 1048576K
}
Event: 6378.857 GC heap before
{Heap before GC invocations=101 (full 0):
 garbage-first heap   total 366592K, used 190141K [0x0000000080000000, 0x0000000100000000)
  region size 1024K, 17 young (17408K), 3 survivors (3072K)
 Metaspace       used 143930K, capacity 147680K, committed 147720K, reserved 1177600K
  class space    used 17804K, capacity 19123K, committed 19148K, reserved 1048576K
}
Event: 6378.947 GC heap after
{Heap after GC invocations=102 (full 0):
 garbage-first heap   total 366592K, used 177443K [0x0000000080000000, 0x0000000100000000)
  region size 1024K, 2 young (2048K), 2 survivors (2048K)
 Metaspace       used 143930K, capacity 147680K, committed 147720K, reserved 1177600K
  class space    used 17804K, capacity 19123K, committed 19148K, reserved 1048576K
}
Event: 6384.486 GC heap before
{Heap before GC invocations=102 (full 0):
 garbage-first heap   total 366592K, used 192803K [0x0000000080000000, 0x0000000100000000)
  region size 1024K, 17 young (17408K), 2 survivors (2048K)
 Metaspace       used 145872K, capacity 149689K, committed 149896K, reserved 1179648K
  class space    used 18098K, capacity 19432K, committed 19532K, reserved 1048576K
}
Event: 6385.385 GC heap after
{Heap after GC invocations=103 (full 0):
 garbage-first heap   total 366592K, used 177682K [0x0000000080000000, 0x0000000100000000)
  region size 1024K, 1 young (1024K), 1 survivors (1024K)
 Metaspace       used 145872K, capacity 149689K, committed 149896K, reserved 1179648K
  class space    used 18098K, capacity 19432K, committed 19532K, reserved 1048576K
}
Event: 6389.704 GC heap before
{Heap before GC invocations=103 (full 0):
 garbage-first heap   total 366592K, used 194066K [0x0000000080000000, 0x0000000100000000)
  region size 1024K, 17 young (17408K), 1 survivors (1024K)
 Metaspace       used 147613K, capacity 151623K, committed 151688K, reserved 1181696K
  class space    used 18363K, capacity 19758K, committed 19788K, reserved 1048576K
}
Event: 6389.742 GC heap after
{Heap after GC invocations=104 (full 0):
 garbage-first heap   total 366592K, used 178216K [0x0000000080000000, 0x0000000100000000)
  region size 1024K, 2 young (2048K), 2 survivors (2048K)
 Metaspace       used 147613K, capacity 151623K, committed 151688K, reserved 1181696K
  class space    used 18363K, capacity 19758K, committed 19788K, reserved 1048576K
}
Event: 6394.217 GC heap before
{Heap before GC invocations=104 (full 0):
 garbage-first heap   total 366592K, used 193576K [0x0000000080000000, 0x0000000100000000)
  region size 1024K, 17 young (17408K), 2 survivors (2048K)
 Metaspace       used 148294K, capacity 152359K, committed 152584K, reserved 1181696K
  class space    used 18475K, capacity 19893K, committed 19916K, reserved 1048576K
}
Event: 6394.281 GC heap after
{Heap after GC invocations=105 (full 0):
 garbage-first heap   total 366592K, used 176613K [0x0000000080000000, 0x0000000100000000)
  region size 1024K, 2 young (2048K), 2 survivors (2048K)
 Metaspace       used 148294K, capacity 152359K, committed 152584K, reserved 1181696K
  class space    used 18475K, capacity 19893K, committed 19916K, reserved 1048576K
}
Event: 6827.868 GC heap before
{Heap before GC invocations=106 (full 0):
 garbage-first heap   total 366592K, used 187877K [0x0000000080000000, 0x0000000100000000)
  region size 1024K, 17 young (17408K), 2 survivors (2048K)
 Metaspace       used 147727K, capacity 151422K, committed 152712K, reserved 1181696K
  class space    used 18325K, capacity 19604K, committed 20044K, reserved 1048576K
}
Event: 6828.019 GC heap after
{Heap after GC invocations=107 (full 0):
 garbage-first heap   total 366592K, used 173816K [0x0000000080000000, 0x0000000100000000)
  region size 1024K, 2 young (2048K), 2 survivors (2048K)
 Metaspace       used 147727K, capacity 151422K, committed 152712K, reserved 1181696K
  class space    used 18325K, capacity 19604K, committed 20044K, reserved 1048576K
}
Event: 6836.832 GC heap before
{Heap before GC invocations=107 (full 0):
 garbage-first heap   total 366592K, used 188152K [0x0000000080000000, 0x0000000100000000)
  region size 1024K, 17 young (17408K), 2 survivors (2048K)
 Metaspace       used 147822K, capacity 151499K, committed 152712K, reserved 1181696K
  class space    used 18336K, capacity 19623K, committed 20044K, reserved 1048576K
}
Event: 6837.282 GC heap after
{Heap after GC invocations=108 (full 0):
 garbage-first heap   total 366592K, used 160455K [0x0000000080000000, 0x0000000100000000)
  region size 1024K, 3 young (3072K), 3 survivors (3072K)
 Metaspace       used 147822K, capacity 151499K, committed 152712K, reserved 1181696K
  class space    used 18336K, capacity 19623K, committed 20044K, reserved 1048576K
}
Event: 6838.350 GC heap before
{Heap before GC invocations=108 (full 0):
 garbage-first heap   total 366592K, used 174791K [0x0000000080000000, 0x0000000100000000)
  region size 1024K, 17 young (17408K), 3 survivors (3072K)
 Metaspace       used 147935K, capacity 151596K, committed 152712K, reserved 1181696K
  class space    used 18340K, capacity 19629K, committed 20044K, reserved 1048576K
}
Event: 6839.741 GC heap after
{Heap after GC invocations=109 (full 0):
 garbage-first heap   total 366592K, used 146878K [0x0000000080000000, 0x0000000100000000)
  region size 1024K, 3 young (3072K), 3 survivors (3072K)
 Metaspace       used 147935K, capacity 151596K, committed 152712K, reserved 1181696K
  class space    used 18340K, capacity 19629K, committed 20044K, reserved 1048576K
}
Event: 6846.217 GC heap before
{Heap before GC invocations=109 (full 0):
 garbage-first heap   total 366592K, used 165310K [0x0000000080000000, 0x0000000100000000)
  region size 1024K, 17 young (17408K), 3 survivors (3072K)
 Metaspace       used 148021K, capacity 151761K, committed 152968K, reserved 1181696K
  class space    used 18343K, capacity 19636K, committed 20044K, reserved 1048576K
}

Deoptimization events (20 events):
Event: 6832.085 Thread 0x0000000061612800 Uncommon trap: trap_request=0xffffffde fr.pc=0x000000000e30df70 relative=0x00000000000007f0
Event: 6832.085 Thread 0x0000000061612800 Uncommon trap: reason=class_check action=maybe_recompile pc=0x000000000e30df70 method=com.google.common.cache.LocalCache$Segment.getLiveValue(Lcom/google/common/cache/ReferenceEntry;J)Ljava/lang/Object; @ 21 c2
Event: 6832.085 Thread 0x0000000061612800 DEOPT PACKING pc=0x000000000e30df70 sp=0x00000000631fc250
Event: 6832.085 Thread 0x0000000061612800 DEOPT UNPACKING pc=0x0000000006276929 sp=0x00000000631fc188 mode 2
Event: 6832.339 Thread 0x0000000061612800 Uncommon trap: trap_request=0xffffffde fr.pc=0x000000000e26e574 relative=0x0000000000000534
Event: 6832.339 Thread 0x0000000061612800 Uncommon trap: reason=class_check action=maybe_recompile pc=0x000000000e26e574 method=org.gradle.cache.internal.LockOnDemandCrossProcessCacheAccess.incrementLockCount()V @ 97 c2
Event: 6832.339 Thread 0x0000000061612800 DEOPT PACKING pc=0x000000000e26e574 sp=0x00000000631f8640
Event: 6832.339 Thread 0x0000000061612800 DEOPT UNPACKING pc=0x0000000006276929 sp=0x00000000631f85f0 mode 2
Event: 6834.915 Thread 0x0000000061612800 Uncommon trap: trap_request=0xffffff4d fr.pc=0x000000000e096064 relative=0x00000000000027e4
Event: 6834.915 Thread 0x0000000061612800 Uncommon trap: reason=unstable_if action=reinterpret pc=0x000000000e096064 method=java.lang.ref.SoftReference.get()Ljava/lang/Object; @ 6 c2
Event: 6834.915 Thread 0x0000000061612800 DEOPT PACKING pc=0x000000000e096064 sp=0x00000000631f4d30
Event: 6834.915 Thread 0x0000000061612800 DEOPT UNPACKING pc=0x0000000006276929 sp=0x00000000631f4ca8 mode 2
Event: 6839.928 Thread 0x0000000061612800 DEOPT PACKING pc=0x0000000007767c9d sp=0x00000000631fa6e0
Event: 6839.928 Thread 0x0000000061612800 DEOPT UNPACKING pc=0x000000000627673f sp=0x00000000631f9b98 mode 0
Event: 6839.929 Thread 0x0000000061612800 DEOPT PACKING pc=0x0000000007767c9d sp=0x00000000631fa650
Event: 6839.929 Thread 0x0000000061612800 DEOPT UNPACKING pc=0x000000000627673f sp=0x00000000631f9b18 mode 0
Event: 6840.042 Thread 0x0000000061612800 DEOPT PACKING pc=0x0000000007767c9d sp=0x00000000631fa620
Event: 6840.042 Thread 0x0000000061612800 DEOPT UNPACKING pc=0x000000000627673f sp=0x00000000631f9ad8 mode 0
Event: 6840.042 Thread 0x0000000061612800 DEOPT PACKING pc=0x0000000007767c9d sp=0x00000000631fa590
Event: 6840.042 Thread 0x0000000061612800 DEOPT UNPACKING pc=0x000000000627673f sp=0x00000000631f9a58 mode 0

Classes redefined (0 events):
No events

Internal exceptions (20 events):
Event: 6392.179 Thread 0x0000000061611000 Exception <a 'sun/nio/fs/WindowsException'{0x000000009598a270}> (0x000000009598a270) thrown at [./src/hotspot/share/prims/jni.cpp, line 615]
Event: 6393.073 Thread 0x0000000061611000 Exception <a 'java/lang/NoSuchMethodError'{0x00000000959d3398}: <clinit>> (0x00000000959d3398) thrown at [./src/hotspot/share/prims/jni.cpp, line 1362]
Event: 6393.075 Thread 0x0000000061611000 Exception <a 'java/lang/NoSuchMethodError'{0x00000000959e1028}: <clinit>> (0x00000000959e1028) thrown at [./src/hotspot/share/prims/jni.cpp, line 1362]
Event: 6393.200 Thread 0x0000000061611000 Exception <a 'java/lang/NoSuchMethodError'{0x0000000095806a58}: <clinit>> (0x0000000095806a58) thrown at [./src/hotspot/share/prims/jni.cpp, line 1362]
Event: 6393.353 Thread 0x0000000061611000 Exception <a 'java/lang/reflect/InvocationTargetException'{0x000000009588d2a8}> (0x000000009588d2a8) thrown at [./src/hotspot/share/runtime/reflection.cpp, line 1247]
Event: 6394.406 Thread 0x0000000061616000 Exception <a 'java/lang/NoSuchMethodError'{0x0000000096499178}: <clinit>> (0x0000000096499178) thrown at [./src/hotspot/share/prims/jni.cpp, line 1362]
Event: 6394.811 Thread 0x0000000061616000 Exception <a 'java/lang/NoSuchMethodError'{0x00000000964d7e10}: <clinit>> (0x00000000964d7e10) thrown at [./src/hotspot/share/prims/jni.cpp, line 1362]
Event: 6399.601 Thread 0x0000000061612000 Exception <a 'java/lang/NoSuchMethodError'{0x00000000961efc70}: <clinit>> (0x00000000961efc70) thrown at [./src/hotspot/share/prims/jni.cpp, line 1362]
Event: 6399.616 Thread 0x0000000061612000 Exception <a 'java/lang/NoSuchMethodError'{0x0000000096001608}: <clinit>> (0x0000000096001608) thrown at [./src/hotspot/share/prims/jni.cpp, line 1362]
Event: 6399.616 Thread 0x0000000061612000 Exception <a 'java/lang/NoSuchMethodError'{0x0000000096002cf0}: <clinit>> (0x0000000096002cf0) thrown at [./src/hotspot/share/prims/jni.cpp, line 1362]
Event: 6399.618 Thread 0x0000000061612000 Exception <a 'java/lang/NoSuchMethodError'{0x0000000096015460}: <clinit>> (0x0000000096015460) thrown at [./src/hotspot/share/prims/jni.cpp, line 1362]
Event: 6399.677 Thread 0x0000000061612000 Exception <a 'java/lang/NoSuchMethodError'{0x0000000096021b38}: <clinit>> (0x0000000096021b38) thrown at [./src/hotspot/share/prims/jni.cpp, line 1362]
Event: 6399.679 Thread 0x0000000061612000 Exception <a 'java/lang/NoSuchMethodError'{0x00000000960325e8}: <clinit>> (0x00000000960325e8) thrown at [./src/hotspot/share/prims/jni.cpp, line 1362]
Event: 6834.915 Thread 0x0000000061612800 Implicit null exception at 0x000000000e0938cf to 0x000000000e096054
Event: 6837.844 Thread 0x0000000061612800 Exception <a 'sun/nio/fs/WindowsException'{0x000000009605b228}> (0x000000009605b228) thrown at [./src/hotspot/share/prims/jni.cpp, line 615]
Event: 6839.835 Thread 0x0000000061612800 Exception <a 'sun/nio/fs/WindowsException'{0x00000000964ebba0}> (0x00000000964ebba0) thrown at [./src/hotspot/share/prims/jni.cpp, line 615]
Event: 6840.007 Thread 0x0000000061612800 Exception <a 'sun/nio/fs/WindowsException'{0x0000000096398e00}> (0x0000000096398e00) thrown at [./src/hotspot/share/prims/jni.cpp, line 615]
Event: 6840.007 Thread 0x0000000061612800 Exception <a 'sun/nio/fs/WindowsException'{0x0000000096399ed0}> (0x0000000096399ed0) thrown at [./src/hotspot/share/prims/jni.cpp, line 615]
Event: 6840.007 Thread 0x0000000061612800 Exception <a 'sun/nio/fs/WindowsException'{0x000000009639aff0}> (0x000000009639aff0) thrown at [./src/hotspot/share/prims/jni.cpp, line 615]
Event: 6840.008 Thread 0x0000000061612800 Exception <a 'sun/nio/fs/WindowsException'{0x000000009639c110}> (0x000000009639c110) thrown at [./src/hotspot/share/prims/jni.cpp, line 615]

Events (20 events):
Event: 6832.087 Thread 0x0000000060d9e000 Thread added: 0x0000000060d9e000
Event: 6832.239 Thread 0x0000000060798000 Thread added: 0x0000000060798000
Event: 6833.651 Thread 0x000000006079f000 Thread added: 0x000000006079f000
Event: 6833.652 Thread 0x000000006079e000 Thread added: 0x000000006079e000
Event: 6833.653 Executing VM operation: RevokeBias
Event: 6833.727 Executing VM operation: RevokeBias done
Event: 6834.885 loading class org/gradle/internal/operations/BuildOperationDescriptor$1
Event: 6834.885 loading class org/gradle/internal/operations/BuildOperationDescriptor$1 done
Event: 6836.831 Executing VM operation: G1CollectForAllocation
Event: 6837.282 Executing VM operation: G1CollectForAllocation done
Event: 6838.073 Executing VM operation: ICBufferFull
Event: 6838.091 Executing VM operation: ICBufferFull done
Event: 6838.108 loading class org/gradle/api/internal/provider/AbstractProperty$1
Event: 6838.108 loading class org/gradle/api/internal/provider/AbstractProperty$1 done
Event: 6838.350 Executing VM operation: G1CollectForAllocation
Event: 6839.742 Executing VM operation: G1CollectForAllocation done
Event: 6845.361 Thread 0x000000006079b800 Thread added: 0x000000006079b800
Event: 6845.362 Thread 0x00000000698a1800 Thread added: 0x00000000698a1800
Event: 6845.364 Thread 0x00000000698a3000 Thread added: 0x00000000698a3000
Event: 6846.201 Executing VM operation: G1CollectForAllocation


Dynamic libraries:
0x000000013f2c0000 - 0x000000013f2ca000 	C:\Program Files\Android\Android Studio\jre\bin\java.exe
0x00000000772f0000 - 0x0000000077499000 	C:\Windows\SYSTEM32\ntdll.dll
0x00000000770d0000 - 0x00000000771ef000 	C:\Windows\system32\kernel32.dll
0x000007fefd330000 - 0x000007fefd39b000 	C:\Windows\system32\KERNELBASE.dll
0x000007fef46b0000 - 0x000007fef46c9000 	C:\Program Files\Android\Android Studio\jre\bin\jli.dll
0x000007fef9d90000 - 0x000007fef9f84000 	C:\Windows\WinSxS\amd64_microsoft.windows.common-controls_6595b64144ccf1df_6.0.7601.17514_none_fa396087175ac9ac\COMCTL32.dll
0x000007fefd8a0000 - 0x000007fefd93f000 	C:\Windows\system32\msvcrt.dll
0x000007feff310000 - 0x000007feff377000 	C:\Windows\system32\GDI32.dll
0x00000000771f0000 - 0x00000000772ea000 	C:\Windows\system32\USER32.dll
0x000007fefecc0000 - 0x000007fefecce000 	C:\Windows\system32\LPK.dll
0x000007fefed20000 - 0x000007fefede9000 	C:\Windows\system32\USP10.dll
0x000007fefe900000 - 0x000007fefe971000 	C:\Windows\system32\SHLWAPI.dll
0x000007fef7cf0000 - 0x000007fef7d07000 	C:\Program Files\Android\Android Studio\jre\bin\VCRUNTIME140.dll
0x000007fefa540000 - 0x000007fefa544000 	C:\Windows\system32\api-ms-win-crt-runtime-l1-1-0.dll
0x000007fefa440000 - 0x000007fefa532000 	C:\Windows\system32\ucrtbase.DLL
0x000007fefa430000 - 0x000007fefa433000 	C:\Windows\system32\api-ms-win-core-timezone-l1-1-0.dll
0x000007fefa420000 - 0x000007fefa423000 	C:\Windows\system32\api-ms-win-core-file-l2-1-0.dll
0x000007fefa410000 - 0x000007fefa413000 	C:\Windows\system32\api-ms-win-core-localization-l1-2-0.dll
0x000007fefa400000 - 0x000007fefa403000 	C:\Windows\system32\api-ms-win-core-synch-l1-2-0.dll
0x000007fefa3f0000 - 0x000007fefa3f3000 	C:\Windows\system32\api-ms-win-core-processthreads-l1-1-1.dll
0x000007fefa3e0000 - 0x000007fefa3e3000 	C:\Windows\system32\api-ms-win-core-file-l1-2-0.dll
0x000007fefa3d0000 - 0x000007fefa3d4000 	C:\Windows\system32\api-ms-win-crt-string-l1-1-0.dll
0x000007fefa3c0000 - 0x000007fefa3c3000 	C:\Windows\system32\api-ms-win-crt-heap-l1-1-0.dll
0x000007fefa3b0000 - 0x000007fefa3b4000 	C:\Windows\system32\api-ms-win-crt-stdio-l1-1-0.dll
0x000007fefa370000 - 0x000007fefa374000 	C:\Windows\system32\api-ms-win-crt-convert-l1-1-0.dll
0x000007fefa2f0000 - 0x000007fefa2f3000 	C:\Windows\system32\api-ms-win-crt-environment-l1-1-0.dll
0x000007fefa300000 - 0x000007fefa303000 	C:\Windows\system32\api-ms-win-crt-filesystem-l1-1-0.dll
0x000007fefa350000 - 0x000007fefa355000 	C:\Windows\system32\api-ms-win-crt-math-l1-1-0.dll
0x000007fefa360000 - 0x000007fefa363000 	C:\Windows\system32\api-ms-win-crt-locale-l1-1-0.dll
0x000007fefe8d0000 - 0x000007fefe8fe000 	C:\Windows\system32\IMM32.DLL
0x000007fefe9a0000 - 0x000007fefeaa9000 	C:\Windows\system32\MSCTF.dll
0x000007feea940000 - 0x000007feea9dd000 	C:\Program Files\Android\Android Studio\jre\bin\msvcp140.dll
0x000007fefa320000 - 0x000007fefa325000 	C:\Windows\system32\api-ms-win-crt-multibyte-l1-1-0.dll
0x000007fefa310000 - 0x000007fefa313000 	C:\Windows\system32\api-ms-win-crt-time-l1-1-0.dll
0x000007fefa2e0000 - 0x000007fefa2e3000 	C:\Windows\system32\api-ms-win-crt-utility-l1-1-0.dll
0x000007feebb30000 - 0x000007feec5ff000 	C:\Program Files\Android\Android Studio\jre\bin\server\jvm.dll
0x000007fefeab0000 - 0x000007fefeb8b000 	C:\Windows\system32\ADVAPI32.dll
0x000007fefdb20000 - 0x000007fefdb3f000 	C:\Windows\SYSTEM32\sechost.dll
0x000007fefd940000 - 0x000007fefda6d000 	C:\Windows\system32\RPCRT4.dll
0x000007feee390000 - 0x000007feee399000 	C:\Windows\system32\WSOCK32.dll
0x000007fefecd0000 - 0x000007fefed1d000 	C:\Windows\system32\WS2_32.dll
0x000007fefda70000 - 0x000007fefda78000 	C:\Windows\system32\NSI.dll
0x000007fefc190000 - 0x000007fefc1cb000 	C:\Windows\system32\WINMM.dll
0x000007fefc0f0000 - 0x000007fefc0fc000 	C:\Windows\system32\VERSION.dll
0x00000000774b0000 - 0x00000000774b7000 	C:\Windows\system32\PSAPI.DLL
0x000007fef3ff0000 - 0x000007fef4001000 	C:\Program Files\Android\Android Studio\jre\bin\verify.dll
0x000007fef47d0000 - 0x000007fef48f5000 	C:\Windows\system32\DBGHELP.DLL
0x000007fef3d50000 - 0x000007fef3d79000 	C:\Program Files\Android\Android Studio\jre\bin\java.dll
0x000007fef8be0000 - 0x000007fef8beb000 	C:\Program Files\Android\Android Studio\jre\bin\jimage.dll
0x000007feefdf0000 - 0x000007feefe08000 	C:\Program Files\Android\Android Studio\jre\bin\zip.dll
0x000007fefdb40000 - 0x000007fefe8c8000 	C:\Windows\system32\SHELL32.dll
0x000007fefd690000 - 0x000007fefd893000 	C:\Windows\system32\ole32.dll
0x000007fefd240000 - 0x000007fefd24f000 	C:\Windows\system32\profapi.dll
0x000007feefdd0000 - 0x000007feefdea000 	C:\Program Files\Android\Android Studio\jre\bin\net.dll
0x000007fef67f0000 - 0x000007fef6861000 	C:\Windows\system32\WINHTTP.dll
0x000007fef6780000 - 0x000007fef67e4000 	C:\Windows\system32\webio.dll
0x000007fefca70000 - 0x000007fefcac5000 	C:\Windows\system32\mswsock.dll
0x000007fefca60000 - 0x000007fefca67000 	C:\Windows\System32\wship6.dll
0x000007feefdb0000 - 0x000007feefdc4000 	C:\Program Files\Android\Android Studio\jre\bin\nio.dll
0x000007fef46e0000 - 0x000007fef4707000 	C:\Users\Anu\.gradle\native\8bec1ad78214c89d9ad589b4d07fe93259594b29d510b10fafb7a158f7737e5d\windows-amd64\native-platform.dll
0x000007fee9f90000 - 0x000007feea0cd000 	C:\Users\Anu\.gradle\native\53dbd7edfb1c66fb8903c78663c9afc45aea4f116125fa6feffd364cf09443e8\windows-amd64\native-platform-file-events.dll
0x000007fef8bd0000 - 0x000007fef8bda000 	C:\Program Files\Android\Android Studio\jre\bin\management.dll
0x000007fef3fe0000 - 0x000007fef3fec000 	C:\Program Files\Android\Android Studio\jre\bin\management_ext.dll
0x000007fefcad0000 - 0x000007fefcae7000 	C:\Windows\system32\CRYPTSP.dll
0x000007fefc7d0000 - 0x000007fefc817000 	C:\Windows\system32\rsaenh.dll
0x000007fefc590000 - 0x000007fefc5ae000 	C:\Windows\system32\USERENV.dll
0x000007fefd170000 - 0x000007fefd17f000 	C:\Windows\system32\CRYPTBASE.dll
0x000007fefb510000 - 0x000007fefb537000 	C:\Windows\system32\IPHLPAPI.DLL
0x000007fefb500000 - 0x000007fefb50b000 	C:\Windows\system32\WINNSI.DLL
0x000007fefb4e0000 - 0x000007fefb4f8000 	C:\Windows\system32\dhcpcsvc.DLL
0x000007fefb4c0000 - 0x000007fefb4d1000 	C:\Windows\system32\dhcpcsvc6.DLL
0x000007fef4690000 - 0x000007fef46ae000 	C:\Users\Anu\AppData\Local\Temp\native-platform7657214706350346629dir\native-platform.dll
0x000007fefd0d0000 - 0x000007fefd127000 	C:\Windows\system32\apphelp.dll
0x000007fef66c0000 - 0x000007fef66c8000 	C:\Program Files\Android\Android Studio\jre\bin\rmi.dll
0x000000006b870000 - 0x000000006b973000 	C:\Users\Anu\AppData\Local\Temp\sqlite-3.25.2-40b382f3-30d5-4d6e-bb8f-8d9565edb2a7-sqlitejdbc.dll
0x0000000061fe0000 - 0x00000000620e3000 	C:\Users\Anu\AppData\Local\Temp\sqlite-3.25.2-53217c9d-b915-4bfe-891d-54d9a9bd2f4b-sqlitejdbc.dll
0x000000006c070000 - 0x000000006c173000 	C:\Users\Anu\AppData\Local\Temp\sqlite-3.25.2-b32a062b-eba6-4034-a64c-f265a15bc63a-sqlitejdbc.dll

dbghelp: loaded successfully - version: 4.0.5 - missing functions: none
symbol engine: initialized successfully - sym options: 0x614 - pdb path: .;C:\Program Files\Android\Android Studio\jre\bin;C:\Windows\SYSTEM32;C:\Windows\WinSxS\amd64_microsoft.windows.common-controls_6595b64144ccf1df_6.0.7601.17514_none_fa396087175ac9ac;C:\Program Files\Android\Android Studio\jre\bin\server;C:\Users\Anu\.gradle\native\8bec1ad78214c89d9ad589b4d07fe93259594b29d510b10fafb7a158f7737e5d\windows-amd64;C:\Users\Anu\.gradle\native\53dbd7edfb1c66fb8903c78663c9afc45aea4f116125fa6feffd364cf09443e8\windows-amd64;C:\Users\Anu\AppData\Local\Temp\native-platform7657214706350346629dir;C:\Users\Anu\AppData\Local\Temp

VM Arguments:
jvm_args: --add-opens=java.base/java.util=ALL-UNNAMED --add-opens=java.base/java.lang=ALL-UNNAMED --add-opens=java.base/java.lang.invoke=ALL-UNNAMED --add-opens=java.base/java.util=ALL-UNNAMED --add-opens=java.prefs/java.util.prefs=ALL-UNNAMED --add-opens=java.prefs/java.util.prefs=ALL-UNNAMED --add-opens=java.base/java.nio.charset=ALL-UNNAMED --add-opens=java.base/java.net=ALL-UNNAMED --add-opens=java.base/java.util.concurrent.atomic=ALL-UNNAMED -Xmx2048m -Dfile.encoding=UTF-8 -Duser.country=US -Duser.language=en -Duser.variant 
java_command: org.gradle.launcher.daemon.bootstrap.GradleDaemon 7.0.2
java_class_path (initial): C:\Users\Anu\.gradle\wrapper\dists\gradle-7.0.2-bin\857tjihv64xamwrf0h14cai3r\gradle-7.0.2\lib\gradle-launcher-7.0.2.jar
Launcher Type: SUN_STANDARD

[Global flags]
     intx CICompilerCount                          = 2                                         {product} {ergonomic}
     uint ConcGCThreads                            = 1                                         {product} {ergonomic}
     uint G1ConcRefinementThreads                  = 2                                         {product} {ergonomic}
   size_t G1HeapRegionSize                         = 1048576                                   {product} {ergonomic}
    uintx GCDrainStackTargetSize                   = 64                                        {product} {ergonomic}
   size_t InitialHeapSize                          = 50331648                                  {product} {ergonomic}
   size_t MarkStackSize                            = 4194304                                   {product} {ergonomic}
   size_t MaxHeapSize                              = 2147483648                                {product} {command line}
   size_t MaxNewSize                               = 1287651328                                {product} {ergonomic}
   size_t MinHeapDeltaBytes                        = 1048576                                   {product} {ergonomic}
    uintx NonNMethodCodeHeapSize                   = 5825164                                {pd product} {ergonomic}
    uintx NonProfiledCodeHeapSize                  = 122916538                              {pd product} {ergonomic}
    uintx ProfiledCodeHeapSize                     = 122916538                              {pd product} {ergonomic}
    uintx ReservedCodeCacheSize                    = 251658240                              {pd product} {ergonomic}
     bool SegmentedCodeCache                       = true                                      {product} {ergonomic}
     bool UseCompressedClassPointers               = true                                 {lp64_product} {ergonomic}
     bool UseCompressedOops                        = true                                 {lp64_product} {ergonomic}
     bool UseG1GC                                  = true                                      {product} {ergonomic}
     bool UseLargePagesIndividualAllocation        = false                                  {pd product} {ergonomic}

Logging:
Log output configuration:
 #0: stdout all=warning uptime,level,tags
 #1: stderr all=off uptime,level,tags

Environment Variables:
JAVA_HOME=C:\Program Files\Android\Android Studio\jre
PATH=C:\Windows\system32;C:\Windows;C:\Windows\System32\Wbem;C:\Windows\System32\WindowsPowerShell\v1.0\
USERNAME=Anu
OS=Windows_NT
PROCESSOR_IDENTIFIER=Intel64 Family 6 Model 23 Stepping 10, GenuineIntel



---------------  S Y S T E M  ---------------

OS: Windows 7 , 64 bit Build 7601 (6.1.7601.17514)
OS uptime: 0 days 2:35 hours

CPU:total 2 (initial active 2) (2 cores per cpu, 1 threads per core) family 6 model 23 stepping 10 microcode 0x0, cmov, cx8, fxsr, mmx, sse, sse2, sse3, ssse3, sse4.1, tsc

Memory: 4k page, system-wide physical 3034M (121M free)
TotalPageFile size 5407M (AvailPageFile size 4M)
current process WorkingSet (physical memory assigned to process): 436M, peak: 533M
current process commit charge ("private bytes"): 972M, peak: 972M

vm_info: OpenJDK 64-Bit Server VM (11.0.10+0-b96-7249189) for windows-amd64 JRE (11.0.10+0-b96-7249189), built on Mar 31 2021 21:44:00 by "builder" with MS VC++ 14.0 (VS2015)

END.
