#
# There is insufficient memory for the Java Runtime Environment to continue.
# Native memory allocation (malloc) failed to allocate 1048576 bytes for AllocateHeap
# Possible reasons:
#   The system is out of physical RAM or swap space
#   The process is running with CompressedOops enabled, and the Java Heap may be blocking the growth of the native heap
# Possible solutions:
#   Reduce memory load on the system
#   Increase physical memory or swap space
#   Check if swap backing store is full
#   Decrease Java heap size (-Xmx/-Xms)
#   Decrease number of Java threads
#   Decrease Java thread stack sizes (-Xss)
#   Set larger code cache with -XX:ReservedCodeCacheSize=
#   JVM is running with Unscaled Compressed Oops mode in which the Java heap is
#     placed in the first 4GB address space. The Java Heap base address is the
#     maximum limit for the native heap growth. Please use -XX:HeapBaseMinAddress
#     to set the Java Heap base and to place the Java Heap above 4GB virtual address.
# This output file may be truncated or incomplete.
#
#  Out of Memory Error (./src/hotspot/share/memory/allocation.cpp:46), pid=2872, tid=4288
#
# JRE version: OpenJDK Runtime Environment (11.0.10) (build 11.0.10+0-b96-7249189)
# Java VM: OpenJDK 64-Bit Server VM (11.0.10+0-b96-7249189, mixed mode, tiered, compressed oops, g1 gc, windows-amd64)
# No core dump will be written. Minidumps are not enabled by default on client versions of Windows
#

---------------  S U M M A R Y ------------

Command Line: --add-opens=java.base/java.util=ALL-UNNAMED --add-opens=java.base/java.lang=ALL-UNNAMED --add-opens=java.base/java.lang.invoke=ALL-UNNAMED --add-opens=java.base/java.util=ALL-UNNAMED --add-opens=java.prefs/java.util.prefs=ALL-UNNAMED --add-opens=java.prefs/java.util.prefs=ALL-UNNAMED --add-opens=java.base/java.nio.charset=ALL-UNNAMED --add-opens=java.base/java.net=ALL-UNNAMED --add-opens=java.base/java.util.concurrent.atomic=ALL-UNNAMED -Xmx2048m -Dfile.encoding=UTF-8 -Duser.country=US -Duser.language=en -Duser.variant org.gradle.launcher.daemon.bootstrap.GradleDaemon 7.0.2

Host: Intel(R) Core(TM)2 Duo CPU     T6500  @ 2.10GHz, 2 cores, 2G,  Windows 7 , 64 bit Build 7601 (6.1.7601.17514)
Time: Fri Sep 24 03:21:45 2021 Malay Peninsula Standard Time elapsed time: 181.349023 seconds (0d 0h 3m 1s)

---------------  T H R E A D  ---------------

Current thread (0x000000005d435800):  VMThread "VM Thread" [stack: 0x000000005d580000,0x000000005d680000] [id=4288]

Stack: [0x000000005d580000,0x000000005d680000]
[error occurred during error reporting (printing stack bounds), id 0xc0000005, EXCEPTION_ACCESS_VIOLATION (0xc0000005) at pc=0x0000000006340f3d]

Native frames: (J=compiled Java code, j=interpreted, Vv=VM code, C=native code)
V  [jvm.dll+0x5ecfaa]
V  [jvm.dll+0x722bd5]
V  [jvm.dll+0x72412d]
V  [jvm.dll+0x724745]
V  [jvm.dll+0x7246fb]
V  [jvm.dll+0x5ec348]
V  [jvm.dll+0x5ecad8]
C  [ntdll.dll+0x29d0d]
C  [ntdll.dll+0x191af]
C  [ntdll.dll+0x51278]
C  0x0000000006340f3d

VM_Operation (0x000000006b218b20): CollectForMetadataAllocation, mode: safepoint, requested by thread 0x0000000061315000


---------------  P R O C E S S  ---------------

Threads class SMR info:
_java_thread_list=0x0000000066759910, length=42, elements={
0x0000000000112800, 0x000000005d438800, 0x000000005d43a000, 0x000000005d44e000,
0x000000005d451000, 0x000000005d452000, 0x000000005d45a800, 0x000000005d45c800,
0x000000005d4ae000, 0x000000005e2f8000, 0x000000005fb28000, 0x0000000060526800,
0x000000006038a800, 0x000000005f48c000, 0x000000005fa0b000, 0x00000000604df800,
0x00000000604e0800, 0x0000000060507800, 0x000000005f54e000, 0x000000005f54f000,
0x000000005f54f800, 0x000000005f550800, 0x000000005f551800, 0x000000005f552000,
0x000000005f553000, 0x000000005f554000, 0x000000005f8ed000, 0x000000005f8ee000,
0x000000005f8ee800, 0x000000005f8f0800, 0x000000005f8f1000, 0x000000005f8f2000,
0x000000005f8f3800, 0x000000006130f000, 0x0000000061310000, 0x0000000061311000,
0x0000000061311800, 0x0000000061314000, 0x0000000061315000, 0x0000000061315800,
0x00000000641d8000, 0x00000000641d9000
}

Java Threads: ( => current thread )
  0x0000000000112800 JavaThread "main" [_thread_blocked, id=3948, stack(0x0000000002340000,0x0000000002440000)]
  0x000000005d438800 JavaThread "Reference Handler" daemon [_thread_blocked, id=1508, stack(0x000000001c950000,0x000000001ca50000)]
  0x000000005d43a000 JavaThread "Finalizer" daemon [_thread_blocked, id=5004, stack(0x000000005d810000,0x000000005d910000)]
  0x000000005d44e000 JavaThread "Signal Dispatcher" daemon [_thread_blocked, id=2880, stack(0x000000005d990000,0x000000005da90000)]
  0x000000005d451000 JavaThread "Attach Listener" daemon [_thread_blocked, id=3988, stack(0x000000005db70000,0x000000005dc70000)]
  0x000000005d452000 JavaThread "Service Thread" daemon [_thread_blocked, id=5076, stack(0x000000005dc90000,0x000000005dd90000)]
  0x000000005d45a800 JavaThread "C2 CompilerThread0" daemon [_thread_blocked, id=4248, stack(0x000000005df30000,0x000000005e030000)]
  0x000000005d45c800 JavaThread "C1 CompilerThread0" daemon [_thread_blocked, id=2252, stack(0x000000005ddf0000,0x000000005def0000)]
  0x000000005d4ae000 JavaThread "Sweeper thread" daemon [_thread_blocked, id=5100, stack(0x000000005e160000,0x000000005e260000)]
  0x000000005e2f8000 JavaThread "Common-Cleaner" daemon [_thread_blocked, id=1548, stack(0x000000005e7b0000,0x000000005e8b0000)]
  0x000000005fb28000 JavaThread "Daemon health stats" [_thread_blocked, id=3596, stack(0x00000000619a0000,0x0000000061aa0000)]
  0x0000000060526800 JavaThread "Incoming local TCP Connector on port 53779" [_thread_in_native, id=3600, stack(0x0000000061ee0000,0x0000000061fe0000)]
  0x000000006038a800 JavaThread "Daemon periodic checks" [_thread_blocked, id=3772, stack(0x00000000620c0000,0x00000000621c0000)]
  0x000000005f48c000 JavaThread "Daemon" [_thread_blocked, id=4500, stack(0x000000005e060000,0x000000005e160000)]
  0x000000005fa0b000 JavaThread "Handler for socket connection from /127.0.0.1:53779 to /127.0.0.1:53780" [_thread_in_native, id=5052, stack(0x0000000062490000,0x0000000062590000)]
  0x00000000604df800 JavaThread "Cancel handler" [_thread_blocked, id=4904, stack(0x0000000062640000,0x0000000062740000)]
  0x00000000604e0800 JavaThread "Daemon worker" [_thread_blocked, id=4664, stack(0x0000000062860000,0x0000000062960000)]
  0x0000000060507800 JavaThread "Asynchronous log dispatcher for DefaultDaemonConnection: socket connection from /127.0.0.1:53779 to /127.0.0.1:53780" [_thread_blocked, id=2556, stack(0x000000005e680000,0x000000005e780000)]
  0x000000005f54e000 JavaThread "Daemon client event forwarder" [_thread_blocked, id=984, stack(0x0000000062af0000,0x0000000062bf0000)]
  0x000000005f54f000 JavaThread "Cache worker for file hash cache (C:\Users\Anu\.gradle\caches\7.0.2\fileHashes)" [_thread_blocked, id=4712, stack(0x0000000062980000,0x0000000062a80000)]
  0x000000005f54f800 JavaThread "File lock request listener" [_thread_in_native, id=4856, stack(0x0000000062e40000,0x0000000062f40000)]
  0x000000005f550800 JavaThread "Cache worker for journal cache (C:\Users\Anu\.gradle\caches\journal-1)" [_thread_blocked, id=4464, stack(0x00000000632d0000,0x00000000633d0000)]
  0x000000005f551800 JavaThread "Cache worker for file hash cache (F:\SgMobileData\.gradle\7.0.2\fileHashes)" [_thread_blocked, id=2004, stack(0x00000000631a0000,0x00000000632a0000)]
  0x000000005f552000 JavaThread "File watcher server" daemon [_thread_blocked, id=464, stack(0x0000000063600000,0x0000000063700000)]
  0x000000005f553000 JavaThread "File watcher consumer" daemon [_thread_blocked, id=3656, stack(0x000000005ea20000,0x000000005eb20000)]
  0x000000005f554000 JavaThread "Cache worker for checksums cache (F:\SgMobileData\.gradle\checksums)" [_thread_blocked, id=4548, stack(0x0000000064a70000,0x0000000064b70000)]
  0x000000005f8ed000 JavaThread "Cache worker for cache directory md-supplier (C:\Users\Anu\.gradle\caches\7.0.2\md-supplier)" [_thread_blocked, id=5080, stack(0x0000000064c90000,0x0000000064d90000)]
  0x000000005f8ee000 JavaThread "Cache worker for cache directory md-rule (C:\Users\Anu\.gradle\caches\7.0.2\md-rule)" [_thread_blocked, id=4652, stack(0x0000000065020000,0x0000000065120000)]
  0x000000005f8ee800 JavaThread "Cache worker for execution history cache (C:\Users\Anu\.gradle\caches\7.0.2\executionHistory)" [_thread_blocked, id=4372, stack(0x0000000064b90000,0x0000000064c90000)]
  0x000000005f8f0800 JavaThread "jar transforms" [_thread_blocked, id=4584, stack(0x0000000065760000,0x0000000065860000)]
  0x000000005f8f1000 JavaThread "jar transforms Thread 2" [_thread_blocked, id=4552, stack(0x0000000065b40000,0x0000000065c40000)]
  0x000000005f8f2000 JavaThread "Cache worker for file content cache (C:\Users\Anu\.gradle\caches\7.0.2\fileContent)" [_thread_blocked, id=4484, stack(0x0000000065d90000,0x0000000065e90000)]
  0x000000005f8f3800 JavaThread "Cache worker for dependencies-accessors (F:\SgMobileData\.gradle\7.0.2\dependencies-accessors)" [_thread_blocked, id=3904, stack(0x0000000064930000,0x0000000064a30000)]
  0x000000006130f000 JavaThread "Cache worker for Build Output Cleanup Cache (F:\SgMobileData\.gradle\buildOutputCleanup)" [_thread_blocked, id=4608, stack(0x00000000675a0000,0x00000000676a0000)]
  0x0000000061310000 JavaThread "Build operations" [_thread_blocked, id=5092, stack(0x0000000067b00000,0x0000000067c00000)]
  0x0000000061311000 JavaThread "Build operations Thread 2" [_thread_blocked, id=4348, stack(0x0000000067c90000,0x0000000067d90000)]
  0x0000000061311800 JavaThread "Memory manager" [_thread_blocked, id=4752, stack(0x00000000676d0000,0x00000000677d0000)]
  0x0000000061314000 JavaThread "build event listener" [_thread_blocked, id=1832, stack(0x000000006b020000,0x000000006b120000)]
  0x0000000061315000 JavaThread "Execution worker for ':'" [_thread_blocked, id=4240, stack(0x000000006b120000,0x000000006b220000)]
  0x0000000061315800 JavaThread "Cache worker for execution history cache (F:\SgMobileData\.gradle\7.0.2\executionHistory)" [_thread_blocked, id=2104, stack(0x000000006b240000,0x000000006b340000)]
  0x00000000641d8000 JavaThread "WorkerExecutor Queue" [_thread_blocked, id=2320, stack(0x000000006b540000,0x000000006b640000)]
  0x00000000641d9000 JavaThread "WorkerExecutor Queue Thread 2" [_thread_blocked, id=3812, stack(0x000000006bd00000,0x000000006be00000)]

Other Threads:
=>0x000000005d435800 VMThread "VM Thread" [stack: 0x000000005d580000,0x000000005d680000] [id=4288]
  0x000000005e32f000 WatcherThread [stack: 0x000000005e900000,0x000000005ea00000] [id=4264]
  0x000000000012a800 GCTaskThread "GC Thread#0" [stack: 0x0000000015340000,0x0000000015440000] [id=1892]
  0x000000005e430800 GCTaskThread "GC Thread#1" [stack: 0x000000005ec60000,0x000000005ed60000] [id=3660]
  0x000000000015b000 ConcurrentGCThread "G1 Main Marker" [stack: 0x000000001a2c0000,0x000000001a3c0000] [id=2656]
  0x000000000015c000 ConcurrentGCThread "G1 Conc#0" [stack: 0x000000001a3e0000,0x000000001a4e0000] [id=4176]
  0x00000000001ad800 ConcurrentGCThread "G1 Refine#0" [stack: 0x000000001c750000,0x000000001c850000] [id=4512]
  0x00000000001ae800 ConcurrentGCThread "G1 Young RemSet Sampling" [stack: 0x000000001ca60000,0x000000001cb60000] [id=3484]

Threads with active compile tasks:

VM state:at safepoint (normal execution)

VM Mutex/Monitor currently owned by a thread:  ([mutex/lock_event])
[0x000000000010eae0] Threads_lock - owner thread: 0x000000005d435800
[0x000000000010f2c0] Heap_lock - owner thread: 0x0000000061315000

Heap address: 0x0000000080000000, size: 2048 MB, Compressed Oops mode: 32-bit
Narrow klass base: 0x0000000000000000, Narrow klass shift: 0
Compressed class space size: 1073741824 Address: 0x000000001cb60000

Heap:
 garbage-first heap   total 182272K, used 89819K [0x0000000080000000, 0x0000000100000000)
  region size 1024K, 3 young (3072K), 3 survivors (3072K)
 Metaspace       used 101850K, capacity 104128K, committed 104188K, reserved 1153024K
  class space    used 12796K, capacity 13659K, committed 13696K, reserved 1048576K
Heap Regions: E=young(eden), S=young(survivor), O=old, HS=humongous(starts), HC=humongous(continues), CS=collection set, F=free, A=archive, TAMS=top-at-mark-start (previous, next)
|   0|0x0000000080000000, 0x0000000080100000, 0x0000000080100000|100%| O|  |TAMS 0x0000000080100000, 0x0000000080000000| Untracked 
|   1|0x0000000080100000, 0x0000000080200000, 0x0000000080200000|100%| O|  |TAMS 0x0000000080200000, 0x0000000080100000| Untracked 
|   2|0x0000000080200000, 0x0000000080300000, 0x0000000080300000|100%| O|  |TAMS 0x0000000080300000, 0x0000000080200000| Untracked 
|   3|0x0000000080300000, 0x0000000080400000, 0x0000000080400000|100%| O|  |TAMS 0x0000000080400000, 0x0000000080300000| Untracked 
|   4|0x0000000080400000, 0x0000000080500000, 0x0000000080500000|100%|HS|  |TAMS 0x0000000080500000, 0x0000000080400000| Complete 
|   5|0x0000000080500000, 0x0000000080600000, 0x0000000080600000|100%|HC|  |TAMS 0x0000000080600000, 0x0000000080500000| Complete 
|   6|0x0000000080600000, 0x0000000080700000, 0x0000000080700000|100%|HC|  |TAMS 0x0000000080700000, 0x0000000080600000| Complete 
|   7|0x0000000080700000, 0x0000000080800000, 0x0000000080800000|100%| O|  |TAMS 0x0000000080800000, 0x0000000080700000| Untracked 
|   8|0x0000000080800000, 0x0000000080900000, 0x0000000080900000|100%| O|  |TAMS 0x0000000080900000, 0x0000000080800000| Untracked 
|   9|0x0000000080900000, 0x0000000080a00000, 0x0000000080a00000|100%| O|  |TAMS 0x0000000080a00000, 0x0000000080900000| Untracked 
|  10|0x0000000080a00000, 0x0000000080b00000, 0x0000000080b00000|100%| O|  |TAMS 0x0000000080b00000, 0x0000000080a00000| Untracked 
|  11|0x0000000080b00000, 0x0000000080c00000, 0x0000000080c00000|100%| O|  |TAMS 0x0000000080c00000, 0x0000000080b00000| Complete 
|  12|0x0000000080c00000, 0x0000000080d00000, 0x0000000080d00000|100%| O|  |TAMS 0x0000000080d00000, 0x0000000080c00000| Untracked 
|  13|0x0000000080d00000, 0x0000000080e00000, 0x0000000080e00000|100%| O|  |TAMS 0x0000000080e00000, 0x0000000080d00000| Untracked 
|  14|0x0000000080e00000, 0x0000000080f00000, 0x0000000080f00000|100%| O|  |TAMS 0x0000000080f00000, 0x0000000080e00000| Untracked 
|  15|0x0000000080f00000, 0x0000000081000000, 0x0000000081000000|100%| O|  |TAMS 0x0000000081000000, 0x0000000080f00000| Untracked 
|  16|0x0000000081000000, 0x0000000081100000, 0x0000000081100000|100%| O|  |TAMS 0x0000000081100000, 0x0000000081000000| Untracked 
|  17|0x0000000081100000, 0x0000000081200000, 0x0000000081200000|100%| O|  |TAMS 0x0000000081200000, 0x0000000081100000| Complete 
|  18|0x0000000081200000, 0x0000000081300000, 0x0000000081300000|100%| O|  |TAMS 0x0000000081300000, 0x0000000081200000| Untracked 
|  19|0x0000000081300000, 0x0000000081400000, 0x0000000081400000|100%| O|  |TAMS 0x0000000081400000, 0x0000000081300000| Untracked 
|  20|0x0000000081400000, 0x0000000081500000, 0x0000000081500000|100%| O|  |TAMS 0x0000000081500000, 0x0000000081400000| Untracked 
|  21|0x0000000081500000, 0x0000000081600000, 0x0000000081600000|100%| O|  |TAMS 0x0000000081600000, 0x0000000081500000| Untracked 
|  22|0x0000000081600000, 0x0000000081700000, 0x0000000081700000|100%| O|  |TAMS 0x0000000081700000, 0x0000000081600000| Untracked 
|  23|0x0000000081700000, 0x0000000081800000, 0x0000000081800000|100%| O|  |TAMS 0x0000000081800000, 0x0000000081700000| Complete 
|  24|0x0000000081800000, 0x0000000081900000, 0x0000000081900000|100%| O|  |TAMS 0x0000000081900000, 0x0000000081800000| Untracked 
|  25|0x0000000081900000, 0x0000000081a00000, 0x0000000081a00000|100%| O|  |TAMS 0x0000000081a00000, 0x0000000081900000| Untracked 
|  26|0x0000000081a00000, 0x0000000081b00000, 0x0000000081b00000|100%| O|  |TAMS 0x0000000081b00000, 0x0000000081a00000| Untracked 
|  27|0x0000000081b00000, 0x0000000081c00000, 0x0000000081c00000|100%| O|  |TAMS 0x0000000081c00000, 0x0000000081b00000| Complete 
|  28|0x0000000081c00000, 0x0000000081d00000, 0x0000000081d00000|100%| O|  |TAMS 0x0000000081d00000, 0x0000000081c00000| Untracked 
|  29|0x0000000081d00000, 0x0000000081e00000, 0x0000000081e00000|100%| O|  |TAMS 0x0000000081e00000, 0x0000000081d00000| Untracked 
|  30|0x0000000081e00000, 0x0000000081f00000, 0x0000000081f00000|100%| O|  |TAMS 0x0000000081f00000, 0x0000000081e00000| Untracked 
|  31|0x0000000081f00000, 0x0000000082000000, 0x0000000082000000|100%|HS|  |TAMS 0x0000000082000000, 0x0000000081f00000| Complete 
|  32|0x0000000082000000, 0x0000000082100000, 0x0000000082100000|100%| O|  |TAMS 0x0000000082100000, 0x0000000082000000| Complete 
|  33|0x0000000082100000, 0x0000000082200000, 0x0000000082200000|100%|HS|  |TAMS 0x0000000082200000, 0x0000000082100000| Complete 
|  34|0x0000000082200000, 0x0000000082300000, 0x0000000082300000|100%|HS|  |TAMS 0x0000000082300000, 0x0000000082200000| Complete 
|  35|0x0000000082300000, 0x0000000082400000, 0x0000000082400000|100%| O|  |TAMS 0x0000000082400000, 0x0000000082300000| Untracked 
|  36|0x0000000082400000, 0x0000000082500000, 0x0000000082500000|100%| O|  |TAMS 0x0000000082500000, 0x0000000082400000| Untracked 
|  37|0x0000000082500000, 0x0000000082600000, 0x0000000082600000|100%|HS|  |TAMS 0x0000000082600000, 0x0000000082500000| Complete 
|  38|0x0000000082600000, 0x0000000082700000, 0x0000000082700000|100%|HC|  |TAMS 0x0000000082700000, 0x0000000082600000| Complete 
|  39|0x0000000082700000, 0x0000000082800000, 0x0000000082800000|100%|HC|  |TAMS 0x0000000082800000, 0x0000000082700000| Complete 
|  40|0x0000000082800000, 0x0000000082900000, 0x0000000082900000|100%| O|  |TAMS 0x0000000082900000, 0x0000000082800000| Untracked 
|  41|0x0000000082900000, 0x0000000082a00000, 0x0000000082a00000|100%| O|  |TAMS 0x0000000082a00000, 0x0000000082900000| Untracked 
|  42|0x0000000082a00000, 0x0000000082b00000, 0x0000000082b00000|100%| O|  |TAMS 0x0000000082b00000, 0x0000000082a00000| Untracked 
|  43|0x0000000082b00000, 0x0000000082c00000, 0x0000000082c00000|100%|HS|  |TAMS 0x0000000082c00000, 0x0000000082b00000| Complete 
|  44|0x0000000082c00000, 0x0000000082d00000, 0x0000000082d00000|100%|HC|  |TAMS 0x0000000082d00000, 0x0000000082c00000| Complete 
|  45|0x0000000082d00000, 0x0000000082e00000, 0x0000000082e00000|100%| O|  |TAMS 0x0000000082e00000, 0x0000000082d00000| Complete 
|  46|0x0000000082e00000, 0x0000000082f00000, 0x0000000082f00000|100%| O|  |TAMS 0x0000000082f00000, 0x0000000082e00000| Untracked 
|  47|0x0000000082f00000, 0x0000000083000000, 0x0000000083000000|100%| O|  |TAMS 0x0000000083000000, 0x0000000082f00000| Untracked 
|  48|0x0000000083000000, 0x0000000083100000, 0x0000000083100000|100%| O|  |TAMS 0x0000000083100000, 0x0000000083000000| Complete 
|  49|0x0000000083100000, 0x0000000083200000, 0x0000000083200000|100%| O|  |TAMS 0x0000000083200000, 0x0000000083100000| Untracked 
|  50|0x0000000083200000, 0x0000000083300000, 0x0000000083300000|100%| O|  |TAMS 0x0000000083300000, 0x0000000083200000| Untracked 
|  51|0x0000000083300000, 0x0000000083400000, 0x0000000083400000|100%| O|  |TAMS 0x0000000083400000, 0x0000000083300000| Untracked 
|  52|0x0000000083400000, 0x0000000083500000, 0x0000000083500000|100%| O|  |TAMS 0x0000000083500000, 0x0000000083400000| Untracked 
|  53|0x0000000083500000, 0x0000000083600000, 0x0000000083600000|100%| O|  |TAMS 0x0000000083600000, 0x0000000083500000| Untracked 
|  54|0x0000000083600000, 0x0000000083700000, 0x0000000083700000|100%| O|  |TAMS 0x0000000083700000, 0x0000000083600000| Untracked 
|  55|0x0000000083700000, 0x0000000083800000, 0x0000000083800000|100%| O|  |TAMS 0x0000000083800000, 0x0000000083700000| Untracked 
|  56|0x0000000083800000, 0x0000000083900000, 0x0000000083900000|100%| O|  |TAMS 0x0000000083900000, 0x0000000083800000| Untracked 
|  57|0x0000000083900000, 0x0000000083a00000, 0x0000000083a00000|100%| O|  |TAMS 0x0000000083a00000, 0x0000000083900000| Untracked 
|  58|0x0000000083a00000, 0x0000000083b00000, 0x0000000083b00000|100%| O|  |TAMS 0x0000000083b00000, 0x0000000083a00000| Untracked 
|  59|0x0000000083b00000, 0x0000000083c00000, 0x0000000083c00000|100%| O|  |TAMS 0x0000000083c00000, 0x0000000083b00000| Untracked 
|  60|0x0000000083c00000, 0x0000000083d00000, 0x0000000083d00000|100%| O|  |TAMS 0x0000000083d00000, 0x0000000083c00000| Complete 
|  61|0x0000000083d00000, 0x0000000083e00000, 0x0000000083e00000|100%| O|  |TAMS 0x0000000083e00000, 0x0000000083d00000| Complete 
|  62|0x0000000083e00000, 0x0000000083f00000, 0x0000000083f00000|100%| O|  |TAMS 0x0000000083f00000, 0x0000000083e00000| Untracked 
|  63|0x0000000083f00000, 0x0000000084000000, 0x0000000084000000|100%| O|  |TAMS 0x0000000084000000, 0x0000000083f00000| Untracked 
|  64|0x0000000084000000, 0x0000000084100000, 0x0000000084100000|100%| O|  |TAMS 0x0000000084100000, 0x0000000084000000| Untracked 
|  65|0x0000000084100000, 0x0000000084200000, 0x0000000084200000|100%| O|  |TAMS 0x0000000084200000, 0x0000000084100000| Untracked 
|  66|0x0000000084200000, 0x0000000084300000, 0x0000000084300000|100%| O|  |TAMS 0x0000000084300000, 0x0000000084200000| Untracked 
|  67|0x0000000084300000, 0x0000000084400000, 0x0000000084400000|100%| O|  |TAMS 0x0000000084400000, 0x0000000084300000| Untracked 
|  68|0x0000000084400000, 0x0000000084500000, 0x0000000084500000|100%| O|  |TAMS 0x0000000084500000, 0x0000000084400000| Untracked 
|  69|0x0000000084500000, 0x0000000084600000, 0x0000000084600000|100%| O|  |TAMS 0x0000000084600000, 0x0000000084500000| Complete 
|  70|0x0000000084600000, 0x0000000084700000, 0x0000000084700000|100%| O|  |TAMS 0x0000000084700000, 0x0000000084600000| Untracked 
|  71|0x0000000084700000, 0x0000000084800000, 0x0000000084800000|100%| O|  |TAMS 0x0000000084800000, 0x0000000084700000| Untracked 
|  72|0x0000000084800000, 0x0000000084900000, 0x0000000084900000|100%| O|  |TAMS 0x0000000084900000, 0x0000000084800000| Complete 
|  73|0x0000000084900000, 0x0000000084a00000, 0x0000000084a00000|100%| O|  |TAMS 0x0000000084a00000, 0x0000000084900000| Complete 
|  74|0x0000000084a00000, 0x0000000084b00000, 0x0000000084b00000|100%| O|  |TAMS 0x0000000084b00000, 0x0000000084a00000| Complete 
|  75|0x0000000084b00000, 0x0000000084b00000, 0x0000000084c00000|  0%| F|  |TAMS 0x0000000084b00000, 0x0000000084b00000| Untracked 
|  76|0x0000000084c00000, 0x0000000084c00000, 0x0000000084d00000|  0%| F|  |TAMS 0x0000000084c00000, 0x0000000084c00000| Untracked 
|  77|0x0000000084d00000, 0x0000000084d00000, 0x0000000084e00000|  0%| F|  |TAMS 0x0000000084d00000, 0x0000000084d00000| Untracked 
|  78|0x0000000084e00000, 0x0000000084e00000, 0x0000000084f00000|  0%| F|  |TAMS 0x0000000084e00000, 0x0000000084e00000| Untracked 
|  79|0x0000000084f00000, 0x0000000084f00000, 0x0000000085000000|  0%| F|  |TAMS 0x0000000084f00000, 0x0000000084f00000| Untracked 
|  80|0x0000000085000000, 0x0000000085000000, 0x0000000085100000|  0%| F|  |TAMS 0x0000000085000000, 0x0000000085000000| Untracked 
|  81|0x0000000085100000, 0x0000000085100000, 0x0000000085200000|  0%| F|  |TAMS 0x0000000085100000, 0x0000000085100000| Untracked 
|  82|0x0000000085200000, 0x0000000085200000, 0x0000000085300000|  0%| F|  |TAMS 0x0000000085200000, 0x0000000085200000| Untracked 
|  83|0x0000000085300000, 0x0000000085300000, 0x0000000085400000|  0%| F|  |TAMS 0x0000000085300000, 0x0000000085300000| Untracked 
|  84|0x0000000085400000, 0x0000000085500000, 0x0000000085500000|100%| O|  |TAMS 0x0000000085500000, 0x0000000085400000| Complete 
|  85|0x0000000085500000, 0x0000000085500000, 0x0000000085600000|  0%| F|  |TAMS 0x0000000085500000, 0x0000000085500000| Untracked 
|  86|0x0000000085600000, 0x0000000085700000, 0x0000000085700000|100%| O|  |TAMS 0x0000000085700000, 0x0000000085600000| Complete 
|  87|0x0000000085700000, 0x0000000085800000, 0x0000000085800000|100%| O|  |TAMS 0x0000000085800000, 0x0000000085700000| Untracked 
|  88|0x0000000085800000, 0x0000000085900000, 0x0000000085900000|100%| O|  |TAMS 0x0000000085900000, 0x0000000085800000| Untracked 
|  89|0x0000000085900000, 0x0000000085a00000, 0x0000000085a00000|100%| O|  |TAMS 0x0000000085a00000, 0x0000000085900000| Complete 
|  90|0x0000000085a00000, 0x0000000085a00000, 0x0000000085b00000|  0%| F|  |TAMS 0x0000000085a00000, 0x0000000085a00000| Untracked 
|  91|0x0000000085b00000, 0x0000000085c00000, 0x0000000085c00000|100%| O|  |TAMS 0x0000000085c00000, 0x0000000085b00000| Complete 
|  92|0x0000000085c00000, 0x0000000085c00000, 0x0000000085d00000|  0%| F|  |TAMS 0x0000000085c00000, 0x0000000085c00000| Untracked 
|  93|0x0000000085d00000, 0x0000000085e00000, 0x0000000085e00000|100%| O|  |TAMS 0x0000000085e00000, 0x0000000085d00000| Complete 
|  94|0x0000000085e00000, 0x0000000085f00000, 0x0000000085f00000|100%| O|  |TAMS 0x0000000085f00000, 0x0000000085e00000| Complete 
|  95|0x0000000085f00000, 0x0000000086000000, 0x0000000086000000|100%| O|  |TAMS 0x0000000086000000, 0x0000000085f00000| Complete 
|  96|0x0000000086000000, 0x0000000086100000, 0x0000000086100000|100%| O|  |TAMS 0x0000000086100000, 0x0000000086000000| Complete 
|  97|0x0000000086100000, 0x0000000086192e00, 0x0000000086200000| 57%| O|  |TAMS 0x0000000086192e00, 0x0000000086100000| Untracked 
|  98|0x0000000086200000, 0x0000000086200000, 0x0000000086300000|  0%| F|  |TAMS 0x0000000086200000, 0x0000000086200000| Untracked 
|  99|0x0000000086300000, 0x0000000086300000, 0x0000000086400000|  0%| F|  |TAMS 0x0000000086300000, 0x0000000086300000| Untracked 
| 100|0x0000000086400000, 0x0000000086400000, 0x0000000086500000|  0%| F|  |TAMS 0x0000000086400000, 0x0000000086400000| Untracked 
| 101|0x0000000086500000, 0x0000000086500000, 0x0000000086600000|  0%| F|  |TAMS 0x0000000086500000, 0x0000000086500000| Untracked 
| 102|0x0000000086600000, 0x0000000086600000, 0x0000000086700000|  0%| F|  |TAMS 0x0000000086600000, 0x0000000086600000| Untracked 
| 103|0x0000000086700000, 0x0000000086700000, 0x0000000086800000|  0%| F|  |TAMS 0x0000000086700000, 0x0000000086700000| Untracked 
| 104|0x0000000086800000, 0x0000000086800000, 0x0000000086900000|  0%| F|  |TAMS 0x0000000086800000, 0x0000000086800000| Untracked 
| 105|0x0000000086900000, 0x0000000086900000, 0x0000000086a00000|  0%| F|  |TAMS 0x0000000086900000, 0x0000000086900000| Untracked 
| 106|0x0000000086a00000, 0x0000000086a00000, 0x0000000086b00000|  0%| F|  |TAMS 0x0000000086a00000, 0x0000000086a00000| Untracked 
| 107|0x0000000086b00000, 0x0000000086b00000, 0x0000000086c00000|  0%| F|  |TAMS 0x0000000086b00000, 0x0000000086b00000| Untracked 
| 108|0x0000000086c00000, 0x0000000086c00000, 0x0000000086d00000|  0%| F|  |TAMS 0x0000000086c00000, 0x0000000086c00000| Untracked 
| 109|0x0000000086d00000, 0x0000000086d00000, 0x0000000086e00000|  0%| F|  |TAMS 0x0000000086d00000, 0x0000000086d00000| Untracked 
| 110|0x0000000086e00000, 0x0000000086e00000, 0x0000000086f00000|  0%| F|  |TAMS 0x0000000086e00000, 0x0000000086e00000| Untracked 
| 111|0x0000000086f00000, 0x0000000086f00000, 0x0000000087000000|  0%| F|  |TAMS 0x0000000086f00000, 0x0000000086f00000| Untracked 
| 112|0x0000000087000000, 0x0000000087000000, 0x0000000087100000|  0%| F|  |TAMS 0x0000000087000000, 0x0000000087000000| Untracked 
| 113|0x0000000087100000, 0x0000000087100000, 0x0000000087200000|  0%| F|  |TAMS 0x0000000087100000, 0x0000000087100000| Untracked 
| 114|0x0000000087200000, 0x0000000087200000, 0x0000000087300000|  0%| F|  |TAMS 0x0000000087200000, 0x0000000087200000| Untracked 
| 115|0x0000000087300000, 0x0000000087300000, 0x0000000087400000|  0%| F|  |TAMS 0x0000000087300000, 0x0000000087300000| Untracked 
| 116|0x0000000087400000, 0x0000000087400000, 0x0000000087500000|  0%| F|  |TAMS 0x0000000087400000, 0x0000000087400000| Untracked 
| 117|0x0000000087500000, 0x0000000087500000, 0x0000000087600000|  0%| F|  |TAMS 0x0000000087500000, 0x0000000087500000| Untracked 
| 118|0x0000000087600000, 0x0000000087600000, 0x0000000087700000|  0%| F|  |TAMS 0x0000000087600000, 0x0000000087600000| Untracked 
| 119|0x0000000087700000, 0x0000000087700000, 0x0000000087800000|  0%| F|  |TAMS 0x0000000087700000, 0x0000000087700000| Untracked 
| 120|0x0000000087800000, 0x0000000087800000, 0x0000000087900000|  0%| F|  |TAMS 0x0000000087800000, 0x0000000087800000| Untracked 
| 121|0x0000000087900000, 0x0000000087900000, 0x0000000087a00000|  0%| F|  |TAMS 0x0000000087900000, 0x0000000087900000| Untracked 
| 122|0x0000000087a00000, 0x0000000087a00000, 0x0000000087b00000|  0%| F|  |TAMS 0x0000000087a00000, 0x0000000087a00000| Untracked 
| 123|0x0000000087b00000, 0x0000000087b00000, 0x0000000087c00000|  0%| F|  |TAMS 0x0000000087b00000, 0x0000000087b00000| Untracked 
| 124|0x0000000087c00000, 0x0000000087c00000, 0x0000000087d00000|  0%| F|  |TAMS 0x0000000087c00000, 0x0000000087c00000| Untracked 
| 125|0x0000000087d00000, 0x0000000087d00000, 0x0000000087e00000|  0%| F|  |TAMS 0x0000000087d00000, 0x0000000087d00000| Untracked 
| 126|0x0000000087e00000, 0x0000000087e00000, 0x0000000087f00000|  0%| F|  |TAMS 0x0000000087e00000, 0x0000000087e00000| Untracked 
| 127|0x0000000087f00000, 0x0000000087f00000, 0x0000000088000000|  0%| F|  |TAMS 0x0000000087f00000, 0x0000000087f00000| Untracked 
| 128|0x0000000088000000, 0x0000000088000000, 0x0000000088100000|  0%| F|  |TAMS 0x0000000088000000, 0x0000000088000000| Untracked 
| 129|0x0000000088100000, 0x0000000088100000, 0x0000000088200000|  0%| F|  |TAMS 0x0000000088100000, 0x0000000088100000| Untracked 
| 130|0x0000000088200000, 0x0000000088200000, 0x0000000088300000|  0%| F|  |TAMS 0x0000000088200000, 0x0000000088200000| Untracked 
| 131|0x0000000088300000, 0x0000000088300000, 0x0000000088400000|  0%| F|  |TAMS 0x0000000088300000, 0x0000000088300000| Untracked 
| 132|0x0000000088400000, 0x0000000088400000, 0x0000000088500000|  0%| F|  |TAMS 0x0000000088400000, 0x0000000088400000| Untracked 
| 133|0x0000000088500000, 0x0000000088500000, 0x0000000088600000|  0%| F|  |TAMS 0x0000000088500000, 0x0000000088500000| Untracked 
| 134|0x0000000088600000, 0x0000000088600000, 0x0000000088700000|  0%| F|  |TAMS 0x0000000088600000, 0x0000000088600000| Untracked 
| 135|0x0000000088700000, 0x0000000088700000, 0x0000000088800000|  0%| F|  |TAMS 0x0000000088700000, 0x0000000088700000| Untracked 
| 136|0x0000000088800000, 0x0000000088800000, 0x0000000088900000|  0%| F|  |TAMS 0x0000000088800000, 0x0000000088800000| Untracked 
| 137|0x0000000088900000, 0x0000000088900000, 0x0000000088a00000|  0%| F|  |TAMS 0x0000000088900000, 0x0000000088900000| Untracked 
| 138|0x0000000088a00000, 0x0000000088a00000, 0x0000000088b00000|  0%| F|  |TAMS 0x0000000088a00000, 0x0000000088a00000| Untracked 
| 139|0x0000000088b00000, 0x0000000088b00000, 0x0000000088c00000|  0%| F|  |TAMS 0x0000000088b00000, 0x0000000088b00000| Untracked 
| 140|0x0000000088c00000, 0x0000000088c00000, 0x0000000088d00000|  0%| F|  |TAMS 0x0000000088c00000, 0x0000000088c00000| Untracked 
| 141|0x0000000088d00000, 0x0000000088d00000, 0x0000000088e00000|  0%| F|  |TAMS 0x0000000088d00000, 0x0000000088d00000| Untracked 
| 142|0x0000000088e00000, 0x0000000088e00000, 0x0000000088f00000|  0%| F|  |TAMS 0x0000000088e00000, 0x0000000088e00000| Untracked 
| 143|0x0000000088f00000, 0x0000000088f00000, 0x0000000089000000|  0%| F|  |TAMS 0x0000000088f00000, 0x0000000088f00000| Untracked 
| 144|0x0000000089000000, 0x0000000089000000, 0x0000000089100000|  0%| F|  |TAMS 0x0000000089000000, 0x0000000089000000| Untracked 
| 145|0x0000000089100000, 0x0000000089100000, 0x0000000089200000|  0%| F|  |TAMS 0x0000000089100000, 0x0000000089100000| Untracked 
| 146|0x0000000089200000, 0x0000000089200000, 0x0000000089300000|  0%| F|  |TAMS 0x0000000089200000, 0x0000000089200000| Untracked 
| 147|0x0000000089300000, 0x0000000089300000, 0x0000000089400000|  0%| F|  |TAMS 0x0000000089300000, 0x0000000089300000| Untracked 
| 148|0x0000000089400000, 0x0000000089400000, 0x0000000089500000|  0%| F|  |TAMS 0x0000000089400000, 0x0000000089400000| Untracked 
| 149|0x0000000089500000, 0x0000000089500000, 0x0000000089600000|  0%| F|  |TAMS 0x0000000089500000, 0x0000000089500000| Untracked 
| 150|0x0000000089600000, 0x0000000089600000, 0x0000000089700000|  0%| F|  |TAMS 0x0000000089600000, 0x0000000089600000| Untracked 
| 151|0x0000000089700000, 0x0000000089700000, 0x0000000089800000|  0%| F|  |TAMS 0x0000000089700000, 0x0000000089700000| Untracked 
| 152|0x0000000089800000, 0x0000000089800000, 0x0000000089900000|  0%| F|  |TAMS 0x0000000089800000, 0x0000000089800000| Untracked 
| 153|0x0000000089900000, 0x0000000089900000, 0x0000000089a00000|  0%| F|  |TAMS 0x0000000089900000, 0x0000000089900000| Untracked 
| 154|0x0000000089a00000, 0x0000000089a00000, 0x0000000089b00000|  0%| F|  |TAMS 0x0000000089a00000, 0x0000000089a00000| Untracked 
| 155|0x0000000089b00000, 0x0000000089b00000, 0x0000000089c00000|  0%| F|  |TAMS 0x0000000089b00000, 0x0000000089b00000| Untracked 
| 156|0x0000000089c00000, 0x0000000089c00000, 0x0000000089d00000|  0%| F|  |TAMS 0x0000000089c00000, 0x0000000089c00000| Untracked 
| 157|0x0000000089d00000, 0x0000000089d00000, 0x0000000089e00000|  0%| F|  |TAMS 0x0000000089d00000, 0x0000000089d00000| Untracked 
| 158|0x0000000089e00000, 0x0000000089e00000, 0x0000000089f00000|  0%| F|  |TAMS 0x0000000089e00000, 0x0000000089e00000| Untracked 
| 159|0x0000000089f00000, 0x0000000089f00000, 0x000000008a000000|  0%| F|  |TAMS 0x0000000089f00000, 0x0000000089f00000| Untracked 
| 160|0x000000008a000000, 0x000000008a000000, 0x000000008a100000|  0%| F|  |TAMS 0x000000008a000000, 0x000000008a000000| Untracked 
| 161|0x000000008a100000, 0x000000008a124168, 0x000000008a200000| 14%| S|CS|TAMS 0x000000008a100000, 0x000000008a100000| Complete 
| 162|0x000000008a200000, 0x000000008a300000, 0x000000008a300000|100%| S|CS|TAMS 0x000000008a200000, 0x000000008a200000| Complete 
| 163|0x000000008a300000, 0x000000008a400000, 0x000000008a400000|100%| S|CS|TAMS 0x000000008a300000, 0x000000008a300000| Complete 
| 164|0x000000008a400000, 0x000000008a400000, 0x000000008a500000|  0%| F|  |TAMS 0x000000008a400000, 0x000000008a400000| Untracked 
| 165|0x000000008a500000, 0x000000008a500000, 0x000000008a600000|  0%| F|  |TAMS 0x000000008a500000, 0x000000008a500000| Untracked 
| 166|0x000000008a600000, 0x000000008a600000, 0x000000008a700000|  0%| F|  |TAMS 0x000000008a600000, 0x000000008a600000| Untracked 
| 167|0x000000008a700000, 0x000000008a700000, 0x000000008a800000|  0%| F|  |TAMS 0x000000008a700000, 0x000000008a700000| Untracked 
| 168|0x000000008a800000, 0x000000008a800000, 0x000000008a900000|  0%| F|  |TAMS 0x000000008a800000, 0x000000008a800000| Untracked 
| 169|0x000000008a900000, 0x000000008a900000, 0x000000008aa00000|  0%| F|  |TAMS 0x000000008a900000, 0x000000008a900000| Untracked 
| 170|0x000000008aa00000, 0x000000008aa00000, 0x000000008ab00000|  0%| F|  |TAMS 0x000000008aa00000, 0x000000008aa00000| Untracked 
| 171|0x000000008ab00000, 0x000000008ab00000, 0x000000008ac00000|  0%| F|  |TAMS 0x000000008ab00000, 0x000000008ab00000| Untracked 
| 172|0x000000008ac00000, 0x000000008ac00000, 0x000000008ad00000|  0%| F|  |TAMS 0x000000008ac00000, 0x000000008ac00000| Untracked 
| 173|0x000000008ad00000, 0x000000008ad00000, 0x000000008ae00000|  0%| F|  |TAMS 0x000000008ad00000, 0x000000008ad00000| Untracked 
| 174|0x000000008ae00000, 0x000000008ae00000, 0x000000008af00000|  0%| F|  |TAMS 0x000000008ae00000, 0x000000008ae00000| Untracked 
| 175|0x000000008af00000, 0x000000008af00000, 0x000000008b000000|  0%| F|  |TAMS 0x000000008af00000, 0x000000008af00000| Untracked 
| 176|0x000000008b000000, 0x000000008b000000, 0x000000008b100000|  0%| F|  |TAMS 0x000000008b000000, 0x000000008b000000| Untracked 
| 177|0x000000008b100000, 0x000000008b100000, 0x000000008b200000|  0%| F|  |TAMS 0x000000008b100000, 0x000000008b100000| Untracked 

Card table byte_map: [0x0000000015a60000,0x0000000015e60000] _byte_map_base: 0x0000000015660000

Marking Bits (Prev, Next): (CMBitMap*) 0x0000000000151fd8, (CMBitMap*) 0x0000000000152010
 Prev Bits: [0x0000000016260000, 0x0000000018260000)
 Next Bits: [0x0000000018260000, 0x000000001a260000)

Polling page: 0x00000000001c0000

Metaspace:

Usage:
  Non-class:     88.35 MB capacity,    86.97 MB ( 98%) used,     1.12 MB (  1%) free+waste,   271.44 KB ( <1%) overhead. 
      Class:     13.34 MB capacity,    12.50 MB ( 94%) used,   742.82 KB (  5%) free+waste,   119.63 KB ( <1%) overhead. 
       Both:    101.69 MB capacity,    99.46 MB ( 98%) used,     1.84 MB (  2%) free+waste,   391.06 KB ( <1%) overhead. 

Virtual space:
  Non-class space:      102.00 MB reserved,      88.37 MB ( 87%) committed 
      Class space:        1.00 GB reserved,      13.38 MB (  1%) committed 
             Both:        1.10 GB reserved,     101.75 MB (  9%) committed 

Chunk freelists:
   Non-Class:  23.00 KB
       Class:  5.00 KB
        Both:  28.00 KB

MaxMetaspaceSize: 17179869184.00 GB
CompressedClassSpaceSize: 1.00 GB

CodeHeap 'non-profiled nmethods': size=120064Kb used=6629Kb max_used=6629Kb free=113434Kb
 bounds [0x000000000de00000, 0x000000000e480000, 0x0000000015340000]
CodeHeap 'profiled nmethods': size=120000Kb used=25022Kb max_used=25022Kb free=94977Kb
 bounds [0x00000000068d0000, 0x0000000008140000, 0x000000000de00000]
CodeHeap 'non-nmethods': size=5696Kb used=2291Kb max_used=2322Kb free=3404Kb
 bounds [0x0000000006340000, 0x00000000065b0000, 0x00000000068d0000]
 total_blobs=12626 nmethods=11708 adapters=829
 compilation: disabled (not enough contiguous free space left)
              stopped_count=1, restarted_count=0
 full_count=1

Compilation events (20 events):
Event: 164.639 Thread 0x000000005d45a800 11786       4       com.android.ide.common.resources.NodeUtils::processSingleNodeNamespace (107 bytes)
Event: 164.639 Thread 0x000000005d45c800 11795       3       org.apache.xerces.dom.AttrImpl::getNodeValue (5 bytes)
Event: 164.639 Thread 0x000000005d45c800 nmethod 11795 0x000000000813d890 code [0x000000000813da40, 0x000000000813dbe8]
Event: 164.641 Thread 0x000000005d45c800 11798       3       com.google.common.base.CharMatcher::countIn (39 bytes)
Event: 164.641 Thread 0x000000005d45c800 nmethod 11798 0x000000000813dc90 code [0x000000000813de80, 0x000000000813e2c8]
Event: 164.641 Thread 0x000000005d45a800 nmethod 11786 0x000000000e477610 code [0x000000000e4777c0, 0x000000000e477938]
Event: 164.641 Thread 0x000000005d45a800 11796       4       org.apache.xerces.dom.CoreDocumentImpl::getUserData (56 bytes)
Event: 164.642 Thread 0x000000005d45c800 11799       1       com.android.utils.PositionXmlParser$Position::getColumn (5 bytes)
Event: 164.642 Thread 0x000000005d45c800 nmethod 11799 0x000000000e477a90 code [0x000000000e477c40, 0x000000000e477cf8]
Event: 164.642 Thread 0x000000005d45c800 11800       3       com.android.ide.common.blame.SourceFile::getSourcePath (43 bytes)
Event: 164.643 Thread 0x000000005d45c800 nmethod 11800 0x000000000813e410 code [0x000000000813e640, 0x000000000813ede8]
Event: 164.643 Thread 0x000000005d45c800 11802       3       org.apache.xerces.dom.CharacterDataImpl::getNodeValue (16 bytes)
Event: 164.643 Thread 0x000000005d45c800 nmethod 11802 0x000000000813f010 code [0x000000000813f1e0, 0x000000000813f4a8]
Event: 164.644 Thread 0x000000005d45c800 11803       3       com.android.utils.XmlUtils::toXmlTextValue (65 bytes)
Event: 164.645 Thread 0x000000005d45c800 nmethod 11803 0x000000000e477d90 code [0x000000000e478080, 0x000000000e479038]
Event: 164.646 Thread 0x000000005d45c800 11804       3       com.android.ide.common.blame.SourcePosition::<init> (38 bytes)
Event: 164.646 Thread 0x000000005d45c800 nmethod 11804 0x000000000813f590 code [0x000000000813f740, 0x000000000813f8b8]
Event: 164.646 Thread 0x000000005d45c800 11805       3       com.android.utils.PositionXmlParser::getPositionHelper (854 bytes)
Event: 164.674 Thread 0x000000005d45a800 

Event: 164.681 Thread 0x000000005d45c800 


GC Heap History (20 events):
Event: 167.026 GC heap before
{Heap before GC invocations=72 (full 0):
 garbage-first heap   total 182272K, used 142848K [0x0000000080000000, 0x0000000100000000)
  region size 1024K, 41 young (41984K), 6 survivors (6144K)
 Metaspace       used 94225K, capacity 96450K, committed 96508K, reserved 1132544K
  class space    used 12066K, capacity 12901K, committed 12928K, reserved 1048576K
}
Event: 167.075 GC heap after
{Heap after GC invocations=73 (full 0):
 garbage-first heap   total 182272K, used 101888K [0x0000000080000000, 0x0000000100000000)
  region size 1024K, 4 young (4096K), 4 survivors (4096K)
 Metaspace       used 94225K, capacity 96450K, committed 96508K, reserved 1132544K
  class space    used 12066K, capacity 12901K, committed 12928K, reserved 1048576K
}
Event: 167.271 GC heap before
{Heap before GC invocations=73 (full 0):
 garbage-first heap   total 182272K, used 111104K [0x0000000080000000, 0x0000000100000000)
  region size 1024K, 13 young (13312K), 4 survivors (4096K)
 Metaspace       used 94234K, capacity 96451K, committed 96508K, reserved 1132544K
  class space    used 12066K, capacity 12901K, committed 12928K, reserved 1048576K
}
Event: 167.292 GC heap after
{Heap after GC invocations=74 (full 0):
 garbage-first heap   total 182272K, used 102642K [0x0000000080000000, 0x0000000100000000)
  region size 1024K, 1 young (1024K), 1 survivors (1024K)
 Metaspace       used 94234K, capacity 96451K, committed 96508K, reserved 1132544K
  class space    used 12066K, capacity 12901K, committed 12928K, reserved 1048576K
}
Event: 168.118 GC heap before
{Heap before GC invocations=75 (full 0):
 garbage-first heap   total 182272K, used 129266K [0x0000000080000000, 0x0000000100000000)
  region size 1024K, 27 young (27648K), 1 survivors (1024K)
 Metaspace       used 94240K, capacity 96451K, committed 96508K, reserved 1132544K
  class space    used 12066K, capacity 12901K, committed 12928K, reserved 1048576K
}
Event: 168.122 GC heap after
{Heap after GC invocations=76 (full 0):
 garbage-first heap   total 182272K, used 102099K [0x0000000080000000, 0x0000000100000000)
  region size 1024K, 1 young (1024K), 1 survivors (1024K)
 Metaspace       used 94240K, capacity 96451K, committed 96508K, reserved 1132544K
  class space    used 12066K, capacity 12901K, committed 12928K, reserved 1048576K
}
Event: 169.059 GC heap before
{Heap before GC invocations=76 (full 0):
 garbage-first heap   total 182272K, used 129747K [0x0000000080000000, 0x0000000100000000)
  region size 1024K, 29 young (29696K), 1 survivors (1024K)
 Metaspace       used 94322K, capacity 96565K, committed 96892K, reserved 1132544K
  class space    used 12075K, capacity 12937K, committed 13056K, reserved 1048576K
}
Event: 169.077 GC heap after
{Heap after GC invocations=77 (full 0):
 garbage-first heap   total 182272K, used 106101K [0x0000000080000000, 0x0000000100000000)
  region size 1024K, 5 young (5120K), 5 survivors (5120K)
 Metaspace       used 94322K, capacity 96565K, committed 96892K, reserved 1132544K
  class space    used 12075K, capacity 12937K, committed 13056K, reserved 1048576K
}
Event: 171.245 GC heap before
{Heap before GC invocations=78 (full 0):
 garbage-first heap   total 182272K, used 158325K [0x0000000080000000, 0x0000000100000000)
  region size 1024K, 42 young (43008K), 5 survivors (5120K)
 Metaspace       used 97649K, capacity 99870K, committed 100092K, reserved 1136640K
  class space    used 12349K, capacity 13183K, committed 13184K, reserved 1048576K
}
Event: 171.266 GC heap after
{Heap after GC invocations=79 (full 0):
 garbage-first heap   total 182272K, used 106598K [0x0000000080000000, 0x0000000100000000)
  region size 1024K, 5 young (5120K), 5 survivors (5120K)
 Metaspace       used 97649K, capacity 99870K, committed 100092K, reserved 1136640K
  class space    used 12349K, capacity 13183K, committed 13184K, reserved 1048576K
}
Event: 173.238 GC heap before
{Heap before GC invocations=79 (full 0):
 garbage-first heap   total 182272K, used 145510K [0x0000000080000000, 0x0000000100000000)
  region size 1024K, 43 young (44032K), 5 survivors (5120K)
 Metaspace       used 98569K, capacity 100767K, committed 100988K, reserved 1136640K
  class space    used 12407K, capacity 13247K, committed 13312K, reserved 1048576K
}
Event: 173.248 GC heap after
{Heap after GC invocations=80 (full 0):
 garbage-first heap   total 182272K, used 105750K [0x0000000080000000, 0x0000000100000000)
  region size 1024K, 1 young (1024K), 1 survivors (1024K)
 Metaspace       used 98569K, capacity 100767K, committed 100988K, reserved 1136640K
  class space    used 12407K, capacity 13247K, committed 13312K, reserved 1048576K
}
Event: 175.786 GC heap before
{Heap before GC invocations=81 (full 0):
 garbage-first heap   total 182272K, used 137494K [0x0000000080000000, 0x0000000100000000)
  region size 1024K, 43 young (44032K), 1 survivors (1024K)
 Metaspace       used 99128K, capacity 101410K, committed 101500K, reserved 1138688K
  class space    used 12454K, capacity 13312K, committed 13312K, reserved 1048576K
}
Event: 175.793 GC heap after
{Heap after GC invocations=82 (full 0):
 garbage-first heap   total 182272K, used 95264K [0x0000000080000000, 0x0000000100000000)
  region size 1024K, 1 young (1024K), 1 survivors (1024K)
 Metaspace       used 99128K, capacity 101410K, committed 101500K, reserved 1138688K
  class space    used 12454K, capacity 13312K, committed 13312K, reserved 1048576K
}
Event: 176.382 GC heap before
{Heap before GC invocations=82 (full 0):
 garbage-first heap   total 182272K, used 102432K [0x0000000080000000, 0x0000000100000000)
  region size 1024K, 8 young (8192K), 1 survivors (1024K)
 Metaspace       used 99202K, capacity 101484K, committed 101884K, reserved 1138688K
  class space    used 12461K, capacity 13314K, committed 13440K, reserved 1048576K
}
Event: 176.388 GC heap after
{Heap after GC invocations=83 (full 0):
 garbage-first heap   total 182272K, used 88195K [0x0000000080000000, 0x0000000100000000)
  region size 1024K, 1 young (1024K), 1 survivors (1024K)
 Metaspace       used 99202K, capacity 101484K, committed 101884K, reserved 1138688K
  class space    used 12461K, capacity 13314K, committed 13440K, reserved 1048576K
}
Event: 180.504 GC heap before
{Heap before GC invocations=83 (full 0):
 garbage-first heap   total 182272K, used 127107K [0x0000000080000000, 0x0000000100000000)
  region size 1024K, 41 young (41984K), 1 survivors (1024K)
 Metaspace       used 100989K, capacity 103205K, committed 103292K, reserved 1144832K
  class space    used 12680K, capacity 13524K, committed 13568K, reserved 1048576K
}
Event: 180.517 GC heap after
{Heap after GC invocations=84 (full 0):
 garbage-first heap   total 182272K, used 89485K [0x0000000080000000, 0x0000000100000000)
  region size 1024K, 2 young (2048K), 2 survivors (2048K)
 Metaspace       used 100989K, capacity 103205K, committed 103292K, reserved 1144832K
  class space    used 12680K, capacity 13524K, committed 13568K, reserved 1048576K
}
Event: 181.235 GC heap before
{Heap before GC invocations=85 (full 0):
 garbage-first heap   total 182272K, used 102797K [0x0000000080000000, 0x0000000100000000)
  region size 1024K, 16 young (16384K), 2 survivors (2048K)
 Metaspace       used 101850K, capacity 104128K, committed 104188K, reserved 1150976K
  class space    used 12796K, capacity 13659K, committed 13696K, reserved 1048576K
}
Event: 181.250 GC heap after
{Heap after GC invocations=86 (full 0):
 garbage-first heap   total 182272K, used 89819K [0x0000000080000000, 0x0000000100000000)
  region size 1024K, 3 young (3072K), 3 survivors (3072K)
 Metaspace       used 101850K, capacity 104128K, committed 104188K, reserved 1150976K
  class space    used 12796K, capacity 13659K, committed 13696K, reserved 1048576K
}

Deoptimization events (20 events):
Event: 179.082 Thread 0x0000000061315000 DEOPT PACKING pc=0x000000000e4383cc sp=0x000000006b21a240
Event: 179.082 Thread 0x0000000061315000 DEOPT UNPACKING pc=0x0000000006366929 sp=0x000000006b21a1e0 mode 2
Event: 179.443 Thread 0x0000000061315000 Uncommon trap: trap_request=0xffffff4d fr.pc=0x000000000e461f10 relative=0x0000000000000230
Event: 179.443 Thread 0x0000000061315000 Uncommon trap: reason=unstable_if action=reinterpret pc=0x000000000e461f10 method=java.util.regex.Matcher.match(II)Z @ 30 c2
Event: 179.443 Thread 0x0000000061315000 DEOPT PACKING pc=0x000000000e461f10 sp=0x000000006b21a2e0
Event: 179.443 Thread 0x0000000061315000 DEOPT UNPACKING pc=0x0000000006366929 sp=0x000000006b21a268 mode 2
Event: 179.791 Thread 0x0000000061315000 Uncommon trap: trap_request=0xffffff4d fr.pc=0x000000000e1b3f28 relative=0x0000000000000548
Event: 179.791 Thread 0x0000000061315000 Uncommon trap: reason=unstable_if action=reinterpret pc=0x000000000e1b3f28 method=java.lang.AbstractStringBuilder.append(Ljava/lang/String;)Ljava/lang/AbstractStringBuilder; @ 1 c2
Event: 179.791 Thread 0x0000000061315000 DEOPT PACKING pc=0x000000000e1b3f28 sp=0x000000006b21a040
Event: 179.791 Thread 0x0000000061315000 DEOPT UNPACKING pc=0x0000000006366929 sp=0x000000006b21a008 mode 2
Event: 179.856 Thread 0x0000000061315000 Uncommon trap: trap_request=0xffffffde fr.pc=0x000000000e3713a8 relative=0x00000000000005c8
Event: 179.856 Thread 0x0000000061315000 Uncommon trap: reason=class_check action=maybe_recompile pc=0x000000000e3713a8 method=java.util.HashMap.removeNode(ILjava/lang/Object;Ljava/lang/Object;ZZ)Ljava/util/HashMap$Node; @ 68 c2
Event: 179.856 Thread 0x0000000061315000 DEOPT PACKING pc=0x000000000e3713a8 sp=0x000000006b21a160
Event: 179.856 Thread 0x0000000061315000 DEOPT UNPACKING pc=0x0000000006366929 sp=0x000000006b21a0f8 mode 2
Event: 180.571 Thread 0x0000000061315000 Uncommon trap: trap_request=0xffffff4d fr.pc=0x000000000e416bf4 relative=0x0000000000004854
Event: 180.571 Thread 0x0000000061315000 Uncommon trap: reason=unstable_if action=reinterpret pc=0x000000000e416bf4 method=java.lang.String.split(Ljava/lang/String;I)[Ljava/lang/String; @ 256 c2
Event: 180.571 Thread 0x0000000061315000 DEOPT PACKING pc=0x000000000e416bf4 sp=0x000000006b21a490
Event: 180.571 Thread 0x0000000061315000 DEOPT UNPACKING pc=0x0000000006366929 sp=0x000000006b21a498 mode 2
Event: 180.599 Thread 0x0000000061315000 DEOPT PACKING pc=0x000000000767a5dd sp=0x000000006b21a060
Event: 180.599 Thread 0x0000000061315000 DEOPT UNPACKING pc=0x000000000636673f sp=0x000000006b219518 mode 0

Classes redefined (0 events):
No events

Internal exceptions (20 events):
Event: 136.202 Thread 0x0000000061314000 Exception <a 'java/lang/NoSuchMethodError'{0x000000008930c7b0}: <clinit>> (0x000000008930c7b0) thrown at [./src/hotspot/share/prims/jni.cpp, line 1362]
Event: 136.563 Thread 0x000000005f54e000 Exception <a 'java/lang/NoSuchMethodError'{0x0000000089136698}: <clinit>> (0x0000000089136698) thrown at [./src/hotspot/share/prims/jni.cpp, line 1362]
Event: 136.593 Thread 0x0000000061315000 Exception <a 'java/lang/NoSuchMethodError'{0x0000000089151790}: 'java.lang.Object java.lang.invoke.Invokers$Holder.linkToTargetMethod(java.lang.Object, java.lang.Object, java.lang.Object, int, java.lang.Object, java.lang.Object)'> (0x0000000089151790) thrown at [./src/hotspot/share/interpreter/linkResolver.cpp, line 773]
Event: 140.488 Thread 0x0000000061315000 Exception <a 'java/lang/NoSuchMethodError'{0x0000000087bd1ea0}: 'java.lang.Object java.lang.invoke.DirectMethodHandle$Holder.invokeSpecialIFC(java.lang.Object, java.lang.Object, java.lang.Object)'> (0x0000000087bd1ea0) thrown at [./src/hotspot/share/interpreter/linkResolver.cpp, line 773]
Event: 144.119 Thread 0x0000000061315000 Exception <a 'java/lang/NoSuchMethodError'{0x00000000878e50e8}: 'int java.lang.invoke.DirectMethodHandle$Holder.invokeStaticInit(java.lang.Object, java.lang.Object, java.lang.Object, java.lang.Object, java.lang.Object)'> (0x00000000878e50e8) thrown at [./src/hotspot/share/interpreter/linkResolver.cpp, line 773]
Event: 144.357 Thread 0x0000000061315000 Exception <a 'java/lang/NoSuchMethodError'{0x00000000874d13e0}: 'void java.lang.invoke.DirectMethodHandle$Holder.invokeStatic(java.lang.Object, java.lang.Object, java.lang.Object, java.lang.Object, java.lang.Object, java.lang.Object, java.lang.Object)'> (0x00000000874d13e0) thrown at [./src/hotspot/share/interpreter/linkResolver.cpp, line 773]
Event: 152.567 Thread 0x0000000061310000 Implicit null exception at 0x000000000e3904e1 to 0x000000000e390d00
Event: 153.038 Thread 0x0000000061310000 Implicit null exception at 0x000000000e39e342 to 0x000000000e39e758
Event: 155.920 Thread 0x0000000061315000 Exception <a 'java/lang/IncompatibleClassChangeError'{0x0000000088bb7288}: Found class java.lang.Object, but interface was expected> (0x0000000088bb7288) thrown at [./src/hotspot/share/interpreter/linkResolver.cpp, line 839]
Event: 156.455 Thread 0x000000005f54e000 Exception <a 'java/lang/NoSuchMethodError'{0x0000000088594bc0}: <clinit>> (0x0000000088594bc0) thrown at [./src/hotspot/share/prims/jni.cpp, line 1362]
Event: 164.363 Thread 0x00000000604e0800 Implicit null exception at 0x000000000e454ddc to 0x000000000e455b24
Event: 169.591 Thread 0x00000000604e0800 Exception <a 'java/lang/NoSuchMethodError'{0x000000008aeda258}: <clinit>> (0x000000008aeda258) thrown at [./src/hotspot/share/prims/jni.cpp, line 1362]
Event: 176.187 Thread 0x0000000061315000 Exception <a 'java/lang/NoSuchMethodError'{0x000000008ab38d10}: <clinit>> (0x000000008ab38d10) thrown at [./src/hotspot/share/prims/jni.cpp, line 1362]
Event: 178.819 Thread 0x0000000061315000 Exception <a 'sun/nio/fs/WindowsException'{0x0000000089ccd1c8}> (0x0000000089ccd1c8) thrown at [./src/hotspot/share/prims/jni.cpp, line 615]
Event: 178.819 Thread 0x0000000061315000 Exception <a 'sun/nio/fs/WindowsException'{0x0000000089cce060}> (0x0000000089cce060) thrown at [./src/hotspot/share/prims/jni.cpp, line 615]
Event: 178.820 Thread 0x0000000061315000 Exception <a 'sun/nio/fs/WindowsException'{0x0000000089cce300}> (0x0000000089cce300) thrown at [./src/hotspot/share/prims/jni.cpp, line 615]
Event: 178.820 Thread 0x0000000061315000 Exception <a 'sun/nio/fs/WindowsException'{0x0000000089ccf160}> (0x0000000089ccf160) thrown at [./src/hotspot/share/prims/jni.cpp, line 615]
Event: 178.820 Thread 0x0000000061315000 Exception <a 'sun/nio/fs/WindowsException'{0x0000000089ccf3c8}> (0x0000000089ccf3c8) thrown at [./src/hotspot/share/prims/jni.cpp, line 615]
Event: 178.820 Thread 0x0000000061315000 Exception <a 'sun/nio/fs/WindowsException'{0x0000000089cd0210}> (0x0000000089cd0210) thrown at [./src/hotspot/share/prims/jni.cpp, line 615]
Event: 179.791 Thread 0x0000000061315000 Implicit null exception at 0x000000000e1b3a04 to 0x000000000e1b3f14

Events (20 events):
Event: 181.204 loading class kotlin/reflect/jvm/internal/impl/load/java/lazy/LazyJavaResolverContext done
Event: 181.206 loading class kotlin/reflect/jvm/internal/impl/load/java/lazy/TypeParameterResolver$EMPTY
Event: 181.206 loading class kotlin/reflect/jvm/internal/impl/load/java/lazy/TypeParameterResolver$EMPTY done
Event: 181.207 loading class kotlin/reflect/jvm/internal/impl/load/java/lazy/TypeParameterResolver
Event: 181.207 loading class kotlin/reflect/jvm/internal/impl/load/java/lazy/TypeParameterResolver done
Event: 181.208 loading class kotlin/reflect/jvm/internal/impl/load/java/lazy/types/JavaTypeResolver
Event: 181.208 loading class kotlin/reflect/jvm/internal/impl/load/java/lazy/types/JavaTypeResolver done
Event: 181.212 loading class kotlin/reflect/jvm/internal/impl/storage/LockBasedStorageManager$CacheWithNotNullValuesBasedOnMemoizedFunction
Event: 181.212 loading class kotlin/reflect/jvm/internal/impl/storage/LockBasedStorageManager$CacheWithNotNullValuesBasedOnMemoizedFunction done
Event: 181.213 loading class kotlin/reflect/jvm/internal/impl/load/kotlin/JavaClassDataFinder
Event: 181.213 loading class kotlin/reflect/jvm/internal/impl/load/kotlin/JavaClassDataFinder done
Event: 181.214 loading class kotlin/reflect/jvm/internal/impl/serialization/deserialization/ClassDataFinder
Event: 181.214 loading class kotlin/reflect/jvm/internal/impl/serialization/deserialization/ClassDataFinder done
Event: 181.216 loading class kotlin/reflect/jvm/internal/impl/load/kotlin/BinaryClassAnnotationAndConstantLoaderImpl
Event: 181.216 loading class kotlin/reflect/jvm/internal/impl/load/kotlin/BinaryClassAnnotationAndConstantLoaderImpl done
Event: 181.217 loading class kotlin/reflect/jvm/internal/impl/load/kotlin/AbstractBinaryClassAnnotationAndConstantLoader
Event: 181.217 loading class kotlin/reflect/jvm/internal/impl/load/kotlin/AbstractBinaryClassAnnotationAndConstantLoader done
Event: 181.220 loading class kotlin/reflect/jvm/internal/impl/serialization/deserialization/AnnotationAndConstantLoader
Event: 181.220 loading class kotlin/reflect/jvm/internal/impl/serialization/deserialization/AnnotationAndConstantLoader done
Event: 181.233 Executing VM operation: CollectForMetadataAllocation


Dynamic libraries:
0x000000013fc50000 - 0x000000013fc5a000 	C:\Program Files\Android\Android Studio\jre\bin\java.exe
0x00000000773e0000 - 0x0000000077589000 	C:\Windows\SYSTEM32\ntdll.dll
0x00000000771c0000 - 0x00000000772df000 	C:\Windows\system32\kernel32.dll
0x000007fefd670000 - 0x000007fefd6db000 	C:\Windows\system32\KERNELBASE.dll
0x000007fef1680000 - 0x000007fef1699000 	C:\Program Files\Android\Android Studio\jre\bin\jli.dll
0x000007fef8930000 - 0x000007fef8b24000 	C:\Windows\WinSxS\amd64_microsoft.windows.common-controls_6595b64144ccf1df_6.0.7601.17514_none_fa396087175ac9ac\COMCTL32.dll
0x000007fefd900000 - 0x000007fefd99f000 	C:\Windows\system32\msvcrt.dll
0x000007fefe8a0000 - 0x000007fefe907000 	C:\Windows\system32\GDI32.dll
0x00000000772e0000 - 0x00000000773da000 	C:\Windows\system32\USER32.dll
0x000007fefd8f0000 - 0x000007fefd8fe000 	C:\Windows\system32\LPK.dll
0x000007fefde70000 - 0x000007fefdf39000 	C:\Windows\system32\USP10.dll
0x000007fefdb20000 - 0x000007fefdb91000 	C:\Windows\system32\SHLWAPI.dll
0x000007feeaf20000 - 0x000007feeaf37000 	C:\Program Files\Android\Android Studio\jre\bin\VCRUNTIME140.dll
0x000007fefa0b0000 - 0x000007fefa0b4000 	C:\Windows\system32\api-ms-win-crt-runtime-l1-1-0.dll
0x000007fef9fb0000 - 0x000007fefa0a2000 	C:\Windows\system32\ucrtbase.DLL
0x000007fef9fa0000 - 0x000007fef9fa3000 	C:\Windows\system32\api-ms-win-core-timezone-l1-1-0.dll
0x000007fef9f90000 - 0x000007fef9f93000 	C:\Windows\system32\api-ms-win-core-file-l2-1-0.dll
0x000007fef9f80000 - 0x000007fef9f83000 	C:\Windows\system32\api-ms-win-core-localization-l1-2-0.dll
0x000007fef9f70000 - 0x000007fef9f73000 	C:\Windows\system32\api-ms-win-core-synch-l1-2-0.dll
0x000007fef9f60000 - 0x000007fef9f63000 	C:\Windows\system32\api-ms-win-core-processthreads-l1-1-1.dll
0x000007fef9f50000 - 0x000007fef9f53000 	C:\Windows\system32\api-ms-win-core-file-l1-2-0.dll
0x000007fef9f40000 - 0x000007fef9f44000 	C:\Windows\system32\api-ms-win-crt-string-l1-1-0.dll
0x000007fef9f30000 - 0x000007fef9f33000 	C:\Windows\system32\api-ms-win-crt-heap-l1-1-0.dll
0x000007fef9f20000 - 0x000007fef9f24000 	C:\Windows\system32\api-ms-win-crt-stdio-l1-1-0.dll
0x000007fef9f10000 - 0x000007fef9f14000 	C:\Windows\system32\api-ms-win-crt-convert-l1-1-0.dll
0x000007fef9eb0000 - 0x000007fef9eb3000 	C:\Windows\system32\api-ms-win-crt-environment-l1-1-0.dll
0x000007fef9ec0000 - 0x000007fef9ec3000 	C:\Windows\system32\api-ms-win-crt-filesystem-l1-1-0.dll
0x000007fef9ef0000 - 0x000007fef9ef5000 	C:\Windows\system32\api-ms-win-crt-math-l1-1-0.dll
0x000007fef9f00000 - 0x000007fef9f03000 	C:\Windows\system32\api-ms-win-crt-locale-l1-1-0.dll
0x000007fefe1b0000 - 0x000007fefe1de000 	C:\Windows\system32\IMM32.DLL
0x000007fefd700000 - 0x000007fefd809000 	C:\Windows\system32\MSCTF.dll
0x000007feeacd0000 - 0x000007feead6d000 	C:\Program Files\Android\Android Studio\jre\bin\msvcp140.dll
0x000007fef9ee0000 - 0x000007fef9ee5000 	C:\Windows\system32\api-ms-win-crt-multibyte-l1-1-0.dll
0x000007fef9ed0000 - 0x000007fef9ed3000 	C:\Windows\system32\api-ms-win-crt-time-l1-1-0.dll
0x000007fef9ea0000 - 0x000007fef9ea3000 	C:\Windows\system32\api-ms-win-crt-utility-l1-1-0.dll
0x000007fee7790000 - 0x000007fee825f000 	C:\Program Files\Android\Android Studio\jre\bin\server\jvm.dll
0x000007fefdd90000 - 0x000007fefde6b000 	C:\Windows\system32\ADVAPI32.dll
0x000007fefdba0000 - 0x000007fefdbbf000 	C:\Windows\SYSTEM32\sechost.dll
0x000007fefe330000 - 0x000007fefe45d000 	C:\Windows\system32\RPCRT4.dll
0x000007fef0e60000 - 0x000007fef0e69000 	C:\Windows\system32\WSOCK32.dll
0x000007feff6a0000 - 0x000007feff6ed000 	C:\Windows\system32\WS2_32.dll
0x000007fefe1e0000 - 0x000007fefe1e8000 	C:\Windows\system32\NSI.dll
0x000007fefc280000 - 0x000007fefc2bb000 	C:\Windows\system32\WINMM.dll
0x000007fefc1e0000 - 0x000007fefc1ec000 	C:\Windows\system32\VERSION.dll
0x00000000775b0000 - 0x00000000775b7000 	C:\Windows\system32\PSAPI.DLL
0x000007feec9c0000 - 0x000007feec9d1000 	C:\Program Files\Android\Android Studio\jre\bin\verify.dll
0x000007fef4770000 - 0x000007fef4895000 	C:\Windows\system32\DBGHELP.DLL
0x000007feec990000 - 0x000007feec9b9000 	C:\Program Files\Android\Android Studio\jre\bin\java.dll
0x000007feed1e0000 - 0x000007feed1eb000 	C:\Program Files\Android\Android Studio\jre\bin\jimage.dll
0x000007feec970000 - 0x000007feec988000 	C:\Program Files\Android\Android Studio\jre\bin\zip.dll
0x000007fefe910000 - 0x000007feff698000 	C:\Windows\system32\SHELL32.dll
0x000007fefdfa0000 - 0x000007fefe1a3000 	C:\Windows\system32\ole32.dll
0x000007fefd330000 - 0x000007fefd33f000 	C:\Windows\system32\profapi.dll
0x000007feec8c0000 - 0x000007feec8da000 	C:\Program Files\Android\Android Studio\jre\bin\net.dll
0x000007fef6660000 - 0x000007fef66d1000 	C:\Windows\system32\WINHTTP.dll
0x000007fef65b0000 - 0x000007fef6614000 	C:\Windows\system32\webio.dll
0x000007fefcb60000 - 0x000007fefcbb5000 	C:\Windows\system32\mswsock.dll
0x000007fefcb50000 - 0x000007fefcb57000 	C:\Windows\System32\wship6.dll
0x000007feec8a0000 - 0x000007feec8b4000 	C:\Program Files\Android\Android Studio\jre\bin\nio.dll
0x000007fef17e0000 - 0x000007fef1807000 	C:\Users\Anu\.gradle\native\8bec1ad78214c89d9ad589b4d07fe93259594b29d510b10fafb7a158f7737e5d\windows-amd64\native-platform.dll
0x000007feea550000 - 0x000007feea68d000 	C:\Users\Anu\.gradle\native\53dbd7edfb1c66fb8903c78663c9afc45aea4f116125fa6feffd364cf09443e8\windows-amd64\native-platform-file-events.dll
0x000007feec890000 - 0x000007feec89a000 	C:\Program Files\Android\Android Studio\jre\bin\management.dll
0x000007feec880000 - 0x000007feec88c000 	C:\Program Files\Android\Android Studio\jre\bin\management_ext.dll
0x000007fefcbc0000 - 0x000007fefcbd7000 	C:\Windows\system32\CRYPTSP.dll
0x000007fefc8c0000 - 0x000007fefc907000 	C:\Windows\system32\rsaenh.dll
0x000007fefc680000 - 0x000007fefc69e000 	C:\Windows\system32\USERENV.dll
0x000007fefd260000 - 0x000007fefd26f000 	C:\Windows\system32\CRYPTBASE.dll
0x000007fefb600000 - 0x000007fefb627000 	C:\Windows\system32\IPHLPAPI.DLL
0x000007fefb5f0000 - 0x000007fefb5fb000 	C:\Windows\system32\WINNSI.DLL
0x000007fefb5d0000 - 0x000007fefb5e8000 	C:\Windows\system32\dhcpcsvc.DLL
0x000007fefb5b0000 - 0x000007fefb5c1000 	C:\Windows\system32\dhcpcsvc6.DLL

dbghelp: loaded successfully - version: 4.0.5 - missing functions: none
symbol engine: initialized successfully - sym options: 0x614 - pdb path: .;C:\Program Files\Android\Android Studio\jre\bin;C:\Windows\SYSTEM32;C:\Windows\WinSxS\amd64_microsoft.windows.common-controls_6595b64144ccf1df_6.0.7601.17514_none_fa396087175ac9ac;C:\Program Files\Android\Android Studio\jre\bin\server;C:\Users\Anu\.gradle\native\8bec1ad78214c89d9ad589b4d07fe93259594b29d510b10fafb7a158f7737e5d\windows-amd64;C:\Users\Anu\.gradle\native\53dbd7edfb1c66fb8903c78663c9afc45aea4f116125fa6feffd364cf09443e8\windows-amd64

VM Arguments:
jvm_args: --add-opens=java.base/java.util=ALL-UNNAMED --add-opens=java.base/java.lang=ALL-UNNAMED --add-opens=java.base/java.lang.invoke=ALL-UNNAMED --add-opens=java.base/java.util=ALL-UNNAMED --add-opens=java.prefs/java.util.prefs=ALL-UNNAMED --add-opens=java.prefs/java.util.prefs=ALL-UNNAMED --add-opens=java.base/java.nio.charset=ALL-UNNAMED --add-opens=java.base/java.net=ALL-UNNAMED --add-opens=java.base/java.util.concurrent.atomic=ALL-UNNAMED -Xmx2048m -Dfile.encoding=UTF-8 -Duser.country=US -Duser.language=en -Duser.variant 
java_command: org.gradle.launcher.daemon.bootstrap.GradleDaemon 7.0.2
java_class_path (initial): C:\Users\Anu\.gradle\wrapper\dists\gradle-7.0.2-bin\857tjihv64xamwrf0h14cai3r\gradle-7.0.2\lib\gradle-launcher-7.0.2.jar
Launcher Type: SUN_STANDARD

[Global flags]
     intx CICompilerCount                          = 2                                         {product} {ergonomic}
     uint ConcGCThreads                            = 1                                         {product} {ergonomic}
     uint G1ConcRefinementThreads                  = 2                                         {product} {ergonomic}
   size_t G1HeapRegionSize                         = 1048576                                   {product} {ergonomic}
    uintx GCDrainStackTargetSize                   = 64                                        {product} {ergonomic}
   size_t InitialHeapSize                          = 50331648                                  {product} {ergonomic}
   size_t MarkStackSize                            = 4194304                                   {product} {ergonomic}
   size_t MaxHeapSize                              = 2147483648                                {product} {command line}
   size_t MaxNewSize                               = 1287651328                                {product} {ergonomic}
   size_t MinHeapDeltaBytes                        = 1048576                                   {product} {ergonomic}
    uintx NonNMethodCodeHeapSize                   = 5825164                                {pd product} {ergonomic}
    uintx NonProfiledCodeHeapSize                  = 122916538                              {pd product} {ergonomic}
    uintx ProfiledCodeHeapSize                     = 122916538                              {pd product} {ergonomic}
    uintx ReservedCodeCacheSize                    = 251658240                              {pd product} {ergonomic}
     bool SegmentedCodeCache                       = true                                      {product} {ergonomic}
     bool UseCompressedClassPointers               = true                                 {lp64_product} {ergonomic}
     bool UseCompressedOops                        = true                                 {lp64_product} {ergonomic}
     bool UseG1GC                                  = true                                      {product} {ergonomic}
     bool UseLargePagesIndividualAllocation        = false                                  {pd product} {ergonomic}

Logging:
Log output configuration:
 #0: stdout all=warning uptime,level,tags
 #1: stderr all=off uptime,level,tags

Environment Variables:
JAVA_HOME=C:\Program Files\Android\Android Studio\jre
PATH=C:\Windows\system32;C:\Windows;C:\Windows\System32\Wbem;C:\Windows\System32\WindowsPowerShell\v1.0\
USERNAME=Anu
OS=Windows_NT
PROCESSOR_IDENTIFIER=Intel64 Family 6 Model 23 Stepping 10, GenuineIntel



---------------  S Y S T E M  ---------------

OS: Windows 7 , 64 bit Build 7601 (6.1.7601.17514)
OS uptime: 0 days 5:31 hours

CPU:total 2 (initial active 2) (2 cores per cpu, 1 threads per core) family 6 model 23 stepping 10 microcode 0x0, cmov, cx8, fxsr, mmx, sse, sse2, sse3, ssse3, sse4.1, tsc

Memory: 4k page, system-wide physical 3034M (70M free)
TotalPageFile size 4297M (AvailPageFile size 2M)
current process WorkingSet (physical memory assigned to process): 412M, peak: 415M
current process commit charge ("private bytes"): 453M, peak: 454M

vm_info: OpenJDK 64-Bit Server VM (11.0.10+0-b96-7249189) for windows-amd64 JRE (11.0.10+0-b96-7249189), built on Mar 31 2021 21:44:00 by "builder" with MS VC++ 14.0 (VS2015)

END.
